[2016-09-16 23:06:55] alias_create_execute
alias_create_execute () 
{ 
    for _path in "$rvm_rubies_path" "$rvm_environments_path" "$rvm_wrappers_path";
    do
        if [[ -L "$_path/$alias_name" ]]; then
            \command \rm -fv "$_path/$alias_name" || return $?;
        fi;
        \command \ln -fs "$_path/$rvm_ruby_string" "$_path/$alias_name" || return $?;
    done;
    __rvm_db_ "$rvm_path/config/alias" "$alias_name" "$rvm_ruby_string"
}
current path: /Users/elliot
GEM_HOME=/Users/elliot/.rvm/gems/ruby-2.1.10
PATH=/Users/elliot/.rvm/gems/ruby-2.1.10/bin:/Users/elliot/.rvm/gems/ruby-2.1.10@global/bin:/Users/elliot/.rvm/rubies/ruby-2.1.10/bin:/Users/elliot/.rvm/bin:/usr/local/bin:/usr/bin:/bin:/usr/sbin:/sbin
GEM_PATH=/Users/elliot/.rvm/gems/ruby-2.1.10:/Users/elliot/.rvm/gems/ruby-2.1.10@global
command(1): alias_create_execute
+ for _path in '"$rvm_rubies_path"' '"$rvm_environments_path"' '"$rvm_wrappers_path"'
+ [[ -L /Users/elliot/.rvm/rubies/default ]]
+ command ln -fs /Users/elliot/.rvm/rubies/ruby-2.1.10 /Users/elliot/.rvm/rubies/default
+ ln -fs /Users/elliot/.rvm/rubies/ruby-2.1.10 /Users/elliot/.rvm/rubies/default
+ for _path in '"$rvm_rubies_path"' '"$rvm_environments_path"' '"$rvm_wrappers_path"'
+ [[ -L /Users/elliot/.rvm/environments/default ]]
+ command ln -fs /Users/elliot/.rvm/environments/ruby-2.1.10 /Users/elliot/.rvm/environments/default
+ ln -fs /Users/elliot/.rvm/environments/ruby-2.1.10 /Users/elliot/.rvm/environments/default
+ for _path in '"$rvm_rubies_path"' '"$rvm_environments_path"' '"$rvm_wrappers_path"'
+ [[ -L /Users/elliot/.rvm/wrappers/default ]]
+ command ln -fs /Users/elliot/.rvm/wrappers/ruby-2.1.10 /Users/elliot/.rvm/wrappers/default
+ ln -fs /Users/elliot/.rvm/wrappers/ruby-2.1.10 /Users/elliot/.rvm/wrappers/default
+ __rvm_db_ /Users/elliot/.rvm/config/alias default ruby-2.1.10
+ typeset __db __key __value
+ __db=/Users/elliot/.rvm/config/alias
+ __key=default
+ shift 2
+ __value=ruby-2.1.10
+ case "${__value}" in
+ __rvm_db_add /Users/elliot/.rvm/config/alias default ruby-2.1.10
+ typeset __dir=/Users/elliot/.rvm/config
+ [[ -f /Users/elliot/.rvm/config/alias ]]
+ __rvm_db_remove /Users/elliot/.rvm/config/alias default
+ [[ -f /Users/elliot/.rvm/config/alias ]]
+ __rvm_sed -e '\#^default=# d' -e '/^$/d' /Users/elliot/.rvm/config/alias
+ sed -e '\#^default=# d' -e '/^$/d' /Users/elliot/.rvm/config/alias
+ command mv -f /Users/elliot/.rvm/config/alias.new /Users/elliot/.rvm/config/alias
+ mv -f /Users/elliot/.rvm/config/alias.new /Users/elliot/.rvm/config/alias
+ printf '%b=%b\n' default ruby-2.1.10
