+requirements_osx_brew_update_system:3> __rvm_version_compare 10.11 -ge 10.7
+__rvm_version_compare:2> typeset first
+__rvm_version_compare:3> first=+__rvm_version_compare:3> printf %b '10.11\n10.7\n'
+__rvm_version_compare:3> first=+__rvm_version_compare:3> __rvm_version_sort
+__rvm_version_compare:3> first=+__rvm_version_compare:3> head -n1
+__rvm_version_sort:2> LC_ALL=C sort -t. -k 1,1n -k 2,2n -k 3,3n -k 4,4n -k 5,5n
+__rvm_version_compare:3> first=10.7 
+__rvm_version_compare:5> case -ge (-eq|==|=)
+__rvm_version_compare:5> case -ge (-ne|!=)
+__rvm_version_compare:5> case -ge (-gt|\>)
+__rvm_version_compare:5> case -ge (-ge|\>=)
+__rvm_version_compare:19> [[ 10.7 == head ]]
+__rvm_version_compare:21> [[ 10.7 == 10.7 ]]
+__rvm_version_compare:41> return 0
+requirements_osx_brew_update_system:5> __rvm_detect_xcode_version_at_least 4.6.2
+__rvm_detect_xcode_version_at_least:2> __rvm_detect_xcode_version
+__rvm_detect_xcode_version:2> typeset version_file
+__rvm_detect_xcode_version:3> version_file=/Applications/Xcode.app/Contents/version.plist
+__rvm_detect_xcode_version:8> [[ -f /Applications/Xcode.app/Contents/version.plist ]]
+__rvm_detect_xcode_version:11> [[ -x /usr/libexec/PlistBuddy ]]
+__rvm_detect_xcode_version:13> /usr/libexec/PlistBuddy -c 'Print CFBundleShortVersionString' /Applications/Xcode.app/Contents/version.plist
+__rvm_detect_xcode_version:17> return 0
+__rvm_detect_xcode_version_at_least:2> typeset '__xcode_version=8.0'
+__rvm_detect_xcode_version_at_least:3> [[ -n 8.0 ]]
+__rvm_detect_xcode_version_at_least:4> __rvm_version_compare 8.0 -ge 4.6.2
+__rvm_version_compare:2> typeset first
+__rvm_version_compare:3> first=+__rvm_version_compare:3> printf %b '8.0\n4.6.2\n'
+__rvm_version_compare:3> first=+__rvm_version_compare:3> __rvm_version_sort
+__rvm_version_compare:3> first=+__rvm_version_compare:3> head -n1
+__rvm_version_sort:2> LC_ALL=C sort -t. -k 1,1n -k 2,2n -k 3,3n -k 4,4n -k 5,5n
+__rvm_version_compare:3> first=4.6.2 
+__rvm_version_compare:5> case -ge (-eq|==|=)
+__rvm_version_compare:5> case -ge (-ne|!=)
+__rvm_version_compare:5> case -ge (-gt|\>)
+__rvm_version_compare:5> case -ge (-ge|\>=)
+__rvm_version_compare:19> [[ 4.6.2 == head ]]
+__rvm_version_compare:21> [[ 4.6.2 == 4.6.2 ]]
+__rvm_version_compare:41> return 0
+__rvm_detect_xcode_version_at_least:5> true
+requirements_osx_brew_update_system:19> brew update
Updated 1 tap (homebrew/core).
==> Updated Formulae
crystal-lang
