2020-10-12 14:12:47,005 DEBUG    root            Loaded Command Group: ['gcloud', 'auth']
2020-10-12 14:12:47,018 DEBUG    root            Loaded Command Group: ['gcloud', 'auth', 'configure_docker']
2020-10-12 14:12:47,021 DEBUG    root            Running [gcloud.auth.configure-docker] with arguments: [--quiet: "True"]
2020-10-12 14:12:49,874 WARNING  root            Your config file at [/Users/elliotevans/.docker/config.json] contains these credential helper entries:

{
  "credHelpers": {
    "us.gcr.io": "gcloud",
    "asia.gcr.io": "gcloud",
    "marketplace.gcr.io": "gcloud",
    "staging-k8s.gcr.io": "gcloud",
    "gcr.io": "gcloud",
    "eu.gcr.io": "gcloud"
  }
}
2020-10-12 14:12:49,906 INFO     ___FILE_ONLY___ Adding credentials for all GCR repositories.

2020-10-12 14:12:49,907 WARNING  root            A long list of credential helpers may cause delays running 'docker build'. We recommend passing the registry name to configure only the registry you are using.
2020-10-12 14:12:49,907 INFO     ___FILE_ONLY___ gcloud credential helpers already registered correctly.

2020-10-12 14:12:49,909 INFO     root            Display format: "default"
2020-10-12 14:12:49,912 DEBUG    root            Checking for updates...
2020-10-12 14:12:50,261 DEBUG    root            Updating notification cache...
2020-10-12 14:12:50,262 DEBUG    root            Activating notification: [default]
