2020-11-01 16:39:42,307 DEBUG    root            Loaded Command Group: [u'gcloud', u'components']
2020-11-01 16:39:42,313 DEBUG    root            Loaded Command Group: [u'gcloud', u'components', u'update']
2020-11-01 16:39:42,318 DEBUG    root            Running [gcloud.components.update] with arguments: [--quiet: "True"]
2020-11-01 16:39:42,890 INFO     ___FILE_ONLY___ 

2020-11-01 16:39:42,891 INFO     ___FILE_ONLY___ 
Your current Cloud SDK version is: 315.0.0

2020-11-01 16:39:42,891 INFO     ___FILE_ONLY___ You will be upgraded to version: 316.0.0

2020-11-01 16:39:42,891 INFO     ___FILE_ONLY___ 

2020-11-01 16:39:42,895 INFO     ___FILE_ONLY___ +--------------------------------------------------+
2020-11-01 16:39:42,895 INFO     ___FILE_ONLY___ 

2020-11-01 16:39:42,895 INFO     ___FILE_ONLY___ |        These components will be updated.         |
2020-11-01 16:39:42,896 INFO     ___FILE_ONLY___ 

2020-11-01 16:39:42,896 INFO     ___FILE_ONLY___ +--------------------------+------------+----------+
2020-11-01 16:39:42,896 INFO     ___FILE_ONLY___ 

2020-11-01 16:39:42,896 INFO     ___FILE_ONLY___ |           Name           |  Version   |   Size   |
2020-11-01 16:39:42,896 INFO     ___FILE_ONLY___ 

2020-11-01 16:39:42,896 INFO     ___FILE_ONLY___ +--------------------------+------------+----------+
2020-11-01 16:39:42,896 INFO     ___FILE_ONLY___ 

2020-11-01 16:39:42,897 INFO     ___FILE_ONLY___ | 
2020-11-01 16:39:42,897 INFO     ___FILE_ONLY___ Cloud SDK Core Libraries
2020-11-01 16:39:42,897 INFO     ___FILE_ONLY___  
2020-11-01 16:39:42,897 INFO     ___FILE_ONLY___ | 
2020-11-01 16:39:42,897 INFO     ___FILE_ONLY___ 2020.10.23
2020-11-01 16:39:42,898 INFO     ___FILE_ONLY___  
2020-11-01 16:39:42,898 INFO     ___FILE_ONLY___ | 
2020-11-01 16:39:42,898 INFO     ___FILE_ONLY___ 15.4 MiB
2020-11-01 16:39:42,898 INFO     ___FILE_ONLY___  
2020-11-01 16:39:42,898 INFO     ___FILE_ONLY___ |
2020-11-01 16:39:42,898 INFO     ___FILE_ONLY___ 

2020-11-01 16:39:42,898 INFO     ___FILE_ONLY___ +--------------------------+------------+----------+
2020-11-01 16:39:42,898 INFO     ___FILE_ONLY___ 

2020-11-01 16:39:42,900 INFO     ___FILE_ONLY___ 

2020-11-01 16:39:43,463 INFO     ___FILE_ONLY___ The following release notes are new in this upgrade.
Please read carefully for information about new features, breaking changes,
and bugs fixed.  The latest full release notes can be viewed at:
  https://cloud.google.com/sdk/release_notes


2020-11-01 16:39:43,464 INFO     ___FILE_ONLY___ 
2020-11-01 16:39:43,465 INFO     ___FILE_ONLY___ 316.0.0 (2020-10-27)

2020-11-01 16:39:43,465 INFO     ___FILE_ONLY___ 
2020-11-01 16:39:43,465 INFO     ___FILE_ONLY___   
2020-11-01 16:39:43,465 INFO     ___FILE_ONLY___ Breaking Changes

2020-11-01 16:39:43,466 INFO     ___FILE_ONLY___       o
2020-11-01 16:39:43,466 INFO     ___FILE_ONLY___  
2020-11-01 16:39:43,466 INFO     ___FILE_ONLY___ **(Cloud
2020-11-01 16:39:43,466 INFO     ___FILE_ONLY___  
2020-11-01 16:39:43,466 INFO     ___FILE_ONLY___ Spanner)**
2020-11-01 16:39:43,467 INFO     ___FILE_ONLY___  
2020-11-01 16:39:43,467 INFO     ___FILE_ONLY___ Modified
2020-11-01 16:39:43,467 INFO     ___FILE_ONLY___  
2020-11-01 16:39:43,467 INFO     ___FILE_ONLY___ gcloud
2020-11-01 16:39:43,468 INFO     ___FILE_ONLY___  
2020-11-01 16:39:43,468 INFO     ___FILE_ONLY___ spanner
2020-11-01 16:39:43,468 INFO     ___FILE_ONLY___  
2020-11-01 16:39:43,469 INFO     ___FILE_ONLY___ operations
2020-11-01 16:39:43,471 INFO     ___FILE_ONLY___  
2020-11-01 16:39:43,472 INFO     ___FILE_ONLY___ list
2020-11-01 16:39:43,472 INFO     ___FILE_ONLY___  
2020-11-01 16:39:43,472 INFO     ___FILE_ONLY___ to
2020-11-01 16:39:43,473 INFO     ___FILE_ONLY___ 

2020-11-01 16:39:43,473 INFO     ___FILE_ONLY___         
2020-11-01 16:39:43,473 INFO     ___FILE_ONLY___ disallow
2020-11-01 16:39:43,473 INFO     ___FILE_ONLY___  
2020-11-01 16:39:43,473 INFO     ___FILE_ONLY___ --database
2020-11-01 16:39:43,474 INFO     ___FILE_ONLY___  
2020-11-01 16:39:43,474 INFO     ___FILE_ONLY___ or
2020-11-01 16:39:43,475 INFO     ___FILE_ONLY___  
2020-11-01 16:39:43,475 INFO     ___FILE_ONLY___ --backup
2020-11-01 16:39:43,476 INFO     ___FILE_ONLY___  
2020-11-01 16:39:43,476 INFO     ___FILE_ONLY___ flags
2020-11-01 16:39:43,476 INFO     ___FILE_ONLY___  
2020-11-01 16:39:43,476 INFO     ___FILE_ONLY___ used
2020-11-01 16:39:43,476 INFO     ___FILE_ONLY___  
2020-11-01 16:39:43,476 INFO     ___FILE_ONLY___ in
2020-11-01 16:39:43,476 INFO     ___FILE_ONLY___  
2020-11-01 16:39:43,477 INFO     ___FILE_ONLY___ combination
2020-11-01 16:39:43,477 INFO     ___FILE_ONLY___  
2020-11-01 16:39:43,477 INFO     ___FILE_ONLY___ with
2020-11-01 16:39:43,477 INFO     ___FILE_ONLY___ 

2020-11-01 16:39:43,477 INFO     ___FILE_ONLY___         
2020-11-01 16:39:43,477 INFO     ___FILE_ONLY___ --type=INSTANCE.
2020-11-01 16:39:43,477 INFO     ___FILE_ONLY___ 

2020-11-01 16:39:43,477 INFO     ___FILE_ONLY___       o
2020-11-01 16:39:43,478 INFO     ___FILE_ONLY___  
2020-11-01 16:39:43,478 INFO     ___FILE_ONLY___ **(Vmware
2020-11-01 16:39:43,478 INFO     ___FILE_ONLY___  
2020-11-01 16:39:43,479 INFO     ___FILE_ONLY___ Engine)**
2020-11-01 16:39:43,479 INFO     ___FILE_ONLY___  
2020-11-01 16:39:43,479 INFO     ___FILE_ONLY___ Renamed
2020-11-01 16:39:43,479 INFO     ___FILE_ONLY___  
2020-11-01 16:39:43,480 INFO     ___FILE_ONLY___ gcloud
2020-11-01 16:39:43,480 INFO     ___FILE_ONLY___  
2020-11-01 16:39:43,480 INFO     ___FILE_ONLY___ config
2020-11-01 16:39:43,480 INFO     ___FILE_ONLY___  
2020-11-01 16:39:43,480 INFO     ___FILE_ONLY___ vmware/location
2020-11-01 16:39:43,481 INFO     ___FILE_ONLY___  
2020-11-01 16:39:43,481 INFO     ___FILE_ONLY___ to
2020-11-01 16:39:43,481 INFO     ___FILE_ONLY___  
2020-11-01 16:39:43,481 INFO     ___FILE_ONLY___ gcloud
2020-11-01 16:39:43,481 INFO     ___FILE_ONLY___ 

2020-11-01 16:39:43,481 INFO     ___FILE_ONLY___         
2020-11-01 16:39:43,482 INFO     ___FILE_ONLY___ config
2020-11-01 16:39:43,482 INFO     ___FILE_ONLY___  
2020-11-01 16:39:43,482 INFO     ___FILE_ONLY___ vmware/region.
2020-11-01 16:39:43,482 INFO     ___FILE_ONLY___ 

2020-11-01 16:39:43,482 INFO     ___FILE_ONLY___ 

2020-11-01 16:39:43,482 INFO     ___FILE_ONLY___ 
2020-11-01 16:39:43,483 INFO     ___FILE_ONLY___   
2020-11-01 16:39:43,483 INFO     ___FILE_ONLY___ AI

2020-11-01 16:39:43,483 INFO     ___FILE_ONLY___       o
2020-11-01 16:39:43,483 INFO     ___FILE_ONLY___  
2020-11-01 16:39:43,483 INFO     ___FILE_ONLY___ Added
2020-11-01 16:39:43,484 INFO     ___FILE_ONLY___  
2020-11-01 16:39:43,484 INFO     ___FILE_ONLY___ gcloud
2020-11-01 16:39:43,484 INFO     ___FILE_ONLY___  
2020-11-01 16:39:43,484 INFO     ___FILE_ONLY___ beta
2020-11-01 16:39:43,484 INFO     ___FILE_ONLY___  
2020-11-01 16:39:43,484 INFO     ___FILE_ONLY___ ai
2020-11-01 16:39:43,485 INFO     ___FILE_ONLY___  
2020-11-01 16:39:43,485 INFO     ___FILE_ONLY___ hp-tuning-jobs
2020-11-01 16:39:43,485 INFO     ___FILE_ONLY___  
2020-11-01 16:39:43,485 INFO     ___FILE_ONLY___ stream-logs
2020-11-01 16:39:43,486 INFO     ___FILE_ONLY___  
2020-11-01 16:39:43,487 INFO     ___FILE_ONLY___ which
2020-11-01 16:39:43,487 INFO     ___FILE_ONLY___  
2020-11-01 16:39:43,488 INFO     ___FILE_ONLY___ provides
2020-11-01 16:39:43,488 INFO     ___FILE_ONLY___  
2020-11-01 16:39:43,489 INFO     ___FILE_ONLY___ the
2020-11-01 16:39:43,489 INFO     ___FILE_ONLY___ 

2020-11-01 16:39:43,489 INFO     ___FILE_ONLY___         
2020-11-01 16:39:43,489 INFO     ___FILE_ONLY___ ability
2020-11-01 16:39:43,489 INFO     ___FILE_ONLY___  
2020-11-01 16:39:43,490 INFO     ___FILE_ONLY___ to
2020-11-01 16:39:43,490 INFO     ___FILE_ONLY___  
2020-11-01 16:39:43,490 INFO     ___FILE_ONLY___ stream
2020-11-01 16:39:43,490 INFO     ___FILE_ONLY___  
2020-11-01 16:39:43,491 INFO     ___FILE_ONLY___ logs
2020-11-01 16:39:43,491 INFO     ___FILE_ONLY___  
2020-11-01 16:39:43,491 INFO     ___FILE_ONLY___ of
2020-11-01 16:39:43,491 INFO     ___FILE_ONLY___  
2020-11-01 16:39:43,491 INFO     ___FILE_ONLY___ hyperparameter
2020-11-01 16:39:43,492 INFO     ___FILE_ONLY___  
2020-11-01 16:39:43,492 INFO     ___FILE_ONLY___ tuning
2020-11-01 16:39:43,492 INFO     ___FILE_ONLY___  
2020-11-01 16:39:43,492 INFO     ___FILE_ONLY___ jobs
2020-11-01 16:39:43,493 INFO     ___FILE_ONLY___  
2020-11-01 16:39:43,493 INFO     ___FILE_ONLY___ in
2020-11-01 16:39:43,493 INFO     ___FILE_ONLY___  
2020-11-01 16:39:43,493 INFO     ___FILE_ONLY___ AI
2020-11-01 16:39:43,493 INFO     ___FILE_ONLY___  
2020-11-01 16:39:43,494 INFO     ___FILE_ONLY___ Platform.
2020-11-01 16:39:43,494 INFO     ___FILE_ONLY___ 

2020-11-01 16:39:43,494 INFO     ___FILE_ONLY___ 

2020-11-01 16:39:43,494 INFO     ___FILE_ONLY___ 
2020-11-01 16:39:43,494 INFO     ___FILE_ONLY___   
2020-11-01 16:39:43,494 INFO     ___FILE_ONLY___ AI Platform

2020-11-01 16:39:43,495 INFO     ___FILE_ONLY___       o
2020-11-01 16:39:43,496 INFO     ___FILE_ONLY___  
2020-11-01 16:39:43,496 INFO     ___FILE_ONLY___ Added
2020-11-01 16:39:43,496 INFO     ___FILE_ONLY___  
2020-11-01 16:39:43,496 INFO     ___FILE_ONLY___ --service-account
2020-11-01 16:39:43,496 INFO     ___FILE_ONLY___  
2020-11-01 16:39:43,496 INFO     ___FILE_ONLY___ to
2020-11-01 16:39:43,497 INFO     ___FILE_ONLY___  
2020-11-01 16:39:43,497 INFO     ___FILE_ONLY___ gcloud
2020-11-01 16:39:43,497 INFO     ___FILE_ONLY___  
2020-11-01 16:39:43,497 INFO     ___FILE_ONLY___ beta
2020-11-01 16:39:43,497 INFO     ___FILE_ONLY___  
2020-11-01 16:39:43,497 INFO     ___FILE_ONLY___ ai-platform
2020-11-01 16:39:43,498 INFO     ___FILE_ONLY___  
2020-11-01 16:39:43,498 INFO     ___FILE_ONLY___ jobs
2020-11-01 16:39:43,498 INFO     ___FILE_ONLY___  
2020-11-01 16:39:43,498 INFO     ___FILE_ONLY___ submit
2020-11-01 16:39:43,498 INFO     ___FILE_ONLY___ 

2020-11-01 16:39:43,498 INFO     ___FILE_ONLY___         
2020-11-01 16:39:43,499 INFO     ___FILE_ONLY___ training
2020-11-01 16:39:43,499 INFO     ___FILE_ONLY___  
2020-11-01 16:39:43,499 INFO     ___FILE_ONLY___ to
2020-11-01 16:39:43,499 INFO     ___FILE_ONLY___  
2020-11-01 16:39:43,499 INFO     ___FILE_ONLY___ allow
2020-11-01 16:39:43,499 INFO     ___FILE_ONLY___  
2020-11-01 16:39:43,499 INFO     ___FILE_ONLY___ specifying
2020-11-01 16:39:43,500 INFO     ___FILE_ONLY___  
2020-11-01 16:39:43,500 INFO     ___FILE_ONLY___ a
2020-11-01 16:39:43,500 INFO     ___FILE_ONLY___  
2020-11-01 16:39:43,500 INFO     ___FILE_ONLY___ service
2020-11-01 16:39:43,501 INFO     ___FILE_ONLY___  
2020-11-01 16:39:43,501 INFO     ___FILE_ONLY___ account
2020-11-01 16:39:43,501 INFO     ___FILE_ONLY___  
2020-11-01 16:39:43,502 INFO     ___FILE_ONLY___ to
2020-11-01 16:39:43,502 INFO     ___FILE_ONLY___  
2020-11-01 16:39:43,502 INFO     ___FILE_ONLY___ use
2020-11-01 16:39:43,503 INFO     ___FILE_ONLY___  
2020-11-01 16:39:43,504 INFO     ___FILE_ONLY___ when
2020-11-01 16:39:43,505 INFO     ___FILE_ONLY___  
2020-11-01 16:39:43,505 INFO     ___FILE_ONLY___ running
2020-11-01 16:39:43,505 INFO     ___FILE_ONLY___  
2020-11-01 16:39:43,505 INFO     ___FILE_ONLY___ the
2020-11-01 16:39:43,506 INFO     ___FILE_ONLY___ 

2020-11-01 16:39:43,506 INFO     ___FILE_ONLY___         
2020-11-01 16:39:43,506 INFO     ___FILE_ONLY___ training
2020-11-01 16:39:43,507 INFO     ___FILE_ONLY___  
2020-11-01 16:39:43,507 INFO     ___FILE_ONLY___ appplication
2020-11-01 16:39:43,507 INFO     ___FILE_ONLY___  
2020-11-01 16:39:43,507 INFO     ___FILE_ONLY___ for
2020-11-01 16:39:43,507 INFO     ___FILE_ONLY___  
2020-11-01 16:39:43,507 INFO     ___FILE_ONLY___ a
2020-11-01 16:39:43,508 INFO     ___FILE_ONLY___  
2020-11-01 16:39:43,508 INFO     ___FILE_ONLY___ training
2020-11-01 16:39:43,509 INFO     ___FILE_ONLY___  
2020-11-01 16:39:43,509 INFO     ___FILE_ONLY___ job.
2020-11-01 16:39:43,509 INFO     ___FILE_ONLY___ 

2020-11-01 16:39:43,509 INFO     ___FILE_ONLY___       o
2020-11-01 16:39:43,510 INFO     ___FILE_ONLY___  
2020-11-01 16:39:43,510 INFO     ___FILE_ONLY___ Updated
2020-11-01 16:39:43,510 INFO     ___FILE_ONLY___  
2020-11-01 16:39:43,511 INFO     ___FILE_ONLY___ --region
2020-11-01 16:39:43,511 INFO     ___FILE_ONLY___  
2020-11-01 16:39:43,511 INFO     ___FILE_ONLY___ flag
2020-11-01 16:39:43,512 INFO     ___FILE_ONLY___  
2020-11-01 16:39:43,512 INFO     ___FILE_ONLY___ of
2020-11-01 16:39:43,512 INFO     ___FILE_ONLY___  
2020-11-01 16:39:43,512 INFO     ___FILE_ONLY___ gcloud
2020-11-01 16:39:43,512 INFO     ___FILE_ONLY___  
2020-11-01 16:39:43,513 INFO     ___FILE_ONLY___ ai-platform
2020-11-01 16:39:43,513 INFO     ___FILE_ONLY___  
2020-11-01 16:39:43,513 INFO     ___FILE_ONLY___ command
2020-11-01 16:39:43,513 INFO     ___FILE_ONLY___  
2020-11-01 16:39:43,513 INFO     ___FILE_ONLY___ to
2020-11-01 16:39:43,513 INFO     ___FILE_ONLY___  
2020-11-01 16:39:43,514 INFO     ___FILE_ONLY___ include
2020-11-01 16:39:43,514 INFO     ___FILE_ONLY___  
2020-11-01 16:39:43,514 INFO     ___FILE_ONLY___ new
2020-11-01 16:39:43,514 INFO     ___FILE_ONLY___ 

2020-11-01 16:39:43,514 INFO     ___FILE_ONLY___         
2020-11-01 16:39:43,514 INFO     ___FILE_ONLY___ CAIP
2020-11-01 16:39:43,514 INFO     ___FILE_ONLY___  
2020-11-01 16:39:43,515 INFO     ___FILE_ONLY___ regions.
2020-11-01 16:39:43,515 INFO     ___FILE_ONLY___ 

2020-11-01 16:39:43,515 INFO     ___FILE_ONLY___ 

2020-11-01 16:39:43,515 INFO     ___FILE_ONLY___ 
2020-11-01 16:39:43,516 INFO     ___FILE_ONLY___   
2020-11-01 16:39:43,516 INFO     ___FILE_ONLY___ App Engine

2020-11-01 16:39:43,516 INFO     ___FILE_ONLY___       o
2020-11-01 16:39:43,516 INFO     ___FILE_ONLY___  
2020-11-01 16:39:43,516 INFO     ___FILE_ONLY___ Updated
2020-11-01 16:39:43,517 INFO     ___FILE_ONLY___  
2020-11-01 16:39:43,517 INFO     ___FILE_ONLY___ the
2020-11-01 16:39:43,517 INFO     ___FILE_ONLY___  
2020-11-01 16:39:43,517 INFO     ___FILE_ONLY___ Go
2020-11-01 16:39:43,517 INFO     ___FILE_ONLY___  
2020-11-01 16:39:43,517 INFO     ___FILE_ONLY___ SDK
2020-11-01 16:39:43,518 INFO     ___FILE_ONLY___  
2020-11-01 16:39:43,518 INFO     ___FILE_ONLY___ to
2020-11-01 16:39:43,518 INFO     ___FILE_ONLY___  
2020-11-01 16:39:43,518 INFO     ___FILE_ONLY___ version
2020-11-01 16:39:43,518 INFO     ___FILE_ONLY___  
2020-11-01 16:39:43,518 INFO     ___FILE_ONLY___ 1.9.72.
2020-11-01 16:39:43,518 INFO     ___FILE_ONLY___  
2020-11-01 16:39:43,519 INFO     ___FILE_ONLY___ Please
2020-11-01 16:39:43,519 INFO     ___FILE_ONLY___  
2020-11-01 16:39:43,519 INFO     ___FILE_ONLY___ visit
2020-11-01 16:39:43,519 INFO     ___FILE_ONLY___  
2020-11-01 16:39:43,520 INFO     ___FILE_ONLY___ the
2020-11-01 16:39:43,520 INFO     ___FILE_ONLY___  
2020-11-01 16:39:43,520 INFO     ___FILE_ONLY___ following
2020-11-01 16:39:43,520 INFO     ___FILE_ONLY___ 

2020-11-01 16:39:43,520 INFO     ___FILE_ONLY___         
2020-11-01 16:39:43,520 INFO     ___FILE_ONLY___ release
2020-11-01 16:39:43,521 INFO     ___FILE_ONLY___  
2020-11-01 16:39:43,522 INFO     ___FILE_ONLY___ notes
2020-11-01 16:39:43,522 INFO     ___FILE_ONLY___  
2020-11-01 16:39:43,522 INFO     ___FILE_ONLY___ for
2020-11-01 16:39:43,522 INFO     ___FILE_ONLY___  
2020-11-01 16:39:43,522 INFO     ___FILE_ONLY___ details:
2020-11-01 16:39:43,523 INFO     ___FILE_ONLY___ 

2020-11-01 16:39:43,523 INFO     ___FILE_ONLY___         
2020-11-01 16:39:43,523 INFO     ___FILE_ONLY___ <https://cloud.google.com/appengine/docs/go/release-notes>.
2020-11-01 16:39:43,523 INFO     ___FILE_ONLY___ 

2020-11-01 16:39:43,523 INFO     ___FILE_ONLY___ 

2020-11-01 16:39:43,523 INFO     ___FILE_ONLY___ 
2020-11-01 16:39:43,523 INFO     ___FILE_ONLY___   
2020-11-01 16:39:43,524 INFO     ___FILE_ONLY___ Artifact Registry

2020-11-01 16:39:43,524 INFO     ___FILE_ONLY___       o
2020-11-01 16:39:43,524 INFO     ___FILE_ONLY___  
2020-11-01 16:39:43,524 INFO     ___FILE_ONLY___ Disallowed
2020-11-01 16:39:43,524 INFO     ___FILE_ONLY___  
2020-11-01 16:39:43,525 INFO     ___FILE_ONLY___ creating
2020-11-01 16:39:43,525 INFO     ___FILE_ONLY___  
2020-11-01 16:39:43,525 INFO     ___FILE_ONLY___ CMEK-enabled
2020-11-01 16:39:43,525 INFO     ___FILE_ONLY___  
2020-11-01 16:39:43,525 INFO     ___FILE_ONLY___ repositories
2020-11-01 16:39:43,525 INFO     ___FILE_ONLY___  
2020-11-01 16:39:43,525 INFO     ___FILE_ONLY___ if
2020-11-01 16:39:43,526 INFO     ___FILE_ONLY___  
2020-11-01 16:39:43,526 INFO     ___FILE_ONLY___ Artifact
2020-11-01 16:39:43,526 INFO     ___FILE_ONLY___  
2020-11-01 16:39:43,526 INFO     ___FILE_ONLY___ Registry
2020-11-01 16:39:43,526 INFO     ___FILE_ONLY___ 

2020-11-01 16:39:43,526 INFO     ___FILE_ONLY___         
2020-11-01 16:39:43,526 INFO     ___FILE_ONLY___ service
2020-11-01 16:39:43,527 INFO     ___FILE_ONLY___  
2020-11-01 16:39:43,527 INFO     ___FILE_ONLY___ account
2020-11-01 16:39:43,527 INFO     ___FILE_ONLY___  
2020-11-01 16:39:43,527 INFO     ___FILE_ONLY___ is
2020-11-01 16:39:43,527 INFO     ___FILE_ONLY___  
2020-11-01 16:39:43,527 INFO     ___FILE_ONLY___ not
2020-11-01 16:39:43,527 INFO     ___FILE_ONLY___  
2020-11-01 16:39:43,528 INFO     ___FILE_ONLY___ granted
2020-11-01 16:39:43,528 INFO     ___FILE_ONLY___  
2020-11-01 16:39:43,528 INFO     ___FILE_ONLY___ sufficient
2020-11-01 16:39:43,528 INFO     ___FILE_ONLY___  
2020-11-01 16:39:43,528 INFO     ___FILE_ONLY___ permissions.
2020-11-01 16:39:43,528 INFO     ___FILE_ONLY___ 

2020-11-01 16:39:43,528 INFO     ___FILE_ONLY___       o
2020-11-01 16:39:43,529 INFO     ___FILE_ONLY___  
2020-11-01 16:39:43,529 INFO     ___FILE_ONLY___ Added
2020-11-01 16:39:43,529 INFO     ___FILE_ONLY___  
2020-11-01 16:39:43,529 INFO     ___FILE_ONLY___ a
2020-11-01 16:39:43,529 INFO     ___FILE_ONLY___  
2020-11-01 16:39:43,529 INFO     ___FILE_ONLY___ new
2020-11-01 16:39:43,529 INFO     ___FILE_ONLY___  
2020-11-01 16:39:43,530 INFO     ___FILE_ONLY___ command
2020-11-01 16:39:43,530 INFO     ___FILE_ONLY___  
2020-11-01 16:39:43,530 INFO     ___FILE_ONLY___ gcloud
2020-11-01 16:39:43,530 INFO     ___FILE_ONLY___  
2020-11-01 16:39:43,530 INFO     ___FILE_ONLY___ beta
2020-11-01 16:39:43,531 INFO     ___FILE_ONLY___  
2020-11-01 16:39:43,531 INFO     ___FILE_ONLY___ artifacts
2020-11-01 16:39:43,532 INFO     ___FILE_ONLY___  
2020-11-01 16:39:43,532 INFO     ___FILE_ONLY___ docker
2020-11-01 16:39:43,533 INFO     ___FILE_ONLY___  
2020-11-01 16:39:43,533 INFO     ___FILE_ONLY___ images
2020-11-01 16:39:43,533 INFO     ___FILE_ONLY___  
2020-11-01 16:39:43,533 INFO     ___FILE_ONLY___ describe
2020-11-01 16:39:43,533 INFO     ___FILE_ONLY___  
2020-11-01 16:39:43,533 INFO     ___FILE_ONLY___ that
2020-11-01 16:39:43,534 INFO     ___FILE_ONLY___ 

2020-11-01 16:39:43,534 INFO     ___FILE_ONLY___         
2020-11-01 16:39:43,534 INFO     ___FILE_ONLY___ shows
2020-11-01 16:39:43,534 INFO     ___FILE_ONLY___  
2020-11-01 16:39:43,535 INFO     ___FILE_ONLY___ information
2020-11-01 16:39:43,535 INFO     ___FILE_ONLY___  
2020-11-01 16:39:43,535 INFO     ___FILE_ONLY___ of
2020-11-01 16:39:43,535 INFO     ___FILE_ONLY___  
2020-11-01 16:39:43,535 INFO     ___FILE_ONLY___ a
2020-11-01 16:39:43,535 INFO     ___FILE_ONLY___  
2020-11-01 16:39:43,535 INFO     ___FILE_ONLY___ docker
2020-11-01 16:39:43,536 INFO     ___FILE_ONLY___  
2020-11-01 16:39:43,536 INFO     ___FILE_ONLY___ image
2020-11-01 16:39:43,536 INFO     ___FILE_ONLY___  
2020-11-01 16:39:43,536 INFO     ___FILE_ONLY___ and
2020-11-01 16:39:43,536 INFO     ___FILE_ONLY___  
2020-11-01 16:39:43,536 INFO     ___FILE_ONLY___ optionally
2020-11-01 16:39:43,536 INFO     ___FILE_ONLY___  
2020-11-01 16:39:43,537 INFO     ___FILE_ONLY___ the
2020-11-01 16:39:43,537 INFO     ___FILE_ONLY___  
2020-11-01 16:39:43,537 INFO     ___FILE_ONLY___ metadata
2020-11-01 16:39:43,537 INFO     ___FILE_ONLY___  
2020-11-01 16:39:43,537 INFO     ___FILE_ONLY___ of
2020-11-01 16:39:43,537 INFO     ___FILE_ONLY___  
2020-11-01 16:39:43,537 INFO     ___FILE_ONLY___ the
2020-11-01 16:39:43,538 INFO     ___FILE_ONLY___ 

2020-11-01 16:39:43,538 INFO     ___FILE_ONLY___         
2020-11-01 16:39:43,538 INFO     ___FILE_ONLY___ image
2020-11-01 16:39:43,538 INFO     ___FILE_ONLY___  
2020-11-01 16:39:43,538 INFO     ___FILE_ONLY___ from
2020-11-01 16:39:43,538 INFO     ___FILE_ONLY___  
2020-11-01 16:39:43,538 INFO     ___FILE_ONLY___ Container
2020-11-01 16:39:43,539 INFO     ___FILE_ONLY___  
2020-11-01 16:39:43,539 INFO     ___FILE_ONLY___ Analysis
2020-11-01 16:39:43,539 INFO     ___FILE_ONLY___  
2020-11-01 16:39:43,539 INFO     ___FILE_ONLY___ API.
2020-11-01 16:39:43,539 INFO     ___FILE_ONLY___ 

2020-11-01 16:39:43,539 INFO     ___FILE_ONLY___       o
2020-11-01 16:39:43,540 INFO     ___FILE_ONLY___  
2020-11-01 16:39:43,540 INFO     ___FILE_ONLY___ Command
2020-11-01 16:39:43,540 INFO     ___FILE_ONLY___  
2020-11-01 16:39:43,540 INFO     ___FILE_ONLY___ gcloud
2020-11-01 16:39:43,540 INFO     ___FILE_ONLY___  
2020-11-01 16:39:43,540 INFO     ___FILE_ONLY___ beta
2020-11-01 16:39:43,540 INFO     ___FILE_ONLY___  
2020-11-01 16:39:43,541 INFO     ___FILE_ONLY___ artifacts
2020-11-01 16:39:43,541 INFO     ___FILE_ONLY___  
2020-11-01 16:39:43,541 INFO     ___FILE_ONLY___ docker
2020-11-01 16:39:43,541 INFO     ___FILE_ONLY___  
2020-11-01 16:39:43,541 INFO     ___FILE_ONLY___ images
2020-11-01 16:39:43,541 INFO     ___FILE_ONLY___  
2020-11-01 16:39:43,541 INFO     ___FILE_ONLY___ list
2020-11-01 16:39:43,542 INFO     ___FILE_ONLY___  
2020-11-01 16:39:43,542 INFO     ___FILE_ONLY___ will
2020-11-01 16:39:43,542 INFO     ___FILE_ONLY___  
2020-11-01 16:39:43,542 INFO     ___FILE_ONLY___ now
2020-11-01 16:39:43,542 INFO     ___FILE_ONLY___  
2020-11-01 16:39:43,542 INFO     ___FILE_ONLY___ show
2020-11-01 16:39:43,542 INFO     ___FILE_ONLY___ 

2020-11-01 16:39:43,543 INFO     ___FILE_ONLY___         
2020-11-01 16:39:43,543 INFO     ___FILE_ONLY___ metadata
2020-11-01 16:39:43,543 INFO     ___FILE_ONLY___  
2020-11-01 16:39:43,543 INFO     ___FILE_ONLY___ of
2020-11-01 16:39:43,543 INFO     ___FILE_ONLY___  
2020-11-01 16:39:43,543 INFO     ___FILE_ONLY___ images
2020-11-01 16:39:43,543 INFO     ___FILE_ONLY___  
2020-11-01 16:39:43,544 INFO     ___FILE_ONLY___ from
2020-11-01 16:39:43,544 INFO     ___FILE_ONLY___  
2020-11-01 16:39:43,544 INFO     ___FILE_ONLY___ Container
2020-11-01 16:39:43,544 INFO     ___FILE_ONLY___  
2020-11-01 16:39:43,544 INFO     ___FILE_ONLY___ Analysis
2020-11-01 16:39:43,544 INFO     ___FILE_ONLY___  
2020-11-01 16:39:43,544 INFO     ___FILE_ONLY___ API
2020-11-01 16:39:43,544 INFO     ___FILE_ONLY___  
2020-11-01 16:39:43,545 INFO     ___FILE_ONLY___ as
2020-11-01 16:39:43,545 INFO     ___FILE_ONLY___  
2020-11-01 16:39:43,545 INFO     ___FILE_ONLY___ well.
2020-11-01 16:39:43,545 INFO     ___FILE_ONLY___ 

2020-11-01 16:39:43,545 INFO     ___FILE_ONLY___ 

2020-11-01 16:39:43,546 INFO     ___FILE_ONLY___ 
2020-11-01 16:39:43,546 INFO     ___FILE_ONLY___   
2020-11-01 16:39:43,546 INFO     ___FILE_ONLY___ Cloud Access Context Manager

2020-11-01 16:39:43,546 INFO     ___FILE_ONLY___       o
2020-11-01 16:39:43,546 INFO     ___FILE_ONLY___  
2020-11-01 16:39:43,547 INFO     ___FILE_ONLY___ Promoted
2020-11-01 16:39:43,547 INFO     ___FILE_ONLY___  
2020-11-01 16:39:43,547 INFO     ___FILE_ONLY___ gcloud
2020-11-01 16:39:43,548 INFO     ___FILE_ONLY___  
2020-11-01 16:39:43,548 INFO     ___FILE_ONLY___ access-context-manager
2020-11-01 16:39:43,549 INFO     ___FILE_ONLY___  
2020-11-01 16:39:43,549 INFO     ___FILE_ONLY___ cloud-bindings
2020-11-01 16:39:43,550 INFO     ___FILE_ONLY___  
2020-11-01 16:39:43,550 INFO     ___FILE_ONLY___ to
2020-11-01 16:39:43,550 INFO     ___FILE_ONLY___  
2020-11-01 16:39:43,550 INFO     ___FILE_ONLY___ GA.
2020-11-01 16:39:43,551 INFO     ___FILE_ONLY___ 

2020-11-01 16:39:43,551 INFO     ___FILE_ONLY___ 

2020-11-01 16:39:43,551 INFO     ___FILE_ONLY___ 
2020-11-01 16:39:43,551 INFO     ___FILE_ONLY___   
2020-11-01 16:39:43,552 INFO     ___FILE_ONLY___ Cloud Build

2020-11-01 16:39:43,552 INFO     ___FILE_ONLY___       o
2020-11-01 16:39:43,552 INFO     ___FILE_ONLY___  
2020-11-01 16:39:43,552 INFO     ___FILE_ONLY___ Updated
2020-11-01 16:39:43,553 INFO     ___FILE_ONLY___  
2020-11-01 16:39:43,553 INFO     ___FILE_ONLY___ cloud-build-local
2020-11-01 16:39:43,553 INFO     ___FILE_ONLY___  
2020-11-01 16:39:43,553 INFO     ___FILE_ONLY___ to
2020-11-01 16:39:43,553 INFO     ___FILE_ONLY___  
2020-11-01 16:39:43,553 INFO     ___FILE_ONLY___ version
2020-11-01 16:39:43,554 INFO     ___FILE_ONLY___  
2020-11-01 16:39:43,554 INFO     ___FILE_ONLY___ 0.5.2.
2020-11-01 16:39:43,554 INFO     ___FILE_ONLY___  
2020-11-01 16:39:43,554 INFO     ___FILE_ONLY___ This
2020-11-01 16:39:43,554 INFO     ___FILE_ONLY___  
2020-11-01 16:39:43,554 INFO     ___FILE_ONLY___ version
2020-11-01 16:39:43,555 INFO     ___FILE_ONLY___  
2020-11-01 16:39:43,555 INFO     ___FILE_ONLY___ allows
2020-11-01 16:39:43,556 INFO     ___FILE_ONLY___ 

2020-11-01 16:39:43,556 INFO     ___FILE_ONLY___         
2020-11-01 16:39:43,556 INFO     ___FILE_ONLY___ cloud-build-local
2020-11-01 16:39:43,556 INFO     ___FILE_ONLY___  
2020-11-01 16:39:43,556 INFO     ___FILE_ONLY___ to
2020-11-01 16:39:43,556 INFO     ___FILE_ONLY___  
2020-11-01 16:39:43,557 INFO     ___FILE_ONLY___ execute
2020-11-01 16:39:43,557 INFO     ___FILE_ONLY___  
2020-11-01 16:39:43,557 INFO     ___FILE_ONLY___ without
2020-11-01 16:39:43,557 INFO     ___FILE_ONLY___  
2020-11-01 16:39:43,557 INFO     ___FILE_ONLY___ a
2020-11-01 16:39:43,557 INFO     ___FILE_ONLY___  
2020-11-01 16:39:43,557 INFO     ___FILE_ONLY___ GCP
2020-11-01 16:39:43,557 INFO     ___FILE_ONLY___  
2020-11-01 16:39:43,558 INFO     ___FILE_ONLY___ account,
2020-11-01 16:39:43,558 INFO     ___FILE_ONLY___  
2020-11-01 16:39:43,558 INFO     ___FILE_ONLY___ providing
2020-11-01 16:39:43,558 INFO     ___FILE_ONLY___  
2020-11-01 16:39:43,558 INFO     ___FILE_ONLY___ a
2020-11-01 16:39:43,558 INFO     ___FILE_ONLY___  
2020-11-01 16:39:43,559 INFO     ___FILE_ONLY___ warning
2020-11-01 16:39:43,559 INFO     ___FILE_ONLY___ 

2020-11-01 16:39:43,559 INFO     ___FILE_ONLY___         
2020-11-01 16:39:43,559 INFO     ___FILE_ONLY___ rather
2020-11-01 16:39:43,559 INFO     ___FILE_ONLY___  
2020-11-01 16:39:43,559 INFO     ___FILE_ONLY___ than
2020-11-01 16:39:43,559 INFO     ___FILE_ONLY___  
2020-11-01 16:39:43,559 INFO     ___FILE_ONLY___ an
2020-11-01 16:39:43,560 INFO     ___FILE_ONLY___  
2020-11-01 16:39:43,560 INFO     ___FILE_ONLY___ error.
2020-11-01 16:39:43,560 INFO     ___FILE_ONLY___ 

2020-11-01 16:39:43,560 INFO     ___FILE_ONLY___ 

2020-11-01 16:39:43,560 INFO     ___FILE_ONLY___ 
2020-11-01 16:39:43,560 INFO     ___FILE_ONLY___   
2020-11-01 16:39:43,560 INFO     ___FILE_ONLY___ Cloud SQL

2020-11-01 16:39:43,561 INFO     ___FILE_ONLY___       o
2020-11-01 16:39:43,561 INFO     ___FILE_ONLY___  
2020-11-01 16:39:43,561 INFO     ___FILE_ONLY___ Promoted
2020-11-01 16:39:43,561 INFO     ___FILE_ONLY___  
2020-11-01 16:39:43,561 INFO     ___FILE_ONLY___ Postgres
2020-11-01 16:39:43,561 INFO     ___FILE_ONLY___  
2020-11-01 16:39:43,561 INFO     ___FILE_ONLY___ 13
2020-11-01 16:39:43,561 INFO     ___FILE_ONLY___  
2020-11-01 16:39:43,562 INFO     ___FILE_ONLY___ to
2020-11-01 16:39:43,562 INFO     ___FILE_ONLY___  
2020-11-01 16:39:43,562 INFO     ___FILE_ONLY___ GA.
2020-11-01 16:39:43,562 INFO     ___FILE_ONLY___ 

2020-11-01 16:39:43,562 INFO     ___FILE_ONLY___ 

2020-11-01 16:39:43,562 INFO     ___FILE_ONLY___ 
2020-11-01 16:39:43,563 INFO     ___FILE_ONLY___   
2020-11-01 16:39:43,563 INFO     ___FILE_ONLY___ Cloud Shell

2020-11-01 16:39:43,563 INFO     ___FILE_ONLY___       o
2020-11-01 16:39:43,563 INFO     ___FILE_ONLY___  
2020-11-01 16:39:43,563 INFO     ___FILE_ONLY___ Promoted
2020-11-01 16:39:43,563 INFO     ___FILE_ONLY___  
2020-11-01 16:39:43,564 INFO     ___FILE_ONLY___ gcloud
2020-11-01 16:39:43,564 INFO     ___FILE_ONLY___  
2020-11-01 16:39:43,565 INFO     ___FILE_ONLY___ cloud-shell
2020-11-01 16:39:43,565 INFO     ___FILE_ONLY___  
2020-11-01 16:39:43,566 INFO     ___FILE_ONLY___ command
2020-11-01 16:39:43,566 INFO     ___FILE_ONLY___  
2020-11-01 16:39:43,566 INFO     ___FILE_ONLY___ group
2020-11-01 16:39:43,566 INFO     ___FILE_ONLY___  
2020-11-01 16:39:43,566 INFO     ___FILE_ONLY___ to
2020-11-01 16:39:43,566 INFO     ___FILE_ONLY___  
2020-11-01 16:39:43,567 INFO     ___FILE_ONLY___ GA.
2020-11-01 16:39:43,567 INFO     ___FILE_ONLY___ 

2020-11-01 16:39:43,567 INFO     ___FILE_ONLY___ 

2020-11-01 16:39:43,567 INFO     ___FILE_ONLY___ 
2020-11-01 16:39:43,567 INFO     ___FILE_ONLY___   
2020-11-01 16:39:43,568 INFO     ___FILE_ONLY___ Cloud Storage

2020-11-01 16:39:43,568 INFO     ___FILE_ONLY___       o
2020-11-01 16:39:43,568 INFO     ___FILE_ONLY___  
2020-11-01 16:39:43,568 INFO     ___FILE_ONLY___ Updated
2020-11-01 16:39:43,568 INFO     ___FILE_ONLY___  
2020-11-01 16:39:43,569 INFO     ___FILE_ONLY___ gsutil
2020-11-01 16:39:43,569 INFO     ___FILE_ONLY___  
2020-11-01 16:39:43,569 INFO     ___FILE_ONLY___ component
2020-11-01 16:39:43,569 INFO     ___FILE_ONLY___  
2020-11-01 16:39:43,569 INFO     ___FILE_ONLY___ to
2020-11-01 16:39:43,569 INFO     ___FILE_ONLY___  
2020-11-01 16:39:43,569 INFO     ___FILE_ONLY___ 4.54.
2020-11-01 16:39:43,570 INFO     ___FILE_ONLY___ 

2020-11-01 16:39:43,570 INFO     ___FILE_ONLY___ 

2020-11-01 16:39:43,570 INFO     ___FILE_ONLY___ 
2020-11-01 16:39:43,570 INFO     ___FILE_ONLY___   
2020-11-01 16:39:43,570 INFO     ___FILE_ONLY___ Cloud Workflows

2020-11-01 16:39:43,570 INFO     ___FILE_ONLY___       o
2020-11-01 16:39:43,571 INFO     ___FILE_ONLY___  
2020-11-01 16:39:43,571 INFO     ___FILE_ONLY___ Added
2020-11-01 16:39:43,571 INFO     ___FILE_ONLY___  
2020-11-01 16:39:43,571 INFO     ___FILE_ONLY___ gcloud
2020-11-01 16:39:43,571 INFO     ___FILE_ONLY___  
2020-11-01 16:39:43,571 INFO     ___FILE_ONLY___ workflows
2020-11-01 16:39:43,571 INFO     ___FILE_ONLY___  
2020-11-01 16:39:43,572 INFO     ___FILE_ONLY___ executions
2020-11-01 16:39:43,572 INFO     ___FILE_ONLY___  
2020-11-01 16:39:43,572 INFO     ___FILE_ONLY___ describe-last
2020-11-01 16:39:43,572 INFO     ___FILE_ONLY___  
2020-11-01 16:39:43,572 INFO     ___FILE_ONLY___ to
2020-11-01 16:39:43,572 INFO     ___FILE_ONLY___  
2020-11-01 16:39:43,573 INFO     ___FILE_ONLY___ beta
2020-11-01 16:39:43,573 INFO     ___FILE_ONLY___  
2020-11-01 16:39:43,573 INFO     ___FILE_ONLY___ which
2020-11-01 16:39:43,573 INFO     ___FILE_ONLY___ 

2020-11-01 16:39:43,573 INFO     ___FILE_ONLY___         
2020-11-01 16:39:43,573 INFO     ___FILE_ONLY___ describes
2020-11-01 16:39:43,573 INFO     ___FILE_ONLY___  
2020-11-01 16:39:43,573 INFO     ___FILE_ONLY___ the
2020-11-01 16:39:43,574 INFO     ___FILE_ONLY___  
2020-11-01 16:39:43,574 INFO     ___FILE_ONLY___ last
2020-11-01 16:39:43,574 INFO     ___FILE_ONLY___  
2020-11-01 16:39:43,574 INFO     ___FILE_ONLY___ executed
2020-11-01 16:39:43,574 INFO     ___FILE_ONLY___  
2020-11-01 16:39:43,574 INFO     ___FILE_ONLY___ workflow
2020-11-01 16:39:43,574 INFO     ___FILE_ONLY___  
2020-11-01 16:39:43,575 INFO     ___FILE_ONLY___ execution
2020-11-01 16:39:43,575 INFO     ___FILE_ONLY___  
2020-11-01 16:39:43,575 INFO     ___FILE_ONLY___ that
2020-11-01 16:39:43,575 INFO     ___FILE_ONLY___  
2020-11-01 16:39:43,575 INFO     ___FILE_ONLY___ has
2020-11-01 16:39:43,575 INFO     ___FILE_ONLY___  
2020-11-01 16:39:43,575 INFO     ___FILE_ONLY___ been
2020-11-01 16:39:43,575 INFO     ___FILE_ONLY___  
2020-11-01 16:39:43,576 INFO     ___FILE_ONLY___ cached
2020-11-01 16:39:43,576 INFO     ___FILE_ONLY___ 

2020-11-01 16:39:43,576 INFO     ___FILE_ONLY___         
2020-11-01 16:39:43,576 INFO     ___FILE_ONLY___ locally.
2020-11-01 16:39:43,576 INFO     ___FILE_ONLY___ 

2020-11-01 16:39:43,576 INFO     ___FILE_ONLY___       o
2020-11-01 16:39:43,577 INFO     ___FILE_ONLY___  
2020-11-01 16:39:43,577 INFO     ___FILE_ONLY___ Added
2020-11-01 16:39:43,577 INFO     ___FILE_ONLY___  
2020-11-01 16:39:43,577 INFO     ___FILE_ONLY___ gcloud
2020-11-01 16:39:43,577 INFO     ___FILE_ONLY___  
2020-11-01 16:39:43,577 INFO     ___FILE_ONLY___ workflows
2020-11-01 16:39:43,577 INFO     ___FILE_ONLY___  
2020-11-01 16:39:43,578 INFO     ___FILE_ONLY___ executions
2020-11-01 16:39:43,578 INFO     ___FILE_ONLY___  
2020-11-01 16:39:43,578 INFO     ___FILE_ONLY___ wait-last
2020-11-01 16:39:43,578 INFO     ___FILE_ONLY___  
2020-11-01 16:39:43,579 INFO     ___FILE_ONLY___ to
2020-11-01 16:39:43,579 INFO     ___FILE_ONLY___  
2020-11-01 16:39:43,579 INFO     ___FILE_ONLY___ beta
2020-11-01 16:39:43,579 INFO     ___FILE_ONLY___  
2020-11-01 16:39:43,580 INFO     ___FILE_ONLY___ which
2020-11-01 16:39:43,580 INFO     ___FILE_ONLY___  
2020-11-01 16:39:43,580 INFO     ___FILE_ONLY___ waits
2020-11-01 16:39:43,580 INFO     ___FILE_ONLY___  
2020-11-01 16:39:43,580 INFO     ___FILE_ONLY___ for
2020-11-01 16:39:43,581 INFO     ___FILE_ONLY___ 

2020-11-01 16:39:43,581 INFO     ___FILE_ONLY___         
2020-11-01 16:39:43,581 INFO     ___FILE_ONLY___ the
2020-11-01 16:39:43,581 INFO     ___FILE_ONLY___  
2020-11-01 16:39:43,581 INFO     ___FILE_ONLY___ last
2020-11-01 16:39:43,581 INFO     ___FILE_ONLY___  
2020-11-01 16:39:43,581 INFO     ___FILE_ONLY___ cached
2020-11-01 16:39:43,581 INFO     ___FILE_ONLY___  
2020-11-01 16:39:43,582 INFO     ___FILE_ONLY___ workflow
2020-11-01 16:39:43,582 INFO     ___FILE_ONLY___  
2020-11-01 16:39:43,582 INFO     ___FILE_ONLY___ execution
2020-11-01 16:39:43,582 INFO     ___FILE_ONLY___  
2020-11-01 16:39:43,582 INFO     ___FILE_ONLY___ to
2020-11-01 16:39:43,582 INFO     ___FILE_ONLY___  
2020-11-01 16:39:43,582 INFO     ___FILE_ONLY___ complete.
2020-11-01 16:39:43,582 INFO     ___FILE_ONLY___ 

2020-11-01 16:39:43,583 INFO     ___FILE_ONLY___       o
2020-11-01 16:39:43,583 INFO     ___FILE_ONLY___  
2020-11-01 16:39:43,583 INFO     ___FILE_ONLY___ Added
2020-11-01 16:39:43,583 INFO     ___FILE_ONLY___  
2020-11-01 16:39:43,584 INFO     ___FILE_ONLY___ gcloud
2020-11-01 16:39:43,584 INFO     ___FILE_ONLY___  
2020-11-01 16:39:43,584 INFO     ___FILE_ONLY___ workflows
2020-11-01 16:39:43,584 INFO     ___FILE_ONLY___  
2020-11-01 16:39:43,584 INFO     ___FILE_ONLY___ run
2020-11-01 16:39:43,584 INFO     ___FILE_ONLY___  
2020-11-01 16:39:43,584 INFO     ___FILE_ONLY___ to
2020-11-01 16:39:43,585 INFO     ___FILE_ONLY___  
2020-11-01 16:39:43,585 INFO     ___FILE_ONLY___ beta
2020-11-01 16:39:43,585 INFO     ___FILE_ONLY___  
2020-11-01 16:39:43,585 INFO     ___FILE_ONLY___ which
2020-11-01 16:39:43,585 INFO     ___FILE_ONLY___  
2020-11-01 16:39:43,585 INFO     ___FILE_ONLY___ executes
2020-11-01 16:39:43,586 INFO     ___FILE_ONLY___  
2020-11-01 16:39:43,586 INFO     ___FILE_ONLY___ a
2020-11-01 16:39:43,586 INFO     ___FILE_ONLY___  
2020-11-01 16:39:43,586 INFO     ___FILE_ONLY___ workflow
2020-11-01 16:39:43,586 INFO     ___FILE_ONLY___  
2020-11-01 16:39:43,586 INFO     ___FILE_ONLY___ and
2020-11-01 16:39:43,587 INFO     ___FILE_ONLY___ 

2020-11-01 16:39:43,587 INFO     ___FILE_ONLY___         
2020-11-01 16:39:43,587 INFO     ___FILE_ONLY___ waits
2020-11-01 16:39:43,587 INFO     ___FILE_ONLY___  
2020-11-01 16:39:43,587 INFO     ___FILE_ONLY___ for
2020-11-01 16:39:43,587 INFO     ___FILE_ONLY___  
2020-11-01 16:39:43,588 INFO     ___FILE_ONLY___ it
2020-11-01 16:39:43,588 INFO     ___FILE_ONLY___  
2020-11-01 16:39:43,588 INFO     ___FILE_ONLY___ to
2020-11-01 16:39:43,588 INFO     ___FILE_ONLY___  
2020-11-01 16:39:43,589 INFO     ___FILE_ONLY___ complete.
2020-11-01 16:39:43,589 INFO     ___FILE_ONLY___ 

2020-11-01 16:39:43,590 INFO     ___FILE_ONLY___ 

2020-11-01 16:39:43,590 INFO     ___FILE_ONLY___ 
2020-11-01 16:39:43,590 INFO     ___FILE_ONLY___   
2020-11-01 16:39:43,590 INFO     ___FILE_ONLY___ Compute Engine

2020-11-01 16:39:43,590 INFO     ___FILE_ONLY___       o
2020-11-01 16:39:43,591 INFO     ___FILE_ONLY___  
2020-11-01 16:39:43,592 INFO     ___FILE_ONLY___ Promoted
2020-11-01 16:39:43,592 INFO     ___FILE_ONLY___  
2020-11-01 16:39:43,592 INFO     ___FILE_ONLY___ --mtu
2020-11-01 16:39:43,592 INFO     ___FILE_ONLY___  
2020-11-01 16:39:43,593 INFO     ___FILE_ONLY___ flag
2020-11-01 16:39:43,593 INFO     ___FILE_ONLY___  
2020-11-01 16:39:43,593 INFO     ___FILE_ONLY___ to
2020-11-01 16:39:43,593 INFO     ___FILE_ONLY___  
2020-11-01 16:39:43,594 INFO     ___FILE_ONLY___ beta
2020-11-01 16:39:43,594 INFO     ___FILE_ONLY___  
2020-11-01 16:39:43,594 INFO     ___FILE_ONLY___ and
2020-11-01 16:39:43,595 INFO     ___FILE_ONLY___  
2020-11-01 16:39:43,595 INFO     ___FILE_ONLY___ GA
2020-11-01 16:39:43,599 INFO     ___FILE_ONLY___  
2020-11-01 16:39:43,599 INFO     ___FILE_ONLY___ for
2020-11-01 16:39:43,602 INFO     ___FILE_ONLY___  
2020-11-01 16:39:43,602 INFO     ___FILE_ONLY___ gcloud
2020-11-01 16:39:43,602 INFO     ___FILE_ONLY___  
2020-11-01 16:39:43,602 INFO     ___FILE_ONLY___ compute
2020-11-01 16:39:43,602 INFO     ___FILE_ONLY___  
2020-11-01 16:39:43,602 INFO     ___FILE_ONLY___ networks
2020-11-01 16:39:43,603 INFO     ___FILE_ONLY___ 

2020-11-01 16:39:43,603 INFO     ___FILE_ONLY___    
2020-11-01 16:39:43,603 INFO     ___FILE_ONLY___  
2020-11-01 16:39:43,603 INFO     ___FILE_ONLY___ <create|update>.
2020-11-01 16:39:43,603 INFO     ___FILE_ONLY___ 

2020-11-01 16:39:43,603 INFO     ___FILE_ONLY___       o
2020-11-01 16:39:43,604 INFO     ___FILE_ONLY___  
2020-11-01 16:39:43,605 INFO     ___FILE_ONLY___ Promoted
2020-11-01 16:39:43,605 INFO     ___FILE_ONLY___  
2020-11-01 16:39:43,606 INFO     ___FILE_ONLY___ gcloud
2020-11-01 16:39:43,607 INFO     ___FILE_ONLY___  
2020-11-01 16:39:43,625 INFO     ___FILE_ONLY___ compute
2020-11-01 16:39:43,626 INFO     ___FILE_ONLY___  
2020-11-01 16:39:43,626 INFO     ___FILE_ONLY___ instances
2020-11-01 16:39:43,626 INFO     ___FILE_ONLY___  
2020-11-01 16:39:43,626 INFO     ___FILE_ONLY___ set-name
2020-11-01 16:39:43,626 INFO     ___FILE_ONLY___  
2020-11-01 16:39:43,626 INFO     ___FILE_ONLY___ command
2020-11-01 16:39:43,626 INFO     ___FILE_ONLY___  
2020-11-01 16:39:43,627 INFO     ___FILE_ONLY___ to
2020-11-01 16:39:43,627 INFO     ___FILE_ONLY___  
2020-11-01 16:39:43,627 INFO     ___FILE_ONLY___ beta.
2020-11-01 16:39:43,627 INFO     ___FILE_ONLY___ 

2020-11-01 16:39:43,627 INFO     ___FILE_ONLY___       o
2020-11-01 16:39:43,627 INFO     ___FILE_ONLY___  
2020-11-01 16:39:43,627 INFO     ___FILE_ONLY___ Promoted
2020-11-01 16:39:43,628 INFO     ___FILE_ONLY___  
2020-11-01 16:39:43,628 INFO     ___FILE_ONLY___ scope
2020-11-01 16:39:43,628 INFO     ___FILE_ONLY___  
2020-11-01 16:39:43,628 INFO     ___FILE_ONLY___ option
2020-11-01 16:39:43,628 INFO     ___FILE_ONLY___  
2020-11-01 16:39:43,635 INFO     ___FILE_ONLY___ for
2020-11-01 16:39:43,635 INFO     ___FILE_ONLY___  
2020-11-01 16:39:43,635 INFO     ___FILE_ONLY___ --disk
2020-11-01 16:39:43,636 INFO     ___FILE_ONLY___  
2020-11-01 16:39:43,636 INFO     ___FILE_ONLY___ flag
2020-11-01 16:39:43,636 INFO     ___FILE_ONLY___  
2020-11-01 16:39:43,636 INFO     ___FILE_ONLY___ for
2020-11-01 16:39:43,636 INFO     ___FILE_ONLY___  
2020-11-01 16:39:43,636 INFO     ___FILE_ONLY___ gcloud
2020-11-01 16:39:43,637 INFO     ___FILE_ONLY___  
2020-11-01 16:39:43,637 INFO     ___FILE_ONLY___ compute
2020-11-01 16:39:43,637 INFO     ___FILE_ONLY___  
2020-11-01 16:39:43,637 INFO     ___FILE_ONLY___ instances
2020-11-01 16:39:43,637 INFO     ___FILE_ONLY___ 

2020-11-01 16:39:43,638 INFO     ___FILE_ONLY___         
2020-11-01 16:39:43,638 INFO     ___FILE_ONLY___ create
2020-11-01 16:39:43,638 INFO     ___FILE_ONLY___  
2020-11-01 16:39:43,638 INFO     ___FILE_ONLY___ to
2020-11-01 16:39:43,639 INFO     ___FILE_ONLY___  
2020-11-01 16:39:43,639 INFO     ___FILE_ONLY___ GA.
2020-11-01 16:39:43,639 INFO     ___FILE_ONLY___ 

2020-11-01 16:39:43,639 INFO     ___FILE_ONLY___       o
2020-11-01 16:39:43,640 INFO     ___FILE_ONLY___  
2020-11-01 16:39:43,640 INFO     ___FILE_ONLY___ Fixed
2020-11-01 16:39:43,640 INFO     ___FILE_ONLY___  
2020-11-01 16:39:43,640 INFO     ___FILE_ONLY___ incorrect
2020-11-01 16:39:43,640 INFO     ___FILE_ONLY___  
2020-11-01 16:39:43,640 INFO     ___FILE_ONLY___ error
2020-11-01 16:39:43,641 INFO     ___FILE_ONLY___  
2020-11-01 16:39:43,641 INFO     ___FILE_ONLY___ message
2020-11-01 16:39:43,641 INFO     ___FILE_ONLY___  
2020-11-01 16:39:43,641 INFO     ___FILE_ONLY___ for
2020-11-01 16:39:43,641 INFO     ___FILE_ONLY___  
2020-11-01 16:39:43,642 INFO     ___FILE_ONLY___ gcloud
2020-11-01 16:39:43,642 INFO     ___FILE_ONLY___  
2020-11-01 16:39:43,642 INFO     ___FILE_ONLY___ compute
2020-11-01 16:39:43,642 INFO     ___FILE_ONLY___  
2020-11-01 16:39:43,643 INFO     ___FILE_ONLY___ target-http-proxies.
2020-11-01 16:39:43,649 INFO     ___FILE_ONLY___ 

2020-11-01 16:39:43,649 INFO     ___FILE_ONLY___       o
2020-11-01 16:39:43,650 INFO     ___FILE_ONLY___  
2020-11-01 16:39:43,650 INFO     ___FILE_ONLY___ Added
2020-11-01 16:39:43,650 INFO     ___FILE_ONLY___  
2020-11-01 16:39:43,650 INFO     ___FILE_ONLY___ --user-licenses
2020-11-01 16:39:43,650 INFO     ___FILE_ONLY___  
2020-11-01 16:39:43,651 INFO     ___FILE_ONLY___ flag
2020-11-01 16:39:43,651 INFO     ___FILE_ONLY___  
2020-11-01 16:39:43,651 INFO     ___FILE_ONLY___ to
2020-11-01 16:39:43,651 INFO     ___FILE_ONLY___  
2020-11-01 16:39:43,651 INFO     ___FILE_ONLY___ disk
2020-11-01 16:39:43,652 INFO     ___FILE_ONLY___  
2020-11-01 16:39:43,652 INFO     ___FILE_ONLY___ create
2020-11-01 16:39:43,652 INFO     ___FILE_ONLY___  
2020-11-01 16:39:43,652 INFO     ___FILE_ONLY___ and
2020-11-01 16:39:43,653 INFO     ___FILE_ONLY___  
2020-11-01 16:39:43,653 INFO     ___FILE_ONLY___ update
2020-11-01 16:39:43,653 INFO     ___FILE_ONLY___  
2020-11-01 16:39:43,653 INFO     ___FILE_ONLY___ command
2020-11-01 16:39:43,653 INFO     ___FILE_ONLY___  
2020-11-01 16:39:43,653 INFO     ___FILE_ONLY___ for
2020-11-01 16:39:43,653 INFO     ___FILE_ONLY___ 

2020-11-01 16:39:43,654 INFO     ___FILE_ONLY___         
2020-11-01 16:39:43,654 INFO     ___FILE_ONLY___ alpha.
2020-11-01 16:39:43,654 INFO     ___FILE_ONLY___ 

2020-11-01 16:39:43,654 INFO     ___FILE_ONLY___    
2020-11-01 16:39:43,654 INFO     ___FILE_ONLY___  
2020-11-01 16:39:43,654 INFO     ___FILE_ONLY___ <import>'
2020-11-01 16:39:43,655 INFO     ___FILE_ONLY___  
2020-11-01 16:39:43,655 INFO     ___FILE_ONLY___ when
2020-11-01 16:39:43,655 INFO     ___FILE_ONLY___  
2020-11-01 16:39:43,655 INFO     ___FILE_ONLY___ the
2020-11-01 16:39:43,655 INFO     ___FILE_ONLY___  
2020-11-01 16:39:43,655 INFO     ___FILE_ONLY___ resource
2020-11-01 16:39:43,656 INFO     ___FILE_ONLY___  
2020-11-01 16:39:43,656 INFO     ___FILE_ONLY___ already
2020-11-01 16:39:43,656 INFO     ___FILE_ONLY___  
2020-11-01 16:39:43,656 INFO     ___FILE_ONLY___ exists.
2020-11-01 16:39:43,656 INFO     ___FILE_ONLY___ 

2020-11-01 16:39:43,656 INFO     ___FILE_ONLY___       o
2020-11-01 16:39:43,657 INFO     ___FILE_ONLY___  
2020-11-01 16:39:43,657 INFO     ___FILE_ONLY___ Added
2020-11-01 16:39:43,657 INFO     ___FILE_ONLY___  
2020-11-01 16:39:43,657 INFO     ___FILE_ONLY___ gcloud
2020-11-01 16:39:43,657 INFO     ___FILE_ONLY___  
2020-11-01 16:39:43,657 INFO     ___FILE_ONLY___ beta
2020-11-01 16:39:43,658 INFO     ___FILE_ONLY___  
2020-11-01 16:39:43,658 INFO     ___FILE_ONLY___ compute
2020-11-01 16:39:43,658 INFO     ___FILE_ONLY___  
2020-11-01 16:39:43,658 INFO     ___FILE_ONLY___ snapshots
2020-11-01 16:39:43,658 INFO     ___FILE_ONLY___  
2020-11-01 16:39:43,658 INFO     ___FILE_ONLY___ create
2020-11-01 16:39:43,658 INFO     ___FILE_ONLY___  
2020-11-01 16:39:43,659 INFO     ___FILE_ONLY___ command.
2020-11-01 16:39:43,659 INFO     ___FILE_ONLY___  
2020-11-01 16:39:43,659 INFO     ___FILE_ONLY___ It
2020-11-01 16:39:43,659 INFO     ___FILE_ONLY___  
2020-11-01 16:39:43,659 INFO     ___FILE_ONLY___ allows
2020-11-01 16:39:43,670 INFO     ___FILE_ONLY___  
2020-11-01 16:39:43,670 INFO     ___FILE_ONLY___ to
2020-11-01 16:39:43,671 INFO     ___FILE_ONLY___ 

2020-11-01 16:39:43,671 INFO     ___FILE_ONLY___         
2020-11-01 16:39:43,671 INFO     ___FILE_ONLY___ create
2020-11-01 16:39:43,671 INFO     ___FILE_ONLY___  
2020-11-01 16:39:43,671 INFO     ___FILE_ONLY___ snapshots
2020-11-01 16:39:43,672 INFO     ___FILE_ONLY___  
2020-11-01 16:39:43,672 INFO     ___FILE_ONLY___ of
2020-11-01 16:39:43,672 INFO     ___FILE_ONLY___  
2020-11-01 16:39:43,672 INFO     ___FILE_ONLY___ disks.
2020-11-01 16:39:43,672 INFO     ___FILE_ONLY___ 

2020-11-01 16:39:43,672 INFO     ___FILE_ONLY___       o
2020-11-01 16:39:43,673 INFO     ___FILE_ONLY___  
2020-11-01 16:39:43,673 INFO     ___FILE_ONLY___ Added
2020-11-01 16:39:43,673 INFO     ___FILE_ONLY___  
2020-11-01 16:39:43,673 INFO     ___FILE_ONLY___ --[no-]negative-caching
2020-11-01 16:39:43,673 INFO     ___FILE_ONLY___  
2020-11-01 16:39:43,673 INFO     ___FILE_ONLY___ and
2020-11-01 16:39:43,674 INFO     ___FILE_ONLY___  
2020-11-01 16:39:43,674 INFO     ___FILE_ONLY___ --[no-]negative-caching-policy
2020-11-01 16:39:43,674 INFO     ___FILE_ONLY___  
2020-11-01 16:39:43,674 INFO     ___FILE_ONLY___ to
2020-11-01 16:39:43,674 INFO     ___FILE_ONLY___ 

2020-11-01 16:39:43,674 INFO     ___FILE_ONLY___         
2020-11-01 16:39:43,674 INFO     ___FILE_ONLY___ gcloud
2020-11-01 16:39:43,675 INFO     ___FILE_ONLY___  
2020-11-01 16:39:43,675 INFO     ___FILE_ONLY___ beta
2020-11-01 16:39:43,675 INFO     ___FILE_ONLY___  
2020-11-01 16:39:43,675 INFO     ___FILE_ONLY___ compute
2020-11-01 16:39:43,675 INFO     ___FILE_ONLY___  
2020-11-01 16:39:43,675 INFO     ___FILE_ONLY___ backend-services
2020-11-01 16:39:43,675 INFO     ___FILE_ONLY___  
2020-11-01 16:39:43,676 INFO     ___FILE_ONLY___ create,
2020-11-01 16:39:43,676 INFO     ___FILE_ONLY___  
2020-11-01 16:39:43,676 INFO     ___FILE_ONLY___ gcloud
2020-11-01 16:39:43,676 INFO     ___FILE_ONLY___  
2020-11-01 16:39:43,676 INFO     ___FILE_ONLY___ beta
2020-11-01 16:39:43,676 INFO     ___FILE_ONLY___  
2020-11-01 16:39:43,676 INFO     ___FILE_ONLY___ compute
2020-11-01 16:39:43,676 INFO     ___FILE_ONLY___ 

2020-11-01 16:39:43,677 INFO     ___FILE_ONLY___         
2020-11-01 16:39:43,677 INFO     ___FILE_ONLY___ backend-services
2020-11-01 16:39:43,677 INFO     ___FILE_ONLY___  
2020-11-01 16:39:43,677 INFO     ___FILE_ONLY___ update,
2020-11-01 16:39:43,677 INFO     ___FILE_ONLY___  
2020-11-01 16:39:43,677 INFO     ___FILE_ONLY___ gcloud
2020-11-01 16:39:43,678 INFO     ___FILE_ONLY___  
2020-11-01 16:39:43,678 INFO     ___FILE_ONLY___ beta
2020-11-01 16:39:43,678 INFO     ___FILE_ONLY___  
2020-11-01 16:39:43,678 INFO     ___FILE_ONLY___ compute
2020-11-01 16:39:43,678 INFO     ___FILE_ONLY___  
2020-11-01 16:39:43,678 INFO     ___FILE_ONLY___ backend-buckets
2020-11-01 16:39:43,678 INFO     ___FILE_ONLY___  
2020-11-01 16:39:43,679 INFO     ___FILE_ONLY___ create
2020-11-01 16:39:43,679 INFO     ___FILE_ONLY___  
2020-11-01 16:39:43,679 INFO     ___FILE_ONLY___ and
2020-11-01 16:39:43,679 INFO     ___FILE_ONLY___ 

2020-11-01 16:39:43,679 INFO     ___FILE_ONLY___         
2020-11-01 16:39:43,679 INFO     ___FILE_ONLY___ gcloud
2020-11-01 16:39:43,680 INFO     ___FILE_ONLY___  
2020-11-01 16:39:43,680 INFO     ___FILE_ONLY___ beta
2020-11-01 16:39:43,682 INFO     ___FILE_ONLY___  
2020-11-01 16:39:43,698 INFO     ___FILE_ONLY___ compute
2020-11-01 16:39:43,698 INFO     ___FILE_ONLY___  
2020-11-01 16:39:43,698 INFO     ___FILE_ONLY___ backend-buckets
2020-11-01 16:39:43,699 INFO     ___FILE_ONLY___  
2020-11-01 16:39:43,699 INFO     ___FILE_ONLY___ update.
2020-11-01 16:39:43,699 INFO     ___FILE_ONLY___ 

2020-11-01 16:39:43,699 INFO     ___FILE_ONLY___       o
2020-11-01 16:39:43,699 INFO     ___FILE_ONLY___  
2020-11-01 16:39:43,700 INFO     ___FILE_ONLY___ Added
2020-11-01 16:39:43,700 INFO     ___FILE_ONLY___  
2020-11-01 16:39:43,700 INFO     ___FILE_ONLY___ cdnPolicy.negativeCaching
2020-11-01 16:39:43,701 INFO     ___FILE_ONLY___  
2020-11-01 16:39:43,701 INFO     ___FILE_ONLY___ and
2020-11-01 16:39:43,701 INFO     ___FILE_ONLY___  
2020-11-01 16:39:43,701 INFO     ___FILE_ONLY___ cdnPolicy.negativeCachingPolicy
2020-11-01 16:39:43,701 INFO     ___FILE_ONLY___ 

2020-11-01 16:39:43,702 INFO     ___FILE_ONLY___         
2020-11-01 16:39:43,702 INFO     ___FILE_ONLY___ to
2020-11-01 16:39:43,702 INFO     ___FILE_ONLY___  
2020-11-01 16:39:43,702 INFO     ___FILE_ONLY___ gcloud
2020-11-01 16:39:43,702 INFO     ___FILE_ONLY___  
2020-11-01 16:39:43,702 INFO     ___FILE_ONLY___ beta
2020-11-01 16:39:43,702 INFO     ___FILE_ONLY___  
2020-11-01 16:39:43,703 INFO     ___FILE_ONLY___ compute
2020-11-01 16:39:43,703 INFO     ___FILE_ONLY___  
2020-11-01 16:39:43,703 INFO     ___FILE_ONLY___ backend-services
2020-11-01 16:39:43,703 INFO     ___FILE_ONLY___  
2020-11-01 16:39:43,703 INFO     ___FILE_ONLY___ import
2020-11-01 16:39:43,703 INFO     ___FILE_ONLY___  
2020-11-01 16:39:43,703 INFO     ___FILE_ONLY___ and
2020-11-01 16:39:43,703 INFO     ___FILE_ONLY___  
2020-11-01 16:39:43,704 INFO     ___FILE_ONLY___ gcloud
2020-11-01 16:39:43,704 INFO     ___FILE_ONLY___  
2020-11-01 16:39:43,704 INFO     ___FILE_ONLY___ beta
2020-11-01 16:39:43,704 INFO     ___FILE_ONLY___  
2020-11-01 16:39:43,704 INFO     ___FILE_ONLY___ compute
2020-11-01 16:39:43,704 INFO     ___FILE_ONLY___ 

2020-11-01 16:39:43,704 INFO     ___FILE_ONLY___         
2020-11-01 16:39:43,705 INFO     ___FILE_ONLY___ backend-services
2020-11-01 16:39:43,705 INFO     ___FILE_ONLY___  
2020-11-01 16:39:43,705 INFO     ___FILE_ONLY___ export.
2020-11-01 16:39:43,705 INFO     ___FILE_ONLY___ 

2020-11-01 16:39:43,705 INFO     ___FILE_ONLY___       o
2020-11-01 16:39:43,705 INFO     ___FILE_ONLY___  
2020-11-01 16:39:43,705 INFO     ___FILE_ONLY___ Promoted
2020-11-01 16:39:43,706 INFO     ___FILE_ONLY___  
2020-11-01 16:39:43,706 INFO     ___FILE_ONLY___ HTTP
2020-11-01 16:39:43,706 INFO     ___FILE_ONLY___  
2020-11-01 16:39:43,706 INFO     ___FILE_ONLY___ Filter
2020-11-01 16:39:43,706 INFO     ___FILE_ONLY___  
2020-11-01 16:39:43,706 INFO     ___FILE_ONLY___ related
2020-11-01 16:39:43,706 INFO     ___FILE_ONLY___  
2020-11-01 16:39:43,707 INFO     ___FILE_ONLY___ resource
2020-11-01 16:39:43,707 INFO     ___FILE_ONLY___  
2020-11-01 16:39:43,707 INFO     ___FILE_ONLY___ properties
2020-11-01 16:39:43,707 INFO     ___FILE_ONLY___  
2020-11-01 16:39:43,707 INFO     ___FILE_ONLY___ to
2020-11-01 16:39:43,707 INFO     ___FILE_ONLY___  
2020-11-01 16:39:43,707 INFO     ___FILE_ONLY___ beta
2020-11-01 16:39:43,708 INFO     ___FILE_ONLY___  
2020-11-01 16:39:43,708 INFO     ___FILE_ONLY___ for:
2020-11-01 16:39:43,708 INFO     ___FILE_ONLY___ 

2020-11-01 16:39:43,708 INFO     ___FILE_ONLY___         *
2020-11-01 16:39:43,708 INFO     ___FILE_ONLY___  
2020-11-01 16:39:43,708 INFO     ___FILE_ONLY___ gcloud
2020-11-01 16:39:43,708 INFO     ___FILE_ONLY___  
2020-11-01 16:39:43,709 INFO     ___FILE_ONLY___ compute
2020-11-01 16:39:43,709 INFO     ___FILE_ONLY___  
2020-11-01 16:39:43,709 INFO     ___FILE_ONLY___ target-http-proxies
2020-11-01 16:39:43,709 INFO     ___FILE_ONLY___  
2020-11-01 16:39:43,709 INFO     ___FILE_ONLY___ import
2020-11-01 16:39:43,709 INFO     ___FILE_ONLY___ 

2020-11-01 16:39:43,709 INFO     ___FILE_ONLY___         *
2020-11-01 16:39:43,710 INFO     ___FILE_ONLY___  
2020-11-01 16:39:43,710 INFO     ___FILE_ONLY___ gcloud
2020-11-01 16:39:43,710 INFO     ___FILE_ONLY___  
2020-11-01 16:39:43,710 INFO     ___FILE_ONLY___ compute
2020-11-01 16:39:43,710 INFO     ___FILE_ONLY___  
2020-11-01 16:39:43,725 INFO     ___FILE_ONLY___ target-http-proxies
2020-11-01 16:39:43,726 INFO     ___FILE_ONLY___  
2020-11-01 16:39:43,726 INFO     ___FILE_ONLY___ export
2020-11-01 16:39:43,726 INFO     ___FILE_ONLY___ 

2020-11-01 16:39:43,726 INFO     ___FILE_ONLY___         *
2020-11-01 16:39:43,726 INFO     ___FILE_ONLY___  
2020-11-01 16:39:43,727 INFO     ___FILE_ONLY___ gcloud
2020-11-01 16:39:43,727 INFO     ___FILE_ONLY___  
2020-11-01 16:39:43,727 INFO     ___FILE_ONLY___ compute
2020-11-01 16:39:43,727 INFO     ___FILE_ONLY___  
2020-11-01 16:39:43,727 INFO     ___FILE_ONLY___ target-https-proxies
2020-11-01 16:39:43,727 INFO     ___FILE_ONLY___  
2020-11-01 16:39:43,727 INFO     ___FILE_ONLY___ import
2020-11-01 16:39:43,728 INFO     ___FILE_ONLY___ 

2020-11-01 16:39:43,728 INFO     ___FILE_ONLY___         *
2020-11-01 16:39:43,729 INFO     ___FILE_ONLY___  
2020-11-01 16:39:43,729 INFO     ___FILE_ONLY___ gcloud
2020-11-01 16:39:43,729 INFO     ___FILE_ONLY___  
2020-11-01 16:39:43,729 INFO     ___FILE_ONLY___ compute
2020-11-01 16:39:43,729 INFO     ___FILE_ONLY___  
2020-11-01 16:39:43,730 INFO     ___FILE_ONLY___ target-https-proxies
2020-11-01 16:39:43,730 INFO     ___FILE_ONLY___  
2020-11-01 16:39:43,730 INFO     ___FILE_ONLY___ export
2020-11-01 16:39:43,730 INFO     ___FILE_ONLY___ 

2020-11-01 16:39:43,731 INFO     ___FILE_ONLY___         *
2020-11-01 16:39:43,731 INFO     ___FILE_ONLY___  
2020-11-01 16:39:43,731 INFO     ___FILE_ONLY___ gcloud
2020-11-01 16:39:43,731 INFO     ___FILE_ONLY___  
2020-11-01 16:39:43,732 INFO     ___FILE_ONLY___ compute
2020-11-01 16:39:43,732 INFO     ___FILE_ONLY___  
2020-11-01 16:39:43,732 INFO     ___FILE_ONLY___ url-maps
2020-11-01 16:39:43,732 INFO     ___FILE_ONLY___  
2020-11-01 16:39:43,732 INFO     ___FILE_ONLY___ import
2020-11-01 16:39:43,733 INFO     ___FILE_ONLY___ 

2020-11-01 16:39:43,734 INFO     ___FILE_ONLY___         *
2020-11-01 16:39:43,734 INFO     ___FILE_ONLY___  
2020-11-01 16:39:43,734 INFO     ___FILE_ONLY___ gcloud
2020-11-01 16:39:43,734 INFO     ___FILE_ONLY___  
2020-11-01 16:39:43,734 INFO     ___FILE_ONLY___ compute
2020-11-01 16:39:43,734 INFO     ___FILE_ONLY___  
2020-11-01 16:39:43,734 INFO     ___FILE_ONLY___ url-maps
2020-11-01 16:39:43,735 INFO     ___FILE_ONLY___  
2020-11-01 16:39:43,735 INFO     ___FILE_ONLY___ export
2020-11-01 16:39:43,735 INFO     ___FILE_ONLY___ 

2020-11-01 16:39:43,735 INFO     ___FILE_ONLY___ 

2020-11-01 16:39:43,735 INFO     ___FILE_ONLY___ 
2020-11-01 16:39:43,736 INFO     ___FILE_ONLY___   
2020-11-01 16:39:43,736 INFO     ___FILE_ONLY___ Config Connector

2020-11-01 16:39:43,736 INFO     ___FILE_ONLY___       o
2020-11-01 16:39:43,736 INFO     ___FILE_ONLY___  
2020-11-01 16:39:43,736 INFO     ___FILE_ONLY___ Added
2020-11-01 16:39:43,737 INFO     ___FILE_ONLY___  
2020-11-01 16:39:43,737 INFO     ___FILE_ONLY___ Google
2020-11-01 16:39:43,737 INFO     ___FILE_ONLY___  
2020-11-01 16:39:43,737 INFO     ___FILE_ONLY___ Cloud
2020-11-01 16:39:43,737 INFO     ___FILE_ONLY___  
2020-11-01 16:39:43,737 INFO     ___FILE_ONLY___ Config
2020-11-01 16:39:43,738 INFO     ___FILE_ONLY___  
2020-11-01 16:39:43,738 INFO     ___FILE_ONLY___ Connector
2020-11-01 16:39:43,738 INFO     ___FILE_ONLY___  
2020-11-01 16:39:43,738 INFO     ___FILE_ONLY___ v1.26.0.
2020-11-01 16:39:43,738 INFO     ___FILE_ONLY___  
2020-11-01 16:39:43,738 INFO     ___FILE_ONLY___ See
2020-11-01 16:39:43,739 INFO     ___FILE_ONLY___  
2020-11-01 16:39:43,739 INFO     ___FILE_ONLY___ Config
2020-11-01 16:39:43,739 INFO     ___FILE_ONLY___  
2020-11-01 16:39:43,739 INFO     ___FILE_ONLY___ Connector
2020-11-01 16:39:43,739 INFO     ___FILE_ONLY___ 

2020-11-01 16:39:43,739 INFO     ___FILE_ONLY___         
2020-11-01 16:39:43,739 INFO     ___FILE_ONLY___ Overview
2020-11-01 16:39:43,739 INFO     ___FILE_ONLY___  
2020-11-01 16:39:43,740 INFO     ___FILE_ONLY___ for
2020-11-01 16:39:43,740 INFO     ___FILE_ONLY___  
2020-11-01 16:39:43,740 INFO     ___FILE_ONLY___ more
2020-11-01 16:39:43,740 INFO     ___FILE_ONLY___  
2020-11-01 16:39:43,740 INFO     ___FILE_ONLY___ details
2020-11-01 16:39:43,740 INFO     ___FILE_ONLY___ 

2020-11-01 16:39:43,740 INFO     ___FILE_ONLY___         
2020-11-01 16:39:43,741 INFO     ___FILE_ONLY___ https://cloud.google.com/config-connector/docs/overview
2020-11-01 16:39:43,741 INFO     ___FILE_ONLY___ 

2020-11-01 16:39:43,741 INFO     ___FILE_ONLY___         
2020-11-01 16:39:43,741 INFO     ___FILE_ONLY___ (https://cloud.google.com/config-connector/docs/overview).
2020-11-01 16:39:43,741 INFO     ___FILE_ONLY___ 

2020-11-01 16:39:43,741 INFO     ___FILE_ONLY___ 

2020-11-01 16:39:43,741 INFO     ___FILE_ONLY___ 
2020-11-01 16:39:43,742 INFO     ___FILE_ONLY___   
2020-11-01 16:39:43,742 INFO     ___FILE_ONLY___ Events

2020-11-01 16:39:43,742 INFO     ___FILE_ONLY___       o
2020-11-01 16:39:43,742 INFO     ___FILE_ONLY___  
2020-11-01 16:39:43,742 INFO     ___FILE_ONLY___ Updated
2020-11-01 16:39:43,742 INFO     ___FILE_ONLY___  
2020-11-01 16:39:43,742 INFO     ___FILE_ONLY___ gcloud
2020-11-01 16:39:43,743 INFO     ___FILE_ONLY___  
2020-11-01 16:39:43,743 INFO     ___FILE_ONLY___ beta
2020-11-01 16:39:43,743 INFO     ___FILE_ONLY___  
2020-11-01 16:39:43,743 INFO     ___FILE_ONLY___ events
2020-11-01 16:39:43,743 INFO     ___FILE_ONLY___  
2020-11-01 16:39:43,743 INFO     ___FILE_ONLY___ triggers
2020-11-01 16:39:43,743 INFO     ___FILE_ONLY___  
2020-11-01 16:39:43,743 INFO     ___FILE_ONLY___ create
2020-11-01 16:39:43,743 INFO     ___FILE_ONLY___  
2020-11-01 16:39:43,744 INFO     ___FILE_ONLY___ to
2020-11-01 16:39:43,744 INFO     ___FILE_ONLY___  
2020-11-01 16:39:43,744 INFO     ___FILE_ONLY___ reference
2020-11-01 16:39:43,744 INFO     ___FILE_ONLY___  
2020-11-01 16:39:43,744 INFO     ___FILE_ONLY___ the
2020-11-01 16:39:43,744 INFO     ___FILE_ONLY___ 

2020-11-01 16:39:43,744 INFO     ___FILE_ONLY___    
2020-11-01 16:39:43,745 INFO     ___FILE_ONLY___  
2020-11-01 16:39:43,745 INFO     ___FILE_ONLY___ serving.knative.dev/v1
2020-11-01 16:39:43,745 INFO     ___FILE_ONLY___  
2020-11-01 16:39:43,745 INFO     ___FILE_ONLY___ APIVersion
2020-11-01 16:39:43,745 INFO     ___FILE_ONLY___  
2020-11-01 16:39:43,745 INFO     ___FILE_ONLY___ in
2020-11-01 16:39:43,745 INFO     ___FILE_ONLY___  
2020-11-01 16:39:43,745 INFO     ___FILE_ONLY___ the
2020-11-01 16:39:43,746 INFO     ___FILE_ONLY___  
2020-11-01 16:39:43,746 INFO     ___FILE_ONLY___ subscriber
2020-11-01 16:39:43,746 INFO     ___FILE_ONLY___  
2020-11-01 16:39:43,746 INFO     ___FILE_ONLY___ reference
2020-11-01 16:39:43,746 INFO     ___FILE_ONLY___  
2020-11-01 16:39:43,746 INFO     ___FILE_ONLY___ of
2020-11-01 16:39:43,746 INFO     ___FILE_ONLY___  
2020-11-01 16:39:43,747 INFO     ___FILE_ONLY___ created
2020-11-01 16:39:43,747 INFO     ___FILE_ONLY___ 

2020-11-01 16:39:43,748 INFO     ___FILE_ONLY___     
2020-11-01 16:39:43,748 INFO     ___FILE_ONLY___ triggers.
2020-11-01 16:39:43,748 INFO     ___FILE_ONLY___ 

2020-11-01 16:39:43,748 INFO     ___FILE_ONLY___ 

2020-11-01 16:39:43,748 INFO     ___FILE_ONLY___ 
2020-11-01 16:39:43,748 INFO     ___FILE_ONLY___   
2020-11-01 16:39:43,748 INFO     ___FILE_ONLY___ Firebase Test Lab

2020-11-01 16:39:43,750 INFO     ___FILE_ONLY___       o
2020-11-01 16:39:43,750 INFO     ___FILE_ONLY___  
2020-11-01 16:39:43,750 INFO     ___FILE_ONLY___ Promoted
2020-11-01 16:39:43,751 INFO     ___FILE_ONLY___  
2020-11-01 16:39:43,751 INFO     ___FILE_ONLY___ --testing-special-entitlements
2020-11-01 16:39:43,751 INFO     ___FILE_ONLY___  
2020-11-01 16:39:43,751 INFO     ___FILE_ONLY___ flag
2020-11-01 16:39:43,751 INFO     ___FILE_ONLY___  
2020-11-01 16:39:43,751 INFO     ___FILE_ONLY___ of
2020-11-01 16:39:43,751 INFO     ___FILE_ONLY___  
2020-11-01 16:39:43,752 INFO     ___FILE_ONLY___ gcloud
2020-11-01 16:39:43,752 INFO     ___FILE_ONLY___  
2020-11-01 16:39:43,752 INFO     ___FILE_ONLY___ firebase
2020-11-01 16:39:43,752 INFO     ___FILE_ONLY___  
2020-11-01 16:39:43,752 INFO     ___FILE_ONLY___ test
2020-11-01 16:39:43,752 INFO     ___FILE_ONLY___ 

2020-11-01 16:39:43,752 INFO     ___FILE_ONLY___         
2020-11-01 16:39:43,753 INFO     ___FILE_ONLY___ ios
2020-11-01 16:39:43,753 INFO     ___FILE_ONLY___  
2020-11-01 16:39:43,753 INFO     ___FILE_ONLY___ run
2020-11-01 16:39:43,753 INFO     ___FILE_ONLY___  
2020-11-01 16:39:43,753 INFO     ___FILE_ONLY___ to
2020-11-01 16:39:43,753 INFO     ___FILE_ONLY___  
2020-11-01 16:39:43,753 INFO     ___FILE_ONLY___ GA.
2020-11-01 16:39:43,754 INFO     ___FILE_ONLY___ 

2020-11-01 16:39:43,754 INFO     ___FILE_ONLY___ 

2020-11-01 16:39:43,754 INFO     ___FILE_ONLY___ 
2020-11-01 16:39:43,754 INFO     ___FILE_ONLY___   
2020-11-01 16:39:43,754 INFO     ___FILE_ONLY___ Kpt

2020-11-01 16:39:43,754 INFO     ___FILE_ONLY___       o
2020-11-01 16:39:43,755 INFO     ___FILE_ONLY___  
2020-11-01 16:39:43,755 INFO     ___FILE_ONLY___ Updated
2020-11-01 16:39:43,755 INFO     ___FILE_ONLY___  
2020-11-01 16:39:43,755 INFO     ___FILE_ONLY___ kpt
2020-11-01 16:39:43,755 INFO     ___FILE_ONLY___  
2020-11-01 16:39:43,755 INFO     ___FILE_ONLY___ from
2020-11-01 16:39:43,755 INFO     ___FILE_ONLY___  
2020-11-01 16:39:43,755 INFO     ___FILE_ONLY___ v0.34.0
2020-11-01 16:39:43,755 INFO     ___FILE_ONLY___  
2020-11-01 16:39:43,756 INFO     ___FILE_ONLY___ to
2020-11-01 16:39:43,756 INFO     ___FILE_ONLY___  
2020-11-01 16:39:43,756 INFO     ___FILE_ONLY___ v0.35.0.
2020-11-01 16:39:43,756 INFO     ___FILE_ONLY___ 

2020-11-01 16:39:43,756 INFO     ___FILE_ONLY___       o
2020-11-01 16:39:43,756 INFO     ___FILE_ONLY___  
2020-11-01 16:39:43,756 INFO     ___FILE_ONLY___ Updated
2020-11-01 16:39:43,756 INFO     ___FILE_ONLY___  
2020-11-01 16:39:43,757 INFO     ___FILE_ONLY___ import
2020-11-01 16:39:43,757 INFO     ___FILE_ONLY___  
2020-11-01 16:39:43,757 INFO     ___FILE_ONLY___ of
2020-11-01 16:39:43,757 INFO     ___FILE_ONLY___  
2020-11-01 16:39:43,757 INFO     ___FILE_ONLY___ cli-utils
2020-11-01 16:39:43,757 INFO     ___FILE_ONLY___  
2020-11-01 16:39:43,757 INFO     ___FILE_ONLY___ from
2020-11-01 16:39:43,757 INFO     ___FILE_ONLY___  
2020-11-01 16:39:43,757 INFO     ___FILE_ONLY___ v0.20.1
2020-11-01 16:39:43,758 INFO     ___FILE_ONLY___  
2020-11-01 16:39:43,758 INFO     ___FILE_ONLY___ to
2020-11-01 16:39:43,758 INFO     ___FILE_ONLY___  
2020-11-01 16:39:43,758 INFO     ___FILE_ONLY___ v0.20.6.
2020-11-01 16:39:43,758 INFO     ___FILE_ONLY___ 

2020-11-01 16:39:43,758 INFO     ___FILE_ONLY___       o
2020-11-01 16:39:43,758 INFO     ___FILE_ONLY___  
2020-11-01 16:39:43,759 INFO     ___FILE_ONLY___ Updated
2020-11-01 16:39:43,759 INFO     ___FILE_ONLY___  
2020-11-01 16:39:43,759 INFO     ___FILE_ONLY___ import
2020-11-01 16:39:43,759 INFO     ___FILE_ONLY___  
2020-11-01 16:39:43,759 INFO     ___FILE_ONLY___ of
2020-11-01 16:39:43,759 INFO     ___FILE_ONLY___  
2020-11-01 16:39:43,759 INFO     ___FILE_ONLY___ kyaml
2020-11-01 16:39:43,759 INFO     ___FILE_ONLY___  
2020-11-01 16:39:43,760 INFO     ___FILE_ONLY___ from
2020-11-01 16:39:43,760 INFO     ___FILE_ONLY___  
2020-11-01 16:39:43,760 INFO     ___FILE_ONLY___ v0.8.0
2020-11-01 16:39:43,760 INFO     ___FILE_ONLY___  
2020-11-01 16:39:43,760 INFO     ___FILE_ONLY___ to
2020-11-01 16:39:43,761 INFO     ___FILE_ONLY___  
2020-11-01 16:39:43,761 INFO     ___FILE_ONLY___ v0.9.2.
2020-11-01 16:39:43,761 INFO     ___FILE_ONLY___ 

2020-11-01 16:39:43,761 INFO     ___FILE_ONLY___       o
2020-11-01 16:39:43,761 INFO     ___FILE_ONLY___  
2020-11-01 16:39:43,762 INFO     ___FILE_ONLY___ Updated
2020-11-01 16:39:43,762 INFO     ___FILE_ONLY___  
2020-11-01 16:39:43,762 INFO     ___FILE_ONLY___ import
2020-11-01 16:39:43,762 INFO     ___FILE_ONLY___  
2020-11-01 16:39:43,762 INFO     ___FILE_ONLY___ of
2020-11-01 16:39:43,762 INFO     ___FILE_ONLY___  
2020-11-01 16:39:43,762 INFO     ___FILE_ONLY___ cmd/config
2020-11-01 16:39:43,762 INFO     ___FILE_ONLY___  
2020-11-01 16:39:43,763 INFO     ___FILE_ONLY___ from
2020-11-01 16:39:43,763 INFO     ___FILE_ONLY___  
2020-11-01 16:39:43,763 INFO     ___FILE_ONLY___ v0.8.0
2020-11-01 16:39:43,763 INFO     ___FILE_ONLY___  
2020-11-01 16:39:43,764 INFO     ___FILE_ONLY___ to
2020-11-01 16:39:43,764 INFO     ___FILE_ONLY___  
2020-11-01 16:39:43,764 INFO     ___FILE_ONLY___ v0.8.3.
2020-11-01 16:39:43,764 INFO     ___FILE_ONLY___ 

2020-11-01 16:39:43,764 INFO     ___FILE_ONLY___ 

2020-11-01 16:39:43,764 INFO     ___FILE_ONLY___ 
2020-11-01 16:39:43,764 INFO     ___FILE_ONLY___   
2020-11-01 16:39:43,765 INFO     ___FILE_ONLY___ Kubernetes Engine

2020-11-01 16:39:43,765 INFO     ___FILE_ONLY___       o
2020-11-01 16:39:43,765 INFO     ___FILE_ONLY___  
2020-11-01 16:39:43,766 INFO     ___FILE_ONLY___ Added
2020-11-01 16:39:43,766 INFO     ___FILE_ONLY___  
2020-11-01 16:39:43,766 INFO     ___FILE_ONLY___ --release-channel=None
2020-11-01 16:39:43,766 INFO     ___FILE_ONLY___  
2020-11-01 16:39:43,767 INFO     ___FILE_ONLY___ option
2020-11-01 16:39:43,767 INFO     ___FILE_ONLY___  
2020-11-01 16:39:43,767 INFO     ___FILE_ONLY___ to
2020-11-01 16:39:43,767 INFO     ___FILE_ONLY___  
2020-11-01 16:39:43,767 INFO     ___FILE_ONLY___ gcloud
2020-11-01 16:39:43,767 INFO     ___FILE_ONLY___  
2020-11-01 16:39:43,768 INFO     ___FILE_ONLY___ container
2020-11-01 16:39:43,768 INFO     ___FILE_ONLY___  
2020-11-01 16:39:43,768 INFO     ___FILE_ONLY___ clusters
2020-11-01 16:39:43,768 INFO     ___FILE_ONLY___ 

2020-11-01 16:39:43,768 INFO     ___FILE_ONLY___         
2020-11-01 16:39:43,768 INFO     ___FILE_ONLY___ create.
2020-11-01 16:39:43,768 INFO     ___FILE_ONLY___  
2020-11-01 16:39:43,768 INFO     ___FILE_ONLY___ This
2020-11-01 16:39:43,769 INFO     ___FILE_ONLY___  
2020-11-01 16:39:43,769 INFO     ___FILE_ONLY___ option
2020-11-01 16:39:43,769 INFO     ___FILE_ONLY___  
2020-11-01 16:39:43,769 INFO     ___FILE_ONLY___ is
2020-11-01 16:39:43,769 INFO     ___FILE_ONLY___  
2020-11-01 16:39:43,769 INFO     ___FILE_ONLY___ used
2020-11-01 16:39:43,770 INFO     ___FILE_ONLY___  
2020-11-01 16:39:43,770 INFO     ___FILE_ONLY___ to
2020-11-01 16:39:43,770 INFO     ___FILE_ONLY___  
2020-11-01 16:39:43,770 INFO     ___FILE_ONLY___ explicitly
2020-11-01 16:39:43,770 INFO     ___FILE_ONLY___  
2020-11-01 16:39:43,770 INFO     ___FILE_ONLY___ opt-out
2020-11-01 16:39:43,770 INFO     ___FILE_ONLY___  
2020-11-01 16:39:43,771 INFO     ___FILE_ONLY___ of
2020-11-01 16:39:43,771 INFO     ___FILE_ONLY___  
2020-11-01 16:39:43,771 INFO     ___FILE_ONLY___ release
2020-11-01 16:39:43,771 INFO     ___FILE_ONLY___  
2020-11-01 16:39:43,771 INFO     ___FILE_ONLY___ channels.
2020-11-01 16:39:43,771 INFO     ___FILE_ONLY___ 

2020-11-01 16:39:43,771 INFO     ___FILE_ONLY___ 

2020-11-01 16:39:43,772 INFO     ___FILE_ONLY___    
2020-11-01 16:39:43,772 INFO     ___FILE_ONLY___  
2020-11-01 16:39:43,772 INFO     ___FILE_ONLY___ Subscribe
2020-11-01 16:39:43,772 INFO     ___FILE_ONLY___  
2020-11-01 16:39:43,772 INFO     ___FILE_ONLY___ to
2020-11-01 16:39:43,773 INFO     ___FILE_ONLY___  
2020-11-01 16:39:43,773 INFO     ___FILE_ONLY___ these
2020-11-01 16:39:43,773 INFO     ___FILE_ONLY___  
2020-11-01 16:39:43,773 INFO     ___FILE_ONLY___ release
2020-11-01 16:39:43,773 INFO     ___FILE_ONLY___  
2020-11-01 16:39:43,773 INFO     ___FILE_ONLY___ notes
2020-11-01 16:39:43,774 INFO     ___FILE_ONLY___  
2020-11-01 16:39:43,774 INFO     ___FILE_ONLY___ at
2020-11-01 16:39:43,774 INFO     ___FILE_ONLY___ 

2020-11-01 16:39:43,774 INFO     ___FILE_ONLY___     
2020-11-01 16:39:43,774 INFO     ___FILE_ONLY___ https://groups.google.com/forum/#!forum/google-cloud-sdk-announce
2020-11-01 16:39:43,775 INFO     ___FILE_ONLY___ 

2020-11-01 16:39:43,775 INFO     ___FILE_ONLY___     
2020-11-01 16:39:43,775 INFO     ___FILE_ONLY___ (https://groups.google.com/forum/#!forum/google-cloud-sdk-announce).
2020-11-01 16:39:43,775 INFO     ___FILE_ONLY___ 

2020-11-01 16:39:43,775 INFO     ___FILE_ONLY___ 
2020-11-01 16:39:43,775 INFO     ___FILE_ONLY___ 

2020-11-01 16:39:43,785 INFO     ___FILE_ONLY___ #============================================================#

2020-11-01 16:39:43,786 INFO     ___FILE_ONLY___ #= Creating update staging area                             =#

2020-11-01 16:39:43,786 INFO     ___FILE_ONLY___ #
2020-11-01 16:39:43,786 INFO     ___FILE_ONLY___ ======
2020-11-01 16:39:55,766 INFO     ___FILE_ONLY___ ======
2020-11-01 16:39:55,766 INFO     ___FILE_ONLY___ ======
2020-11-01 16:39:57,746 INFO     ___FILE_ONLY___ =
2020-11-01 16:39:58,462 INFO     ___FILE_ONLY___ =
2020-11-01 16:39:59,657 INFO     ___FILE_ONLY___ =
2020-11-01 16:40:00,742 INFO     ___FILE_ONLY___ =
2020-11-01 16:40:02,105 INFO     ___FILE_ONLY___ =
2020-11-01 16:40:03,215 INFO     ___FILE_ONLY___ =
2020-11-01 16:40:03,793 INFO     ___FILE_ONLY___ =
2020-11-01 16:40:04,730 INFO     ___FILE_ONLY___ =
2020-11-01 16:40:05,839 INFO     ___FILE_ONLY___ =
2020-11-01 16:40:07,194 INFO     ___FILE_ONLY___ =
2020-11-01 16:40:07,737 INFO     ___FILE_ONLY___ =
2020-11-01 16:40:08,202 INFO     ___FILE_ONLY___ =
2020-11-01 16:40:08,650 INFO     ___FILE_ONLY___ =
2020-11-01 16:40:09,198 INFO     ___FILE_ONLY___ =
2020-11-01 16:40:10,069 INFO     ___FILE_ONLY___ =
2020-11-01 16:40:10,613 INFO     ___FILE_ONLY___ =
2020-11-01 16:40:11,202 INFO     ___FILE_ONLY___ =
2020-11-01 16:40:12,030 INFO     ___FILE_ONLY___ =
2020-11-01 16:40:12,936 INFO     ___FILE_ONLY___ =
2020-11-01 16:40:13,905 INFO     ___FILE_ONLY___ =
2020-11-01 16:40:14,908 INFO     ___FILE_ONLY___ =
2020-11-01 16:40:15,489 INFO     ___FILE_ONLY___ =
2020-11-01 16:40:16,458 INFO     ___FILE_ONLY___ =
2020-11-01 16:40:17,014 INFO     ___FILE_ONLY___ =
2020-11-01 16:40:17,578 INFO     ___FILE_ONLY___ =
2020-11-01 16:40:18,092 INFO     ___FILE_ONLY___ =
2020-11-01 16:40:18,683 INFO     ___FILE_ONLY___ =
2020-11-01 16:40:19,303 INFO     ___FILE_ONLY___ =
2020-11-01 16:40:19,811 INFO     ___FILE_ONLY___ =
2020-11-01 16:40:20,302 INFO     ___FILE_ONLY___ =
2020-11-01 16:40:20,801 INFO     ___FILE_ONLY___ =
2020-11-01 16:40:21,376 INFO     ___FILE_ONLY___ =
2020-11-01 16:40:22,219 INFO     ___FILE_ONLY___ =
2020-11-01 16:40:23,172 INFO     ___FILE_ONLY___ =
2020-11-01 16:40:23,306 INFO     ___FILE_ONLY___ =
2020-11-01 16:40:23,465 INFO     ___FILE_ONLY___ =
2020-11-01 16:40:23,560 INFO     ___FILE_ONLY___ =
2020-11-01 16:40:23,675 INFO     ___FILE_ONLY___ =
2020-11-01 16:40:23,792 INFO     ___FILE_ONLY___ =
2020-11-01 16:40:23,919 INFO     ___FILE_ONLY___ =
2020-11-01 16:40:24,079 INFO     ___FILE_ONLY___ =
2020-11-01 16:40:24,698 INFO     ___FILE_ONLY___ =
2020-11-01 16:40:24,698 INFO     ___FILE_ONLY___ #

2020-11-01 16:40:27,243 INFO     ___FILE_ONLY___ #= Uninstalling: Cloud SDK Core Libraries                   =#

2020-11-01 16:40:27,244 INFO     ___FILE_ONLY___ #
2020-11-01 16:40:27,280 INFO     ___FILE_ONLY___ =
2020-11-01 16:40:27,312 INFO     ___FILE_ONLY___ =
2020-11-01 16:40:27,345 INFO     ___FILE_ONLY___ =
2020-11-01 16:40:27,382 INFO     ___FILE_ONLY___ =
2020-11-01 16:40:27,428 INFO     ___FILE_ONLY___ =
2020-11-01 16:40:27,463 INFO     ___FILE_ONLY___ =
2020-11-01 16:40:27,493 INFO     ___FILE_ONLY___ =
2020-11-01 16:40:27,537 INFO     ___FILE_ONLY___ =
2020-11-01 16:40:27,575 INFO     ___FILE_ONLY___ =
2020-11-01 16:40:27,612 INFO     ___FILE_ONLY___ =
2020-11-01 16:40:27,650 INFO     ___FILE_ONLY___ =
2020-11-01 16:40:27,678 INFO     ___FILE_ONLY___ =
2020-11-01 16:40:27,706 INFO     ___FILE_ONLY___ =
2020-11-01 16:40:27,748 INFO     ___FILE_ONLY___ =
2020-11-01 16:40:27,778 INFO     ___FILE_ONLY___ =
2020-11-01 16:40:27,810 INFO     ___FILE_ONLY___ =
2020-11-01 16:40:27,827 INFO     ___FILE_ONLY___ =
2020-11-01 16:40:27,846 INFO     ___FILE_ONLY___ =
2020-11-01 16:40:27,871 INFO     ___FILE_ONLY___ =
2020-11-01 16:40:27,911 INFO     ___FILE_ONLY___ =
2020-11-01 16:40:27,955 INFO     ___FILE_ONLY___ =
2020-11-01 16:40:28,006 INFO     ___FILE_ONLY___ =
2020-11-01 16:40:28,044 INFO     ___FILE_ONLY___ =
2020-11-01 16:40:28,086 INFO     ___FILE_ONLY___ =
2020-11-01 16:40:28,135 INFO     ___FILE_ONLY___ =
2020-11-01 16:40:28,206 INFO     ___FILE_ONLY___ =
2020-11-01 16:40:28,251 INFO     ___FILE_ONLY___ =
2020-11-01 16:40:28,296 INFO     ___FILE_ONLY___ =
2020-11-01 16:40:28,369 INFO     ___FILE_ONLY___ =
2020-11-01 16:40:28,404 INFO     ___FILE_ONLY___ =
2020-11-01 16:40:28,429 INFO     ___FILE_ONLY___ =
2020-11-01 16:40:28,467 INFO     ___FILE_ONLY___ =
2020-11-01 16:40:28,516 INFO     ___FILE_ONLY___ =
2020-11-01 16:40:28,552 INFO     ___FILE_ONLY___ =
2020-11-01 16:40:28,581 INFO     ___FILE_ONLY___ =
2020-11-01 16:40:28,621 INFO     ___FILE_ONLY___ =
2020-11-01 16:40:28,654 INFO     ___FILE_ONLY___ =
2020-11-01 16:40:28,683 INFO     ___FILE_ONLY___ =
2020-11-01 16:40:28,713 INFO     ___FILE_ONLY___ =
2020-11-01 16:40:28,756 INFO     ___FILE_ONLY___ =
2020-11-01 16:40:28,785 INFO     ___FILE_ONLY___ =
2020-11-01 16:40:28,833 INFO     ___FILE_ONLY___ =
2020-11-01 16:40:28,858 INFO     ___FILE_ONLY___ =
2020-11-01 16:40:28,887 INFO     ___FILE_ONLY___ =
2020-11-01 16:40:28,916 INFO     ___FILE_ONLY___ =
2020-11-01 16:40:28,946 INFO     ___FILE_ONLY___ =
2020-11-01 16:40:28,974 INFO     ___FILE_ONLY___ =
2020-11-01 16:40:29,001 INFO     ___FILE_ONLY___ =
2020-11-01 16:40:29,028 INFO     ___FILE_ONLY___ =
2020-11-01 16:40:29,055 INFO     ___FILE_ONLY___ =
2020-11-01 16:40:29,086 INFO     ___FILE_ONLY___ =
2020-11-01 16:40:29,121 INFO     ___FILE_ONLY___ =
2020-11-01 16:40:29,157 INFO     ___FILE_ONLY___ =
2020-11-01 16:40:29,187 INFO     ___FILE_ONLY___ =
2020-11-01 16:40:29,237 INFO     ___FILE_ONLY___ =
2020-11-01 16:40:29,279 INFO     ___FILE_ONLY___ =
2020-11-01 16:40:29,326 INFO     ___FILE_ONLY___ =
2020-11-01 16:40:29,367 INFO     ___FILE_ONLY___ =
2020-11-01 16:40:29,414 INFO     ___FILE_ONLY___ =
2020-11-01 16:40:29,435 INFO     ___FILE_ONLY___ =
2020-11-01 16:40:29,435 INFO     ___FILE_ONLY___ #

2020-11-01 16:40:29,759 INFO     ___FILE_ONLY___ #= Installing: Cloud SDK Core Libraries                     =#

2020-11-01 16:40:29,759 INFO     ___FILE_ONLY___ #
2020-11-01 16:40:30,230 INFO     ___FILE_ONLY___ =
2020-11-01 16:40:30,269 INFO     ___FILE_ONLY___ =
2020-11-01 16:40:30,289 INFO     ___FILE_ONLY___ =
2020-11-01 16:40:30,312 INFO     ___FILE_ONLY___ =
2020-11-01 16:40:30,327 INFO     ___FILE_ONLY___ =
2020-11-01 16:40:30,340 INFO     ___FILE_ONLY___ =
2020-11-01 16:40:30,363 INFO     ___FILE_ONLY___ =
2020-11-01 16:40:30,374 INFO     ___FILE_ONLY___ =
2020-11-01 16:40:30,386 INFO     ___FILE_ONLY___ =
2020-11-01 16:40:30,397 INFO     ___FILE_ONLY___ =
2020-11-01 16:40:30,409 INFO     ___FILE_ONLY___ =
2020-11-01 16:40:30,421 INFO     ___FILE_ONLY___ =
2020-11-01 16:40:30,432 INFO     ___FILE_ONLY___ =
2020-11-01 16:40:30,444 INFO     ___FILE_ONLY___ =
2020-11-01 16:40:30,456 INFO     ___FILE_ONLY___ =
2020-11-01 16:40:30,467 INFO     ___FILE_ONLY___ =
2020-11-01 16:40:30,477 INFO     ___FILE_ONLY___ =
2020-11-01 16:40:30,488 INFO     ___FILE_ONLY___ =
2020-11-01 16:40:30,508 INFO     ___FILE_ONLY___ =
2020-11-01 16:40:30,518 INFO     ___FILE_ONLY___ =
2020-11-01 16:40:30,531 INFO     ___FILE_ONLY___ =
2020-11-01 16:40:30,546 INFO     ___FILE_ONLY___ =
2020-11-01 16:40:30,567 INFO     ___FILE_ONLY___ =
2020-11-01 16:40:30,577 INFO     ___FILE_ONLY___ =
2020-11-01 16:40:30,602 INFO     ___FILE_ONLY___ =
2020-11-01 16:40:30,618 INFO     ___FILE_ONLY___ =
2020-11-01 16:40:30,631 INFO     ___FILE_ONLY___ =
2020-11-01 16:40:30,649 INFO     ___FILE_ONLY___ =
2020-11-01 16:40:30,663 INFO     ___FILE_ONLY___ =
2020-11-01 16:40:30,681 INFO     ___FILE_ONLY___ =
2020-11-01 16:40:32,724 INFO     ___FILE_ONLY___ =
2020-11-01 16:40:32,857 INFO     ___FILE_ONLY___ =
2020-11-01 16:40:32,986 INFO     ___FILE_ONLY___ =
2020-11-01 16:40:33,117 INFO     ___FILE_ONLY___ =
2020-11-01 16:40:33,269 INFO     ___FILE_ONLY___ =
2020-11-01 16:40:33,516 INFO     ___FILE_ONLY___ =
2020-11-01 16:40:33,649 INFO     ___FILE_ONLY___ =
2020-11-01 16:40:33,795 INFO     ___FILE_ONLY___ =
2020-11-01 16:40:33,941 INFO     ___FILE_ONLY___ =
2020-11-01 16:40:34,059 INFO     ___FILE_ONLY___ =
2020-11-01 16:40:34,217 INFO     ___FILE_ONLY___ =
2020-11-01 16:40:34,379 INFO     ___FILE_ONLY___ =
2020-11-01 16:40:34,485 INFO     ___FILE_ONLY___ =
2020-11-01 16:40:34,595 INFO     ___FILE_ONLY___ =
2020-11-01 16:40:34,698 INFO     ___FILE_ONLY___ =
2020-11-01 16:40:34,781 INFO     ___FILE_ONLY___ =
2020-11-01 16:40:34,863 INFO     ___FILE_ONLY___ =
2020-11-01 16:40:35,029 INFO     ___FILE_ONLY___ =
2020-11-01 16:40:35,116 INFO     ___FILE_ONLY___ =
2020-11-01 16:40:35,188 INFO     ___FILE_ONLY___ =
2020-11-01 16:40:35,272 INFO     ___FILE_ONLY___ =
2020-11-01 16:40:35,377 INFO     ___FILE_ONLY___ =
2020-11-01 16:40:35,464 INFO     ___FILE_ONLY___ =
2020-11-01 16:40:35,598 INFO     ___FILE_ONLY___ =
2020-11-01 16:40:35,831 INFO     ___FILE_ONLY___ =
2020-11-01 16:40:36,231 INFO     ___FILE_ONLY___ =
2020-11-01 16:40:36,471 INFO     ___FILE_ONLY___ =
2020-11-01 16:40:36,763 INFO     ___FILE_ONLY___ =
2020-11-01 16:40:37,018 INFO     ___FILE_ONLY___ =
2020-11-01 16:40:37,277 INFO     ___FILE_ONLY___ =
2020-11-01 16:40:37,277 INFO     ___FILE_ONLY___ #

2020-11-01 16:40:37,501 INFO     ___FILE_ONLY___ #= Creating backup and activating new installation          =#

2020-11-01 16:40:37,502 INFO     ___FILE_ONLY___ #
2020-11-01 16:40:37,502 DEBUG    root            Attempting to move directory [/Users/elliotevans/Library/Application Support/google-cloud-tools-java/managed-cloud-sdk/LATEST/google-cloud-sdk] to [/Users/elliotevans/Library/Application Support/google-cloud-tools-java/managed-cloud-sdk/LATEST/google-cloud-sdk.staging/.install/.backup]
2020-11-01 16:40:37,502 INFO     ___FILE_ONLY___ ==============================
2020-11-01 16:40:37,503 DEBUG    root            Attempting to move directory [/Users/elliotevans/Library/Application Support/google-cloud-tools-java/managed-cloud-sdk/LATEST/google-cloud-sdk.staging] to [/Users/elliotevans/Library/Application Support/google-cloud-tools-java/managed-cloud-sdk/LATEST/google-cloud-sdk]
2020-11-01 16:40:37,503 INFO     ___FILE_ONLY___ ==============================
2020-11-01 16:40:37,503 INFO     ___FILE_ONLY___ #

2020-11-01 16:40:37,515 DEBUG    root            Updating notification cache...
2020-11-01 16:40:37,516 INFO     ___FILE_ONLY___ 

2020-11-01 16:40:37,526 INFO     ___FILE_ONLY___ Performing post processing steps...
2020-11-01 16:40:37,526 DEBUG    root            Executing command: ['/System/Library/Frameworks/Python.framework/Versions/2.7/Resources/Python.app/Contents/MacOS/Python', u'-S', u'/Users/elliotevans/Library/Application Support/google-cloud-tools-java/managed-cloud-sdk/LATEST/google-cloud-sdk/lib/gcloud.py', u'components', u'post-process']
2020-11-01 16:41:10,256 DEBUG    ___FILE_ONLY___ 
2020-11-01 16:41:10,256 DEBUG    ___FILE_ONLY___ 
2020-11-01 16:41:10,480 INFO     ___FILE_ONLY___ 
Update done!


2020-11-01 16:41:10,480 INFO     ___FILE_ONLY___ To revert your SDK to the previously installed version, you may run:
  $ gcloud components update --version 315.0.0


2020-11-01 16:41:10,484 INFO     root            Display format: "none"
