2020-10-20 10:44:41,746 DEBUG    root            Loaded Command Group: [u'gcloud', u'components']
2020-10-20 10:44:41,750 DEBUG    root            Loaded Command Group: [u'gcloud', u'components', u'list']
2020-10-20 10:44:41,754 DEBUG    root            Running [gcloud.components.list] with arguments: [--filter: "id:minikube", --format: "json", --only-local-state: "True"]
2020-10-20 10:44:41,769 INFO     ___FILE_ONLY___ 
Your current Cloud SDK version is: 314.0.0

2020-10-20 10:44:41,772 INFO     root            Display format: "table[box,title="Components"](name:label=Name,id:label=ID,size.size(zero="",min=1048576):label=Size:align=right) json"
2020-10-20 10:44:41,776 INFO     ___FILE_ONLY___ [
  {
2020-10-20 10:44:41,776 INFO     ___FILE_ONLY___ 
    "current_version_string": "1.12.3",
2020-10-20 10:44:41,776 INFO     ___FILE_ONLY___ 
    "id": "minikube",
2020-10-20 10:44:41,776 INFO     ___FILE_ONLY___ 
    "is_configuration": false,
2020-10-20 10:44:41,777 INFO     ___FILE_ONLY___ 
    "is_hidden": false,
2020-10-20 10:44:41,777 INFO     ___FILE_ONLY___ 
    "name": "Minikube",
2020-10-20 10:44:41,777 INFO     ___FILE_ONLY___ 
    "size": 0
2020-10-20 10:44:41,777 INFO     ___FILE_ONLY___ 
  }
2020-10-20 10:44:41,778 INFO     ___FILE_ONLY___ 
]

