2020-10-20 10:44:35,851 DEBUG    root            Loaded Command Group: [u'gcloud', u'components']
2020-10-20 10:44:35,861 DEBUG    root            Loaded Command Group: [u'gcloud', u'components', u'list']
2020-10-20 10:44:35,875 DEBUG    root            Running [gcloud.components.list] with arguments: [--filter: "id:beta", --format: "json", --only-local-state: "True"]
2020-10-20 10:44:35,895 INFO     ___FILE_ONLY___ 
Your current Cloud SDK version is: 314.0.0

2020-10-20 10:44:35,898 INFO     root            Display format: "table[box,title="Components"](name:label=Name,id:label=ID,size.size(zero="",min=1048576):label=Size:align=right) json"
2020-10-20 10:44:35,902 INFO     ___FILE_ONLY___ [
  {
2020-10-20 10:44:35,902 INFO     ___FILE_ONLY___ 
    "current_version_string": "2019.05.17",
2020-10-20 10:44:35,902 INFO     ___FILE_ONLY___ 
    "id": "beta",
2020-10-20 10:44:35,902 INFO     ___FILE_ONLY___ 
    "is_configuration": false,
2020-10-20 10:44:35,902 INFO     ___FILE_ONLY___ 
    "is_hidden": false,
2020-10-20 10:44:35,902 INFO     ___FILE_ONLY___ 
    "name": "gcloud Beta Commands",
2020-10-20 10:44:35,903 INFO     ___FILE_ONLY___ 
    "size": null
2020-10-20 10:44:35,903 INFO     ___FILE_ONLY___ 
  }
2020-10-20 10:44:35,904 INFO     ___FILE_ONLY___ 
]

