2020-10-17 23:49:46,053 DEBUG    root            Loaded Command Group: [u'gcloud', u'components']
2020-10-17 23:49:46,066 DEBUG    root            Loaded Command Group: [u'gcloud', u'components', u'update']
2020-10-17 23:49:46,069 DEBUG    root            Running [gcloud.components.update] with arguments: [--quiet: "True"]
2020-10-17 23:49:46,366 INFO     ___FILE_ONLY___ 

2020-10-17 23:49:46,368 INFO     ___FILE_ONLY___ 
Your current Cloud SDK version is: 313.0.1

2020-10-17 23:49:46,368 INFO     ___FILE_ONLY___ You will be upgraded to version: 314.0.0

2020-10-17 23:49:46,369 INFO     ___FILE_ONLY___ 

2020-10-17 23:49:46,371 INFO     ___FILE_ONLY___ +--------------------------------------------------+
2020-10-17 23:49:46,371 INFO     ___FILE_ONLY___ 

2020-10-17 23:49:46,371 INFO     ___FILE_ONLY___ |        These components will be updated.         |
2020-10-17 23:49:46,372 INFO     ___FILE_ONLY___ 

2020-10-17 23:49:46,372 INFO     ___FILE_ONLY___ +--------------------------+------------+----------+
2020-10-17 23:49:46,372 INFO     ___FILE_ONLY___ 

2020-10-17 23:49:46,372 INFO     ___FILE_ONLY___ |           Name           |  Version   |   Size   |
2020-10-17 23:49:46,372 INFO     ___FILE_ONLY___ 

2020-10-17 23:49:46,372 INFO     ___FILE_ONLY___ +--------------------------+------------+----------+
2020-10-17 23:49:46,372 INFO     ___FILE_ONLY___ 

2020-10-17 23:49:46,372 INFO     ___FILE_ONLY___ | 
2020-10-17 23:49:46,372 INFO     ___FILE_ONLY___ Cloud SDK Core Libraries
2020-10-17 23:49:46,373 INFO     ___FILE_ONLY___  
2020-10-17 23:49:46,373 INFO     ___FILE_ONLY___ | 
2020-10-17 23:49:46,373 INFO     ___FILE_ONLY___ 2020.10.09
2020-10-17 23:49:46,373 INFO     ___FILE_ONLY___  
2020-10-17 23:49:46,373 INFO     ___FILE_ONLY___ | 
2020-10-17 23:49:46,373 INFO     ___FILE_ONLY___ 15.3 MiB
2020-10-17 23:49:46,373 INFO     ___FILE_ONLY___  
2020-10-17 23:49:46,373 INFO     ___FILE_ONLY___ |
2020-10-17 23:49:46,373 INFO     ___FILE_ONLY___ 

2020-10-17 23:49:46,373 INFO     ___FILE_ONLY___ +--------------------------+------------+----------+
2020-10-17 23:49:46,373 INFO     ___FILE_ONLY___ 

2020-10-17 23:49:46,374 INFO     ___FILE_ONLY___ 

2020-10-17 23:49:46,745 INFO     ___FILE_ONLY___ The following release notes are new in this upgrade.
Please read carefully for information about new features, breaking changes,
and bugs fixed.  The latest full release notes can be viewed at:
  https://cloud.google.com/sdk/release_notes


2020-10-17 23:49:46,746 INFO     ___FILE_ONLY___ 
2020-10-17 23:49:46,746 INFO     ___FILE_ONLY___ 314.0.0 (2020-10-13)

2020-10-17 23:49:46,746 INFO     ___FILE_ONLY___ 
2020-10-17 23:49:46,747 INFO     ___FILE_ONLY___   
2020-10-17 23:49:46,747 INFO     ___FILE_ONLY___ Breaking Changes

2020-10-17 23:49:46,747 INFO     ___FILE_ONLY___       o
2020-10-17 23:49:46,747 INFO     ___FILE_ONLY___  
2020-10-17 23:49:46,748 INFO     ___FILE_ONLY___ **(Cloud
2020-10-17 23:49:46,748 INFO     ___FILE_ONLY___  
2020-10-17 23:49:46,749 INFO     ___FILE_ONLY___ Build)**
2020-10-17 23:49:46,749 INFO     ___FILE_ONLY___  
2020-10-17 23:49:46,749 INFO     ___FILE_ONLY___ cloud-build-local
2020-10-17 23:49:46,749 INFO     ___FILE_ONLY___  
2020-10-17 23:49:46,749 INFO     ___FILE_ONLY___ is
2020-10-17 23:49:46,750 INFO     ___FILE_ONLY___  
2020-10-17 23:49:46,750 INFO     ___FILE_ONLY___ no
2020-10-17 23:49:46,750 INFO     ___FILE_ONLY___  
2020-10-17 23:49:46,750 INFO     ___FILE_ONLY___ longer
2020-10-17 23:49:46,750 INFO     ___FILE_ONLY___  
2020-10-17 23:49:46,751 INFO     ___FILE_ONLY___ supported
2020-10-17 23:49:46,751 INFO     ___FILE_ONLY___  
2020-10-17 23:49:46,751 INFO     ___FILE_ONLY___ on
2020-10-17 23:49:46,751 INFO     ___FILE_ONLY___  
2020-10-17 23:49:46,751 INFO     ___FILE_ONLY___ 32-bit
2020-10-17 23:49:46,752 INFO     ___FILE_ONLY___ 

2020-10-17 23:49:46,752 INFO     ___FILE_ONLY___         
2020-10-17 23:49:46,754 INFO     ___FILE_ONLY___ MacOS.
2020-10-17 23:49:46,754 INFO     ___FILE_ONLY___  
2020-10-17 23:49:46,754 INFO     ___FILE_ONLY___ The
2020-10-17 23:49:46,754 INFO     ___FILE_ONLY___  
2020-10-17 23:49:46,755 INFO     ___FILE_ONLY___ executable
2020-10-17 23:49:46,755 INFO     ___FILE_ONLY___  
2020-10-17 23:49:46,756 INFO     ___FILE_ONLY___ has
2020-10-17 23:49:46,757 INFO     ___FILE_ONLY___  
2020-10-17 23:49:46,757 INFO     ___FILE_ONLY___ been
2020-10-17 23:49:46,757 INFO     ___FILE_ONLY___  
2020-10-17 23:49:46,757 INFO     ___FILE_ONLY___ deleted
2020-10-17 23:49:46,758 INFO     ___FILE_ONLY___  
2020-10-17 23:49:46,758 INFO     ___FILE_ONLY___ from
2020-10-17 23:49:46,758 INFO     ___FILE_ONLY___  
2020-10-17 23:49:46,758 INFO     ___FILE_ONLY___ this
2020-10-17 23:49:46,761 INFO     ___FILE_ONLY___  
2020-10-17 23:49:46,761 INFO     ___FILE_ONLY___ release.
2020-10-17 23:49:46,761 INFO     ___FILE_ONLY___  
2020-10-17 23:49:46,761 INFO     ___FILE_ONLY___ The
2020-10-17 23:49:46,761 INFO     ___FILE_ONLY___  
2020-10-17 23:49:46,762 INFO     ___FILE_ONLY___ prior
2020-10-17 23:49:46,762 INFO     ___FILE_ONLY___ 

2020-10-17 23:49:46,762 INFO     ___FILE_ONLY___         
2020-10-17 23:49:46,762 INFO     ___FILE_ONLY___ release,
2020-10-17 23:49:46,762 INFO     ___FILE_ONLY___  
2020-10-17 23:49:46,762 INFO     ___FILE_ONLY___ v0.5.0
2020-10-17 23:49:46,762 INFO     ___FILE_ONLY___  
2020-10-17 23:49:46,763 INFO     ___FILE_ONLY___ included
2020-10-17 23:49:46,763 INFO     ___FILE_ONLY___  
2020-10-17 23:49:46,763 INFO     ___FILE_ONLY___ a
2020-10-17 23:49:46,763 INFO     ___FILE_ONLY___  
2020-10-17 23:49:46,763 INFO     ___FILE_ONLY___ 32-bit
2020-10-17 23:49:46,764 INFO     ___FILE_ONLY___  
2020-10-17 23:49:46,764 INFO     ___FILE_ONLY___ MacOS
2020-10-17 23:49:46,764 INFO     ___FILE_ONLY___  
2020-10-17 23:49:46,764 INFO     ___FILE_ONLY___ executable
2020-10-17 23:49:46,765 INFO     ___FILE_ONLY___  
2020-10-17 23:49:46,765 INFO     ___FILE_ONLY___ that
2020-10-17 23:49:46,765 INFO     ___FILE_ONLY___  
2020-10-17 23:49:46,765 INFO     ___FILE_ONLY___ may
2020-10-17 23:49:46,765 INFO     ___FILE_ONLY___  
2020-10-17 23:49:46,765 INFO     ___FILE_ONLY___ continue
2020-10-17 23:49:46,765 INFO     ___FILE_ONLY___  
2020-10-17 23:49:46,765 INFO     ___FILE_ONLY___ to
2020-10-17 23:49:46,765 INFO     ___FILE_ONLY___ 

2020-10-17 23:49:46,766 INFO     ___FILE_ONLY___         
2020-10-17 23:49:46,766 INFO     ___FILE_ONLY___ work
2020-10-17 23:49:46,766 INFO     ___FILE_ONLY___  
2020-10-17 23:49:46,766 INFO     ___FILE_ONLY___ for
2020-10-17 23:49:46,766 INFO     ___FILE_ONLY___  
2020-10-17 23:49:46,766 INFO     ___FILE_ONLY___ some
2020-10-17 23:49:46,766 INFO     ___FILE_ONLY___  
2020-10-17 23:49:46,766 INFO     ___FILE_ONLY___ users.
2020-10-17 23:49:46,766 INFO     ___FILE_ONLY___ 

2020-10-17 23:49:46,767 INFO     ___FILE_ONLY___ 

2020-10-17 23:49:46,767 INFO     ___FILE_ONLY___ 
2020-10-17 23:49:46,767 INFO     ___FILE_ONLY___   
2020-10-17 23:49:46,769 INFO     ___FILE_ONLY___ Apigee

2020-10-17 23:49:46,770 INFO     ___FILE_ONLY___       o
2020-10-17 23:49:46,771 INFO     ___FILE_ONLY___  
2020-10-17 23:49:46,771 INFO     ___FILE_ONLY___ Added
2020-10-17 23:49:46,771 INFO     ___FILE_ONLY___  
2020-10-17 23:49:46,771 INFO     ___FILE_ONLY___ apigee
2020-10-17 23:49:46,772 INFO     ___FILE_ONLY___  
2020-10-17 23:49:46,772 INFO     ___FILE_ONLY___ surface
2020-10-17 23:49:46,772 INFO     ___FILE_ONLY___  
2020-10-17 23:49:46,772 INFO     ___FILE_ONLY___ to
2020-10-17 23:49:46,772 INFO     ___FILE_ONLY___  
2020-10-17 23:49:46,772 INFO     ___FILE_ONLY___ GA
2020-10-17 23:49:46,772 INFO     ___FILE_ONLY___  
2020-10-17 23:49:46,772 INFO     ___FILE_ONLY___ which
2020-10-17 23:49:46,772 INFO     ___FILE_ONLY___  
2020-10-17 23:49:46,772 INFO     ___FILE_ONLY___ provides
2020-10-17 23:49:46,773 INFO     ___FILE_ONLY___  
2020-10-17 23:49:46,773 INFO     ___FILE_ONLY___ access
2020-10-17 23:49:46,773 INFO     ___FILE_ONLY___  
2020-10-17 23:49:46,773 INFO     ___FILE_ONLY___ to
2020-10-17 23:49:46,773 INFO     ___FILE_ONLY___  
2020-10-17 23:49:46,773 INFO     ___FILE_ONLY___ Apigee
2020-10-17 23:49:46,773 INFO     ___FILE_ONLY___  
2020-10-17 23:49:46,774 INFO     ___FILE_ONLY___ Hybrid.
2020-10-17 23:49:46,774 INFO     ___FILE_ONLY___ 

2020-10-17 23:49:46,774 INFO     ___FILE_ONLY___       o
2020-10-17 23:49:46,774 INFO     ___FILE_ONLY___  
2020-10-17 23:49:46,775 INFO     ___FILE_ONLY___ Added
2020-10-17 23:49:46,775 INFO     ___FILE_ONLY___  
2020-10-17 23:49:46,776 INFO     ___FILE_ONLY___ apigee
2020-10-17 23:49:46,776 INFO     ___FILE_ONLY___  
2020-10-17 23:49:46,776 INFO     ___FILE_ONLY___ organizations
2020-10-17 23:49:46,776 INFO     ___FILE_ONLY___  
2020-10-17 23:49:46,777 INFO     ___FILE_ONLY___ command
2020-10-17 23:49:46,777 INFO     ___FILE_ONLY___  
2020-10-17 23:49:46,777 INFO     ___FILE_ONLY___ group
2020-10-17 23:49:46,777 INFO     ___FILE_ONLY___  
2020-10-17 23:49:46,777 INFO     ___FILE_ONLY___ which
2020-10-17 23:49:46,778 INFO     ___FILE_ONLY___  
2020-10-17 23:49:46,778 INFO     ___FILE_ONLY___ provides
2020-10-17 23:49:46,778 INFO     ___FILE_ONLY___  
2020-10-17 23:49:46,778 INFO     ___FILE_ONLY___ access
2020-10-17 23:49:46,778 INFO     ___FILE_ONLY___  
2020-10-17 23:49:46,778 INFO     ___FILE_ONLY___ to
2020-10-17 23:49:46,778 INFO     ___FILE_ONLY___ 

2020-10-17 23:49:46,778 INFO     ___FILE_ONLY___         
2020-10-17 23:49:46,778 INFO     ___FILE_ONLY___ Apigee
2020-10-17 23:49:46,779 INFO     ___FILE_ONLY___  
2020-10-17 23:49:46,779 INFO     ___FILE_ONLY___ organizations.
2020-10-17 23:49:46,779 INFO     ___FILE_ONLY___ 

2020-10-17 23:49:46,779 INFO     ___FILE_ONLY___       o
2020-10-17 23:49:46,779 INFO     ___FILE_ONLY___  
2020-10-17 23:49:46,779 INFO     ___FILE_ONLY___ Added
2020-10-17 23:49:46,779 INFO     ___FILE_ONLY___  
2020-10-17 23:49:46,779 INFO     ___FILE_ONLY___ apigee
2020-10-17 23:49:46,779 INFO     ___FILE_ONLY___  
2020-10-17 23:49:46,779 INFO     ___FILE_ONLY___ apis
2020-10-17 23:49:46,779 INFO     ___FILE_ONLY___  
2020-10-17 23:49:46,780 INFO     ___FILE_ONLY___ command
2020-10-17 23:49:46,780 INFO     ___FILE_ONLY___  
2020-10-17 23:49:46,780 INFO     ___FILE_ONLY___ group
2020-10-17 23:49:46,780 INFO     ___FILE_ONLY___  
2020-10-17 23:49:46,780 INFO     ___FILE_ONLY___ which
2020-10-17 23:49:46,780 INFO     ___FILE_ONLY___  
2020-10-17 23:49:46,780 INFO     ___FILE_ONLY___ allows
2020-10-17 23:49:46,780 INFO     ___FILE_ONLY___  
2020-10-17 23:49:46,780 INFO     ___FILE_ONLY___ management
2020-10-17 23:49:46,781 INFO     ___FILE_ONLY___  
2020-10-17 23:49:46,781 INFO     ___FILE_ONLY___ and
2020-10-17 23:49:46,781 INFO     ___FILE_ONLY___ 

2020-10-17 23:49:46,781 INFO     ___FILE_ONLY___         
2020-10-17 23:49:46,781 INFO     ___FILE_ONLY___ deployment
2020-10-17 23:49:46,781 INFO     ___FILE_ONLY___  
2020-10-17 23:49:46,781 INFO     ___FILE_ONLY___ of
2020-10-17 23:49:46,781 INFO     ___FILE_ONLY___  
2020-10-17 23:49:46,781 INFO     ___FILE_ONLY___ Apigee
2020-10-17 23:49:46,781 INFO     ___FILE_ONLY___  
2020-10-17 23:49:46,782 INFO     ___FILE_ONLY___ API
2020-10-17 23:49:46,782 INFO     ___FILE_ONLY___  
2020-10-17 23:49:46,782 INFO     ___FILE_ONLY___ proxies.
2020-10-17 23:49:46,782 INFO     ___FILE_ONLY___ 

2020-10-17 23:49:46,782 INFO     ___FILE_ONLY___       o
2020-10-17 23:49:46,782 INFO     ___FILE_ONLY___  
2020-10-17 23:49:46,782 INFO     ___FILE_ONLY___ Added
2020-10-17 23:49:46,783 INFO     ___FILE_ONLY___  
2020-10-17 23:49:46,783 INFO     ___FILE_ONLY___ apigee
2020-10-17 23:49:46,783 INFO     ___FILE_ONLY___  
2020-10-17 23:49:46,783 INFO     ___FILE_ONLY___ environments
2020-10-17 23:49:46,783 INFO     ___FILE_ONLY___  
2020-10-17 23:49:46,783 INFO     ___FILE_ONLY___ command
2020-10-17 23:49:46,784 INFO     ___FILE_ONLY___  
2020-10-17 23:49:46,784 INFO     ___FILE_ONLY___ group
2020-10-17 23:49:46,784 INFO     ___FILE_ONLY___  
2020-10-17 23:49:46,784 INFO     ___FILE_ONLY___ which
2020-10-17 23:49:46,784 INFO     ___FILE_ONLY___  
2020-10-17 23:49:46,785 INFO     ___FILE_ONLY___ provides
2020-10-17 23:49:46,785 INFO     ___FILE_ONLY___  
2020-10-17 23:49:46,785 INFO     ___FILE_ONLY___ access
2020-10-17 23:49:46,786 INFO     ___FILE_ONLY___  
2020-10-17 23:49:46,786 INFO     ___FILE_ONLY___ to
2020-10-17 23:49:46,787 INFO     ___FILE_ONLY___ 

2020-10-17 23:49:46,787 INFO     ___FILE_ONLY___         
2020-10-17 23:49:46,787 INFO     ___FILE_ONLY___ Apigee
2020-10-17 23:49:46,787 INFO     ___FILE_ONLY___  
2020-10-17 23:49:46,787 INFO     ___FILE_ONLY___ environments.
2020-10-17 23:49:46,788 INFO     ___FILE_ONLY___ 

2020-10-17 23:49:46,788 INFO     ___FILE_ONLY___       o
2020-10-17 23:49:46,788 INFO     ___FILE_ONLY___  
2020-10-17 23:49:46,788 INFO     ___FILE_ONLY___ Added
2020-10-17 23:49:46,788 INFO     ___FILE_ONLY___  
2020-10-17 23:49:46,788 INFO     ___FILE_ONLY___ apigee
2020-10-17 23:49:46,789 INFO     ___FILE_ONLY___  
2020-10-17 23:49:46,789 INFO     ___FILE_ONLY___ deployments
2020-10-17 23:49:46,789 INFO     ___FILE_ONLY___  
2020-10-17 23:49:46,789 INFO     ___FILE_ONLY___ command
2020-10-17 23:49:46,789 INFO     ___FILE_ONLY___  
2020-10-17 23:49:46,789 INFO     ___FILE_ONLY___ group
2020-10-17 23:49:46,789 INFO     ___FILE_ONLY___  
2020-10-17 23:49:46,789 INFO     ___FILE_ONLY___ which
2020-10-17 23:49:46,789 INFO     ___FILE_ONLY___  
2020-10-17 23:49:46,789 INFO     ___FILE_ONLY___ provides
2020-10-17 23:49:46,789 INFO     ___FILE_ONLY___  
2020-10-17 23:49:46,790 INFO     ___FILE_ONLY___ access
2020-10-17 23:49:46,790 INFO     ___FILE_ONLY___  
2020-10-17 23:49:46,790 INFO     ___FILE_ONLY___ to
2020-10-17 23:49:46,790 INFO     ___FILE_ONLY___ 

2020-10-17 23:49:46,790 INFO     ___FILE_ONLY___         
2020-10-17 23:49:46,790 INFO     ___FILE_ONLY___ Apigee
2020-10-17 23:49:46,790 INFO     ___FILE_ONLY___  
2020-10-17 23:49:46,790 INFO     ___FILE_ONLY___ API
2020-10-17 23:49:46,790 INFO     ___FILE_ONLY___  
2020-10-17 23:49:46,790 INFO     ___FILE_ONLY___ proxy
2020-10-17 23:49:46,791 INFO     ___FILE_ONLY___  
2020-10-17 23:49:46,791 INFO     ___FILE_ONLY___ deployments.
2020-10-17 23:49:46,791 INFO     ___FILE_ONLY___ 

2020-10-17 23:49:46,791 INFO     ___FILE_ONLY___       o
2020-10-17 23:49:46,791 INFO     ___FILE_ONLY___  
2020-10-17 23:49:46,791 INFO     ___FILE_ONLY___ Added
2020-10-17 23:49:46,792 INFO     ___FILE_ONLY___  
2020-10-17 23:49:46,792 INFO     ___FILE_ONLY___ apigee
2020-10-17 23:49:46,792 INFO     ___FILE_ONLY___  
2020-10-17 23:49:46,793 INFO     ___FILE_ONLY___ product
2020-10-17 23:49:46,793 INFO     ___FILE_ONLY___  
2020-10-17 23:49:46,793 INFO     ___FILE_ONLY___ command
2020-10-17 23:49:46,793 INFO     ___FILE_ONLY___  
2020-10-17 23:49:46,793 INFO     ___FILE_ONLY___ group
2020-10-17 23:49:46,793 INFO     ___FILE_ONLY___  
2020-10-17 23:49:46,793 INFO     ___FILE_ONLY___ which
2020-10-17 23:49:46,794 INFO     ___FILE_ONLY___  
2020-10-17 23:49:46,794 INFO     ___FILE_ONLY___ allows
2020-10-17 23:49:46,794 INFO     ___FILE_ONLY___  
2020-10-17 23:49:46,794 INFO     ___FILE_ONLY___ creation
2020-10-17 23:49:46,794 INFO     ___FILE_ONLY___  
2020-10-17 23:49:46,794 INFO     ___FILE_ONLY___ and
2020-10-17 23:49:46,794 INFO     ___FILE_ONLY___ 

2020-10-17 23:49:46,795 INFO     ___FILE_ONLY___         
2020-10-17 23:49:46,795 INFO     ___FILE_ONLY___ management
2020-10-17 23:49:46,795 INFO     ___FILE_ONLY___  
2020-10-17 23:49:46,795 INFO     ___FILE_ONLY___ of
2020-10-17 23:49:46,795 INFO     ___FILE_ONLY___  
2020-10-17 23:49:46,796 INFO     ___FILE_ONLY___ Apigee
2020-10-17 23:49:46,796 INFO     ___FILE_ONLY___  
2020-10-17 23:49:46,796 INFO     ___FILE_ONLY___ API
2020-10-17 23:49:46,796 INFO     ___FILE_ONLY___  
2020-10-17 23:49:46,796 INFO     ___FILE_ONLY___ products.
2020-10-17 23:49:46,796 INFO     ___FILE_ONLY___ 

2020-10-17 23:49:46,796 INFO     ___FILE_ONLY___       o
2020-10-17 23:49:46,797 INFO     ___FILE_ONLY___  
2020-10-17 23:49:46,797 INFO     ___FILE_ONLY___ Added
2020-10-17 23:49:46,797 INFO     ___FILE_ONLY___  
2020-10-17 23:49:46,797 INFO     ___FILE_ONLY___ apigee
2020-10-17 23:49:46,797 INFO     ___FILE_ONLY___  
2020-10-17 23:49:46,797 INFO     ___FILE_ONLY___ developer
2020-10-17 23:49:46,798 INFO     ___FILE_ONLY___  
2020-10-17 23:49:46,798 INFO     ___FILE_ONLY___ command
2020-10-17 23:49:46,798 INFO     ___FILE_ONLY___  
2020-10-17 23:49:46,798 INFO     ___FILE_ONLY___ group
2020-10-17 23:49:46,798 INFO     ___FILE_ONLY___  
2020-10-17 23:49:46,798 INFO     ___FILE_ONLY___ which
2020-10-17 23:49:46,799 INFO     ___FILE_ONLY___  
2020-10-17 23:49:46,799 INFO     ___FILE_ONLY___ provides
2020-10-17 23:49:46,800 INFO     ___FILE_ONLY___  
2020-10-17 23:49:46,800 INFO     ___FILE_ONLY___ access
2020-10-17 23:49:46,800 INFO     ___FILE_ONLY___  
2020-10-17 23:49:46,801 INFO     ___FILE_ONLY___ to
2020-10-17 23:49:46,801 INFO     ___FILE_ONLY___  
2020-10-17 23:49:46,801 INFO     ___FILE_ONLY___ Apigee
2020-10-17 23:49:46,802 INFO     ___FILE_ONLY___ 

2020-10-17 23:49:46,802 INFO     ___FILE_ONLY___         
2020-10-17 23:49:46,803 INFO     ___FILE_ONLY___ developers.
2020-10-17 23:49:46,803 INFO     ___FILE_ONLY___ 

2020-10-17 23:49:46,803 INFO     ___FILE_ONLY___       o
2020-10-17 23:49:46,803 INFO     ___FILE_ONLY___  
2020-10-17 23:49:46,804 INFO     ___FILE_ONLY___ Added
2020-10-17 23:49:46,804 INFO     ___FILE_ONLY___  
2020-10-17 23:49:46,804 INFO     ___FILE_ONLY___ apigee
2020-10-17 23:49:46,804 INFO     ___FILE_ONLY___  
2020-10-17 23:49:46,805 INFO     ___FILE_ONLY___ applications
2020-10-17 23:49:46,805 INFO     ___FILE_ONLY___  
2020-10-17 23:49:46,805 INFO     ___FILE_ONLY___ command
2020-10-17 23:49:46,805 INFO     ___FILE_ONLY___  
2020-10-17 23:49:46,805 INFO     ___FILE_ONLY___ group
2020-10-17 23:49:46,805 INFO     ___FILE_ONLY___  
2020-10-17 23:49:46,805 INFO     ___FILE_ONLY___ which
2020-10-17 23:49:46,805 INFO     ___FILE_ONLY___  
2020-10-17 23:49:46,805 INFO     ___FILE_ONLY___ provides
2020-10-17 23:49:46,805 INFO     ___FILE_ONLY___  
2020-10-17 23:49:46,805 INFO     ___FILE_ONLY___ access
2020-10-17 23:49:46,805 INFO     ___FILE_ONLY___  
2020-10-17 23:49:46,806 INFO     ___FILE_ONLY___ to
2020-10-17 23:49:46,806 INFO     ___FILE_ONLY___ 

2020-10-17 23:49:46,806 INFO     ___FILE_ONLY___         
2020-10-17 23:49:46,806 INFO     ___FILE_ONLY___ Apigee
2020-10-17 23:49:46,806 INFO     ___FILE_ONLY___  
2020-10-17 23:49:46,806 INFO     ___FILE_ONLY___ developer
2020-10-17 23:49:46,806 INFO     ___FILE_ONLY___  
2020-10-17 23:49:46,806 INFO     ___FILE_ONLY___ applications.
2020-10-17 23:49:46,806 INFO     ___FILE_ONLY___ 

2020-10-17 23:49:46,807 INFO     ___FILE_ONLY___ 

2020-10-17 23:49:46,807 INFO     ___FILE_ONLY___ 
2020-10-17 23:49:46,807 INFO     ___FILE_ONLY___   
2020-10-17 23:49:46,807 INFO     ___FILE_ONLY___ BigQuery

2020-10-17 23:49:46,807 INFO     ___FILE_ONLY___       o
2020-10-17 23:49:46,808 INFO     ___FILE_ONLY___  
2020-10-17 23:49:46,808 INFO     ___FILE_ONLY___ Fixed
2020-10-17 23:49:46,808 INFO     ___FILE_ONLY___  
2020-10-17 23:49:46,808 INFO     ___FILE_ONLY___ 'TableSnapshot
2020-10-17 23:49:46,808 INFO     ___FILE_ONLY___  
2020-10-17 23:49:46,808 INFO     ___FILE_ONLY___ with
2020-10-17 23:49:46,808 INFO     ___FILE_ONLY___  
2020-10-17 23:49:46,808 INFO     ___FILE_ONLY___ expiration'
2020-10-17 23:49:46,808 INFO     ___FILE_ONLY___  
2020-10-17 23:49:46,809 INFO     ___FILE_ONLY___ issue.
2020-10-17 23:49:46,809 INFO     ___FILE_ONLY___ 

2020-10-17 23:49:46,809 INFO     ___FILE_ONLY___ 

2020-10-17 23:49:46,809 INFO     ___FILE_ONLY___ 
2020-10-17 23:49:46,809 INFO     ___FILE_ONLY___   
2020-10-17 23:49:46,809 INFO     ___FILE_ONLY___ Certificate Authority Service

2020-10-17 23:49:46,809 INFO     ___FILE_ONLY___       o
2020-10-17 23:49:46,809 INFO     ___FILE_ONLY___  
2020-10-17 23:49:46,809 INFO     ___FILE_ONLY___ Added
2020-10-17 23:49:46,809 INFO     ___FILE_ONLY___  
2020-10-17 23:49:46,810 INFO     ___FILE_ONLY___ gcloud
2020-10-17 23:49:46,810 INFO     ___FILE_ONLY___  
2020-10-17 23:49:46,810 INFO     ___FILE_ONLY___ beta
2020-10-17 23:49:46,810 INFO     ___FILE_ONLY___  
2020-10-17 23:49:46,810 INFO     ___FILE_ONLY___ privateca
2020-10-17 23:49:46,810 INFO     ___FILE_ONLY___  
2020-10-17 23:49:46,810 INFO     ___FILE_ONLY___ certificates
2020-10-17 23:49:46,810 INFO     ___FILE_ONLY___  
2020-10-17 23:49:46,810 INFO     ___FILE_ONLY___ export
2020-10-17 23:49:46,810 INFO     ___FILE_ONLY___  
2020-10-17 23:49:46,811 INFO     ___FILE_ONLY___ command
2020-10-17 23:49:46,811 INFO     ___FILE_ONLY___  
2020-10-17 23:49:46,811 INFO     ___FILE_ONLY___ which
2020-10-17 23:49:46,811 INFO     ___FILE_ONLY___ 

2020-10-17 23:49:46,811 INFO     ___FILE_ONLY___         
2020-10-17 23:49:46,812 INFO     ___FILE_ONLY___ simplifies
2020-10-17 23:49:46,812 INFO     ___FILE_ONLY___  
2020-10-17 23:49:46,812 INFO     ___FILE_ONLY___ the
2020-10-17 23:49:46,812 INFO     ___FILE_ONLY___  
2020-10-17 23:49:46,812 INFO     ___FILE_ONLY___ process
2020-10-17 23:49:46,812 INFO     ___FILE_ONLY___  
2020-10-17 23:49:46,813 INFO     ___FILE_ONLY___ of
2020-10-17 23:49:46,813 INFO     ___FILE_ONLY___  
2020-10-17 23:49:46,813 INFO     ___FILE_ONLY___ writing
2020-10-17 23:49:46,813 INFO     ___FILE_ONLY___  
2020-10-17 23:49:46,813 INFO     ___FILE_ONLY___ a
2020-10-17 23:49:46,814 INFO     ___FILE_ONLY___  
2020-10-17 23:49:46,814 INFO     ___FILE_ONLY___ PEM
2020-10-17 23:49:46,814 INFO     ___FILE_ONLY___  
2020-10-17 23:49:46,814 INFO     ___FILE_ONLY___ certificate
2020-10-17 23:49:46,814 INFO     ___FILE_ONLY___  
2020-10-17 23:49:46,814 INFO     ___FILE_ONLY___ to
2020-10-17 23:49:46,814 INFO     ___FILE_ONLY___  
2020-10-17 23:49:46,814 INFO     ___FILE_ONLY___ a
2020-10-17 23:49:46,815 INFO     ___FILE_ONLY___  
2020-10-17 23:49:46,815 INFO     ___FILE_ONLY___ file.
2020-10-17 23:49:46,815 INFO     ___FILE_ONLY___ 

2020-10-17 23:49:46,815 INFO     ___FILE_ONLY___ 

2020-10-17 23:49:46,816 INFO     ___FILE_ONLY___ 
2020-10-17 23:49:46,816 INFO     ___FILE_ONLY___   
2020-10-17 23:49:46,816 INFO     ___FILE_ONLY___ Cloud Build

2020-10-17 23:49:46,816 INFO     ___FILE_ONLY___       o
2020-10-17 23:49:46,817 INFO     ___FILE_ONLY___  
2020-10-17 23:49:46,817 INFO     ___FILE_ONLY___ Updated
2020-10-17 23:49:46,818 INFO     ___FILE_ONLY___  
2020-10-17 23:49:46,818 INFO     ___FILE_ONLY___ cloud-build-local
2020-10-17 23:49:46,818 INFO     ___FILE_ONLY___  
2020-10-17 23:49:46,818 INFO     ___FILE_ONLY___ component
2020-10-17 23:49:46,819 INFO     ___FILE_ONLY___  
2020-10-17 23:49:46,819 INFO     ___FILE_ONLY___ to
2020-10-17 23:49:46,819 INFO     ___FILE_ONLY___  
2020-10-17 23:49:46,819 INFO     ___FILE_ONLY___ version
2020-10-17 23:49:46,820 INFO     ___FILE_ONLY___  
2020-10-17 23:49:46,820 INFO     ___FILE_ONLY___ v.0.5.1.
2020-10-17 23:49:46,820 INFO     ___FILE_ONLY___  
2020-10-17 23:49:46,820 INFO     ___FILE_ONLY___ This
2020-10-17 23:49:46,821 INFO     ___FILE_ONLY___  
2020-10-17 23:49:46,821 INFO     ___FILE_ONLY___ fixes
2020-10-17 23:49:46,821 INFO     ___FILE_ONLY___  
2020-10-17 23:49:46,821 INFO     ___FILE_ONLY___ an
2020-10-17 23:49:46,821 INFO     ___FILE_ONLY___ 

2020-10-17 23:49:46,821 INFO     ___FILE_ONLY___         
2020-10-17 23:49:46,821 INFO     ___FILE_ONLY___ issue
2020-10-17 23:49:46,822 INFO     ___FILE_ONLY___  
2020-10-17 23:49:46,822 INFO     ___FILE_ONLY___ identified
2020-10-17 23:49:46,822 INFO     ___FILE_ONLY___  
2020-10-17 23:49:46,823 INFO     ___FILE_ONLY___ in
2020-10-17 23:49:46,823 INFO     ___FILE_ONLY___ 

2020-10-17 23:49:46,823 INFO     ___FILE_ONLY___         
2020-10-17 23:49:46,824 INFO     ___FILE_ONLY___ <https://github.com/GoogleCloudPlatform/cloud-build-local/releases/tag/v0.5.1>.
2020-10-17 23:49:46,824 INFO     ___FILE_ONLY___ 

2020-10-17 23:49:46,824 INFO     ___FILE_ONLY___       o
2020-10-17 23:49:46,825 INFO     ___FILE_ONLY___  
2020-10-17 23:49:46,825 INFO     ___FILE_ONLY___ Fixed
2020-10-17 23:49:46,825 INFO     ___FILE_ONLY___  
2020-10-17 23:49:46,825 INFO     ___FILE_ONLY___ issue
2020-10-17 23:49:46,826 INFO     ___FILE_ONLY___  
2020-10-17 23:49:46,826 INFO     ___FILE_ONLY___ where
2020-10-17 23:49:46,826 INFO     ___FILE_ONLY___  
2020-10-17 23:49:46,826 INFO     ___FILE_ONLY___ gcloud
2020-10-17 23:49:46,826 INFO     ___FILE_ONLY___  
2020-10-17 23:49:46,826 INFO     ___FILE_ONLY___ builds
2020-10-17 23:49:46,827 INFO     ___FILE_ONLY___  
2020-10-17 23:49:46,827 INFO     ___FILE_ONLY___ submit
2020-10-17 23:49:46,827 INFO     ___FILE_ONLY___  
2020-10-17 23:49:46,828 INFO     ___FILE_ONLY___ would
2020-10-17 23:49:46,828 INFO     ___FILE_ONLY___  
2020-10-17 23:49:46,828 INFO     ___FILE_ONLY___ not
2020-10-17 23:49:46,828 INFO     ___FILE_ONLY___  
2020-10-17 23:49:46,828 INFO     ___FILE_ONLY___ transfer
2020-10-17 23:49:46,829 INFO     ___FILE_ONLY___  
2020-10-17 23:49:46,829 INFO     ___FILE_ONLY___ symbolic
2020-10-17 23:49:46,829 INFO     ___FILE_ONLY___ 

2020-10-17 23:49:46,829 INFO     ___FILE_ONLY___         
2020-10-17 23:49:46,829 INFO     ___FILE_ONLY___ links
2020-10-17 23:49:46,830 INFO     ___FILE_ONLY___  
2020-10-17 23:49:46,830 INFO     ___FILE_ONLY___ correctly
2020-10-17 23:49:46,830 INFO     ___FILE_ONLY___  
2020-10-17 23:49:46,830 INFO     ___FILE_ONLY___ to
2020-10-17 23:49:46,830 INFO     ___FILE_ONLY___  
2020-10-17 23:49:46,830 INFO     ___FILE_ONLY___ the
2020-10-17 23:49:46,831 INFO     ___FILE_ONLY___  
2020-10-17 23:49:46,831 INFO     ___FILE_ONLY___ build.
2020-10-17 23:49:46,831 INFO     ___FILE_ONLY___ 

2020-10-17 23:49:46,832 INFO     ___FILE_ONLY___ 

2020-10-17 23:49:46,832 INFO     ___FILE_ONLY___ 
2020-10-17 23:49:46,832 INFO     ___FILE_ONLY___   
2020-10-17 23:49:46,832 INFO     ___FILE_ONLY___ Cloud Dataproc

2020-10-17 23:49:46,833 INFO     ___FILE_ONLY___       o
2020-10-17 23:49:46,833 INFO     ___FILE_ONLY___  
2020-10-17 23:49:46,833 INFO     ___FILE_ONLY___ Removed
2020-10-17 23:49:46,834 INFO     ___FILE_ONLY___  
2020-10-17 23:49:46,834 INFO     ___FILE_ONLY___ prompt
2020-10-17 23:49:46,834 INFO     ___FILE_ONLY___  
2020-10-17 23:49:46,835 INFO     ___FILE_ONLY___ from
2020-10-17 23:49:46,835 INFO     ___FILE_ONLY___  
2020-10-17 23:49:46,835 INFO     ___FILE_ONLY___ gcloud
2020-10-17 23:49:46,836 INFO     ___FILE_ONLY___  
2020-10-17 23:49:46,836 INFO     ___FILE_ONLY___ dataproc
2020-10-17 23:49:46,836 INFO     ___FILE_ONLY___  
2020-10-17 23:49:46,836 INFO     ___FILE_ONLY___ clusters
2020-10-17 23:49:46,837 INFO     ___FILE_ONLY___  
2020-10-17 23:49:46,837 INFO     ___FILE_ONLY___ stop
2020-10-17 23:49:46,837 INFO     ___FILE_ONLY___  
2020-10-17 23:49:46,837 INFO     ___FILE_ONLY___ and
2020-10-17 23:49:46,837 INFO     ___FILE_ONLY___  
2020-10-17 23:49:46,838 INFO     ___FILE_ONLY___ gcloud
2020-10-17 23:49:46,838 INFO     ___FILE_ONLY___  
2020-10-17 23:49:46,838 INFO     ___FILE_ONLY___ dataproc
2020-10-17 23:49:46,839 INFO     ___FILE_ONLY___ 

2020-10-17 23:49:46,839 INFO     ___FILE_ONLY___         
2020-10-17 23:49:46,839 INFO     ___FILE_ONLY___ clusters
2020-10-17 23:49:46,839 INFO     ___FILE_ONLY___  
2020-10-17 23:49:46,840 INFO     ___FILE_ONLY___ start.
2020-10-17 23:49:46,840 INFO     ___FILE_ONLY___  
2020-10-17 23:49:46,840 INFO     ___FILE_ONLY___ The
2020-10-17 23:49:46,840 INFO     ___FILE_ONLY___  
2020-10-17 23:49:46,840 INFO     ___FILE_ONLY___ commands
2020-10-17 23:49:46,840 INFO     ___FILE_ONLY___  
2020-10-17 23:49:46,840 INFO     ___FILE_ONLY___ now
2020-10-17 23:49:46,841 INFO     ___FILE_ONLY___  
2020-10-17 23:49:46,841 INFO     ___FILE_ONLY___ run
2020-10-17 23:49:46,841 INFO     ___FILE_ONLY___  
2020-10-17 23:49:46,841 INFO     ___FILE_ONLY___ without
2020-10-17 23:49:46,841 INFO     ___FILE_ONLY___  
2020-10-17 23:49:46,841 INFO     ___FILE_ONLY___ requiring
2020-10-17 23:49:46,842 INFO     ___FILE_ONLY___  
2020-10-17 23:49:46,842 INFO     ___FILE_ONLY___ confirmation.
2020-10-17 23:49:46,842 INFO     ___FILE_ONLY___ 

2020-10-17 23:49:46,842 INFO     ___FILE_ONLY___ 

2020-10-17 23:49:46,842 INFO     ___FILE_ONLY___ 
2020-10-17 23:49:46,842 INFO     ___FILE_ONLY___   
2020-10-17 23:49:46,842 INFO     ___FILE_ONLY___ Cloud Domains

2020-10-17 23:49:46,843 INFO     ___FILE_ONLY___       o
2020-10-17 23:49:46,843 INFO     ___FILE_ONLY___  
2020-10-17 23:49:46,843 INFO     ___FILE_ONLY___ Promoted
2020-10-17 23:49:46,843 INFO     ___FILE_ONLY___  
2020-10-17 23:49:46,843 INFO     ___FILE_ONLY___ gcloud
2020-10-17 23:49:46,843 INFO     ___FILE_ONLY___  
2020-10-17 23:49:46,844 INFO     ___FILE_ONLY___ domains
2020-10-17 23:49:46,844 INFO     ___FILE_ONLY___  
2020-10-17 23:49:46,844 INFO     ___FILE_ONLY___ registrations
2020-10-17 23:49:46,844 INFO     ___FILE_ONLY___  
2020-10-17 23:49:46,844 INFO     ___FILE_ONLY___ to
2020-10-17 23:49:46,844 INFO     ___FILE_ONLY___  
2020-10-17 23:49:46,844 INFO     ___FILE_ONLY___ beta.
2020-10-17 23:49:46,845 INFO     ___FILE_ONLY___  
2020-10-17 23:49:46,845 INFO     ___FILE_ONLY___ Enables
2020-10-17 23:49:46,845 INFO     ___FILE_ONLY___  
2020-10-17 23:49:46,845 INFO     ___FILE_ONLY___ the
2020-10-17 23:49:46,845 INFO     ___FILE_ONLY___ 

2020-10-17 23:49:46,845 INFO     ___FILE_ONLY___         
2020-10-17 23:49:46,845 INFO     ___FILE_ONLY___ registering
2020-10-17 23:49:46,845 INFO     ___FILE_ONLY___  
2020-10-17 23:49:46,846 INFO     ___FILE_ONLY___ and
2020-10-17 23:49:46,846 INFO     ___FILE_ONLY___  
2020-10-17 23:49:46,846 INFO     ___FILE_ONLY___ managing
2020-10-17 23:49:46,846 INFO     ___FILE_ONLY___  
2020-10-17 23:49:46,846 INFO     ___FILE_ONLY___ of
2020-10-17 23:49:46,846 INFO     ___FILE_ONLY___  
2020-10-17 23:49:46,846 INFO     ___FILE_ONLY___ domains.
2020-10-17 23:49:46,846 INFO     ___FILE_ONLY___ 

2020-10-17 23:49:46,847 INFO     ___FILE_ONLY___ 

2020-10-17 23:49:46,847 INFO     ___FILE_ONLY___ 
2020-10-17 23:49:46,847 INFO     ___FILE_ONLY___   
2020-10-17 23:49:46,847 INFO     ___FILE_ONLY___ Cloud Run

2020-10-17 23:49:46,847 INFO     ___FILE_ONLY___       o
2020-10-17 23:49:46,847 INFO     ___FILE_ONLY___  
2020-10-17 23:49:46,848 INFO     ___FILE_ONLY___ Promoted
2020-10-17 23:49:46,848 INFO     ___FILE_ONLY___  
2020-10-17 23:49:46,848 INFO     ___FILE_ONLY___ --vpc-egress
2020-10-17 23:49:46,848 INFO     ___FILE_ONLY___  
2020-10-17 23:49:46,848 INFO     ___FILE_ONLY___ flag
2020-10-17 23:49:46,848 INFO     ___FILE_ONLY___  
2020-10-17 23:49:46,849 INFO     ___FILE_ONLY___ of
2020-10-17 23:49:46,849 INFO     ___FILE_ONLY___  
2020-10-17 23:49:46,849 INFO     ___FILE_ONLY___ gcloud
2020-10-17 23:49:46,849 INFO     ___FILE_ONLY___  
2020-10-17 23:49:46,850 INFO     ___FILE_ONLY___ run
2020-10-17 23:49:46,850 INFO     ___FILE_ONLY___  
2020-10-17 23:49:46,850 INFO     ___FILE_ONLY___ deploy
2020-10-17 23:49:46,850 INFO     ___FILE_ONLY___  
2020-10-17 23:49:46,850 INFO     ___FILE_ONLY___ and
2020-10-17 23:49:46,850 INFO     ___FILE_ONLY___  
2020-10-17 23:49:46,851 INFO     ___FILE_ONLY___ gcloud
2020-10-17 23:49:46,851 INFO     ___FILE_ONLY___  
2020-10-17 23:49:46,852 INFO     ___FILE_ONLY___ run
2020-10-17 23:49:46,852 INFO     ___FILE_ONLY___ 

2020-10-17 23:49:46,852 INFO     ___FILE_ONLY___         
2020-10-17 23:49:46,852 INFO     ___FILE_ONLY___ services
2020-10-17 23:49:46,853 INFO     ___FILE_ONLY___  
2020-10-17 23:49:46,853 INFO     ___FILE_ONLY___ update
2020-10-17 23:49:46,853 INFO     ___FILE_ONLY___  
2020-10-17 23:49:46,853 INFO     ___FILE_ONLY___ to
2020-10-17 23:49:46,853 INFO     ___FILE_ONLY___  
2020-10-17 23:49:46,853 INFO     ___FILE_ONLY___ beta.
2020-10-17 23:49:46,854 INFO     ___FILE_ONLY___ 

2020-10-17 23:49:46,854 INFO     ___FILE_ONLY___ 

2020-10-17 23:49:46,854 INFO     ___FILE_ONLY___ 
2020-10-17 23:49:46,854 INFO     ___FILE_ONLY___   
2020-10-17 23:49:46,855 INFO     ___FILE_ONLY___ Cloud Shell

2020-10-17 23:49:46,855 INFO     ___FILE_ONLY___       o
2020-10-17 23:49:46,855 INFO     ___FILE_ONLY___  
2020-10-17 23:49:46,856 INFO     ___FILE_ONLY___ Removed
2020-10-17 23:49:46,856 INFO     ___FILE_ONLY___  
2020-10-17 23:49:46,856 INFO     ___FILE_ONLY___ --boosted
2020-10-17 23:49:46,856 INFO     ___FILE_ONLY___  
2020-10-17 23:49:46,856 INFO     ___FILE_ONLY___ flag.
2020-10-17 23:49:46,857 INFO     ___FILE_ONLY___  
2020-10-17 23:49:46,857 INFO     ___FILE_ONLY___ An
2020-10-17 23:49:46,857 INFO     ___FILE_ONLY___  
2020-10-17 23:49:46,857 INFO     ___FILE_ONLY___ upgraded
2020-10-17 23:49:46,857 INFO     ___FILE_ONLY___  
2020-10-17 23:49:46,857 INFO     ___FILE_ONLY___ VM
2020-10-17 23:49:46,858 INFO     ___FILE_ONLY___  
2020-10-17 23:49:46,858 INFO     ___FILE_ONLY___ type
2020-10-17 23:49:46,858 INFO     ___FILE_ONLY___  
2020-10-17 23:49:46,858 INFO     ___FILE_ONLY___ is
2020-10-17 23:49:46,859 INFO     ___FILE_ONLY___  
2020-10-17 23:49:46,859 INFO     ___FILE_ONLY___ available
2020-10-17 23:49:46,859 INFO     ___FILE_ONLY___  
2020-10-17 23:49:46,860 INFO     ___FILE_ONLY___ by
2020-10-17 23:49:46,860 INFO     ___FILE_ONLY___  
2020-10-17 23:49:46,860 INFO     ___FILE_ONLY___ default.
2020-10-17 23:49:46,860 INFO     ___FILE_ONLY___ 

2020-10-17 23:49:46,860 INFO     ___FILE_ONLY___ 

2020-10-17 23:49:46,861 INFO     ___FILE_ONLY___ 
2020-10-17 23:49:46,861 INFO     ___FILE_ONLY___   
2020-10-17 23:49:46,861 INFO     ___FILE_ONLY___ Firebase Test Lab

2020-10-17 23:49:46,861 INFO     ___FILE_ONLY___       o
2020-10-17 23:49:46,861 INFO     ___FILE_ONLY___  
2020-10-17 23:49:46,862 INFO     ___FILE_ONLY___ Added
2020-10-17 23:49:46,862 INFO     ___FILE_ONLY___  
2020-10-17 23:49:46,862 INFO     ___FILE_ONLY___ --other-files
2020-10-17 23:49:46,863 INFO     ___FILE_ONLY___  
2020-10-17 23:49:46,863 INFO     ___FILE_ONLY___ flag
2020-10-17 23:49:46,864 INFO     ___FILE_ONLY___  
2020-10-17 23:49:46,864 INFO     ___FILE_ONLY___ to
2020-10-17 23:49:46,864 INFO     ___FILE_ONLY___  
2020-10-17 23:49:46,864 INFO     ___FILE_ONLY___ gcloud
2020-10-17 23:49:46,864 INFO     ___FILE_ONLY___  
2020-10-17 23:49:46,865 INFO     ___FILE_ONLY___ beta
2020-10-17 23:49:46,865 INFO     ___FILE_ONLY___  
2020-10-17 23:49:46,865 INFO     ___FILE_ONLY___ firebase
2020-10-17 23:49:46,866 INFO     ___FILE_ONLY___  
2020-10-17 23:49:46,866 INFO     ___FILE_ONLY___ test
2020-10-17 23:49:46,867 INFO     ___FILE_ONLY___  
2020-10-17 23:49:46,867 INFO     ___FILE_ONLY___ ios
2020-10-17 23:49:46,867 INFO     ___FILE_ONLY___  
2020-10-17 23:49:46,869 INFO     ___FILE_ONLY___ run.
2020-10-17 23:49:46,869 INFO     ___FILE_ONLY___  
2020-10-17 23:49:46,869 INFO     ___FILE_ONLY___ This
2020-10-17 23:49:46,870 INFO     ___FILE_ONLY___ 

2020-10-17 23:49:46,870 INFO     ___FILE_ONLY___         
2020-10-17 23:49:46,870 INFO     ___FILE_ONLY___ flag
2020-10-17 23:49:46,870 INFO     ___FILE_ONLY___  
2020-10-17 23:49:46,870 INFO     ___FILE_ONLY___ lets
2020-10-17 23:49:46,871 INFO     ___FILE_ONLY___  
2020-10-17 23:49:46,872 INFO     ___FILE_ONLY___ you
2020-10-17 23:49:46,872 INFO     ___FILE_ONLY___  
2020-10-17 23:49:46,872 INFO     ___FILE_ONLY___ specify
2020-10-17 23:49:46,872 INFO     ___FILE_ONLY___  
2020-10-17 23:49:46,873 INFO     ___FILE_ONLY___ files
2020-10-17 23:49:46,873 INFO     ___FILE_ONLY___  
2020-10-17 23:49:46,873 INFO     ___FILE_ONLY___ that
2020-10-17 23:49:46,873 INFO     ___FILE_ONLY___  
2020-10-17 23:49:46,873 INFO     ___FILE_ONLY___ are
2020-10-17 23:49:46,873 INFO     ___FILE_ONLY___  
2020-10-17 23:49:46,873 INFO     ___FILE_ONLY___ pushed
2020-10-17 23:49:46,873 INFO     ___FILE_ONLY___  
2020-10-17 23:49:46,874 INFO     ___FILE_ONLY___ onto
2020-10-17 23:49:46,874 INFO     ___FILE_ONLY___  
2020-10-17 23:49:46,874 INFO     ___FILE_ONLY___ the
2020-10-17 23:49:46,874 INFO     ___FILE_ONLY___  
2020-10-17 23:49:46,874 INFO     ___FILE_ONLY___ iOS
2020-10-17 23:49:46,874 INFO     ___FILE_ONLY___  
2020-10-17 23:49:46,874 INFO     ___FILE_ONLY___ test
2020-10-17 23:49:46,875 INFO     ___FILE_ONLY___  
2020-10-17 23:49:46,875 INFO     ___FILE_ONLY___ device
2020-10-17 23:49:46,875 INFO     ___FILE_ONLY___ 

2020-10-17 23:49:46,875 INFO     ___FILE_ONLY___         
2020-10-17 23:49:46,875 INFO     ___FILE_ONLY___ prior
2020-10-17 23:49:46,875 INFO     ___FILE_ONLY___  
2020-10-17 23:49:46,875 INFO     ___FILE_ONLY___ to
2020-10-17 23:49:46,876 INFO     ___FILE_ONLY___  
2020-10-17 23:49:46,876 INFO     ___FILE_ONLY___ testing.
2020-10-17 23:49:46,876 INFO     ___FILE_ONLY___ 

2020-10-17 23:49:46,876 INFO     ___FILE_ONLY___       o
2020-10-17 23:49:46,876 INFO     ___FILE_ONLY___  
2020-10-17 23:49:46,876 INFO     ___FILE_ONLY___ Added
2020-10-17 23:49:46,877 INFO     ___FILE_ONLY___  
2020-10-17 23:49:46,877 INFO     ___FILE_ONLY___ --directories-to-pull
2020-10-17 23:49:46,877 INFO     ___FILE_ONLY___  
2020-10-17 23:49:46,877 INFO     ___FILE_ONLY___ flag
2020-10-17 23:49:46,877 INFO     ___FILE_ONLY___  
2020-10-17 23:49:46,877 INFO     ___FILE_ONLY___ to
2020-10-17 23:49:46,877 INFO     ___FILE_ONLY___  
2020-10-17 23:49:46,877 INFO     ___FILE_ONLY___ gcloud
2020-10-17 23:49:46,877 INFO     ___FILE_ONLY___  
2020-10-17 23:49:46,877 INFO     ___FILE_ONLY___ beta
2020-10-17 23:49:46,878 INFO     ___FILE_ONLY___  
2020-10-17 23:49:46,878 INFO     ___FILE_ONLY___ firebase
2020-10-17 23:49:46,878 INFO     ___FILE_ONLY___  
2020-10-17 23:49:46,878 INFO     ___FILE_ONLY___ test
2020-10-17 23:49:46,878 INFO     ___FILE_ONLY___  
2020-10-17 23:49:46,878 INFO     ___FILE_ONLY___ ios
2020-10-17 23:49:46,878 INFO     ___FILE_ONLY___ 

2020-10-17 23:49:46,878 INFO     ___FILE_ONLY___         
2020-10-17 23:49:46,879 INFO     ___FILE_ONLY___ run.
2020-10-17 23:49:46,879 INFO     ___FILE_ONLY___  
2020-10-17 23:49:46,879 INFO     ___FILE_ONLY___ This
2020-10-17 23:49:46,879 INFO     ___FILE_ONLY___  
2020-10-17 23:49:46,879 INFO     ___FILE_ONLY___ flag
2020-10-17 23:49:46,879 INFO     ___FILE_ONLY___  
2020-10-17 23:49:46,879 INFO     ___FILE_ONLY___ lets
2020-10-17 23:49:46,880 INFO     ___FILE_ONLY___  
2020-10-17 23:49:46,880 INFO     ___FILE_ONLY___ you
2020-10-17 23:49:46,880 INFO     ___FILE_ONLY___  
2020-10-17 23:49:46,880 INFO     ___FILE_ONLY___ specify
2020-10-17 23:49:46,881 INFO     ___FILE_ONLY___  
2020-10-17 23:49:46,881 INFO     ___FILE_ONLY___ directories
2020-10-17 23:49:46,881 INFO     ___FILE_ONLY___  
2020-10-17 23:49:46,881 INFO     ___FILE_ONLY___ on
2020-10-17 23:49:46,881 INFO     ___FILE_ONLY___  
2020-10-17 23:49:46,881 INFO     ___FILE_ONLY___ the
2020-10-17 23:49:46,882 INFO     ___FILE_ONLY___  
2020-10-17 23:49:46,882 INFO     ___FILE_ONLY___ device
2020-10-17 23:49:46,882 INFO     ___FILE_ONLY___  
2020-10-17 23:49:46,882 INFO     ___FILE_ONLY___ that
2020-10-17 23:49:46,882 INFO     ___FILE_ONLY___  
2020-10-17 23:49:46,882 INFO     ___FILE_ONLY___ are
2020-10-17 23:49:46,882 INFO     ___FILE_ONLY___ 

2020-10-17 23:49:46,883 INFO     ___FILE_ONLY___         
2020-10-17 23:49:46,883 INFO     ___FILE_ONLY___ pulled
2020-10-17 23:49:46,883 INFO     ___FILE_ONLY___  
2020-10-17 23:49:46,883 INFO     ___FILE_ONLY___ after
2020-10-17 23:49:46,883 INFO     ___FILE_ONLY___  
2020-10-17 23:49:46,883 INFO     ___FILE_ONLY___ testing
2020-10-17 23:49:46,883 INFO     ___FILE_ONLY___  
2020-10-17 23:49:46,884 INFO     ___FILE_ONLY___ and
2020-10-17 23:49:46,884 INFO     ___FILE_ONLY___  
2020-10-17 23:49:46,884 INFO     ___FILE_ONLY___ included
2020-10-17 23:49:46,884 INFO     ___FILE_ONLY___  
2020-10-17 23:49:46,884 INFO     ___FILE_ONLY___ in
2020-10-17 23:49:46,885 INFO     ___FILE_ONLY___  
2020-10-17 23:49:46,885 INFO     ___FILE_ONLY___ the
2020-10-17 23:49:46,885 INFO     ___FILE_ONLY___  
2020-10-17 23:49:46,885 INFO     ___FILE_ONLY___ test
2020-10-17 23:49:46,886 INFO     ___FILE_ONLY___  
2020-10-17 23:49:46,886 INFO     ___FILE_ONLY___ results.
2020-10-17 23:49:46,886 INFO     ___FILE_ONLY___ 

2020-10-17 23:49:46,886 INFO     ___FILE_ONLY___ 

2020-10-17 23:49:46,886 INFO     ___FILE_ONLY___ 
2020-10-17 23:49:46,886 INFO     ___FILE_ONLY___   
2020-10-17 23:49:46,886 INFO     ___FILE_ONLY___ Identity Groups

2020-10-17 23:49:46,887 INFO     ___FILE_ONLY___       o
2020-10-17 23:49:46,887 INFO     ___FILE_ONLY___  
2020-10-17 23:49:46,887 INFO     ___FILE_ONLY___ Promoted
2020-10-17 23:49:46,887 INFO     ___FILE_ONLY___  
2020-10-17 23:49:46,887 INFO     ___FILE_ONLY___ gcloud
2020-10-17 23:49:46,888 INFO     ___FILE_ONLY___  
2020-10-17 23:49:46,889 INFO     ___FILE_ONLY___ identity
2020-10-17 23:49:46,889 INFO     ___FILE_ONLY___  
2020-10-17 23:49:46,889 INFO     ___FILE_ONLY___ groups
2020-10-17 23:49:46,889 INFO     ___FILE_ONLY___  
2020-10-17 23:49:46,889 INFO     ___FILE_ONLY___ update
2020-10-17 23:49:46,889 INFO     ___FILE_ONLY___  
2020-10-17 23:49:46,889 INFO     ___FILE_ONLY___ to
2020-10-17 23:49:46,890 INFO     ___FILE_ONLY___  
2020-10-17 23:49:46,890 INFO     ___FILE_ONLY___ GA.
2020-10-17 23:49:46,891 INFO     ___FILE_ONLY___ 

2020-10-17 23:49:46,891 INFO     ___FILE_ONLY___ 

2020-10-17 23:49:46,891 INFO     ___FILE_ONLY___ 
2020-10-17 23:49:46,891 INFO     ___FILE_ONLY___   
2020-10-17 23:49:46,891 INFO     ___FILE_ONLY___ Identity Groups Memberships

2020-10-17 23:49:46,892 INFO     ___FILE_ONLY___       o
2020-10-17 23:49:46,892 INFO     ___FILE_ONLY___  
2020-10-17 23:49:46,892 INFO     ___FILE_ONLY___ Promoted
2020-10-17 23:49:46,892 INFO     ___FILE_ONLY___  
2020-10-17 23:49:46,892 INFO     ___FILE_ONLY___ gcloud
2020-10-17 23:49:46,892 INFO     ___FILE_ONLY___  
2020-10-17 23:49:46,893 INFO     ___FILE_ONLY___ identity
2020-10-17 23:49:46,893 INFO     ___FILE_ONLY___  
2020-10-17 23:49:46,893 INFO     ___FILE_ONLY___ groups
2020-10-17 23:49:46,893 INFO     ___FILE_ONLY___  
2020-10-17 23:49:46,893 INFO     ___FILE_ONLY___ memberships
2020-10-17 23:49:46,893 INFO     ___FILE_ONLY___  
2020-10-17 23:49:46,893 INFO     ___FILE_ONLY___ add
2020-10-17 23:49:46,893 INFO     ___FILE_ONLY___  
2020-10-17 23:49:46,894 INFO     ___FILE_ONLY___ to
2020-10-17 23:49:46,894 INFO     ___FILE_ONLY___  
2020-10-17 23:49:46,894 INFO     ___FILE_ONLY___ GA.
2020-10-17 23:49:46,894 INFO     ___FILE_ONLY___ 

2020-10-17 23:49:46,894 INFO     ___FILE_ONLY___       o
2020-10-17 23:49:46,894 INFO     ___FILE_ONLY___  
2020-10-17 23:49:46,894 INFO     ___FILE_ONLY___ Promoted
2020-10-17 23:49:46,895 INFO     ___FILE_ONLY___  
2020-10-17 23:49:46,895 INFO     ___FILE_ONLY___ gcloud
2020-10-17 23:49:46,895 INFO     ___FILE_ONLY___  
2020-10-17 23:49:46,895 INFO     ___FILE_ONLY___ identity
2020-10-17 23:49:46,896 INFO     ___FILE_ONLY___  
2020-10-17 23:49:46,897 INFO     ___FILE_ONLY___ groups
2020-10-17 23:49:46,897 INFO     ___FILE_ONLY___  
2020-10-17 23:49:46,897 INFO     ___FILE_ONLY___ memberships
2020-10-17 23:49:46,897 INFO     ___FILE_ONLY___  
2020-10-17 23:49:46,898 INFO     ___FILE_ONLY___ modify-membership-roles
2020-10-17 23:49:46,898 INFO     ___FILE_ONLY___ 

2020-10-17 23:49:46,898 INFO     ___FILE_ONLY___         
2020-10-17 23:49:46,902 INFO     ___FILE_ONLY___ to
2020-10-17 23:49:46,902 INFO     ___FILE_ONLY___  
2020-10-17 23:49:46,902 INFO     ___FILE_ONLY___ GA.
2020-10-17 23:49:46,902 INFO     ___FILE_ONLY___ 

2020-10-17 23:49:46,902 INFO     ___FILE_ONLY___ 

2020-10-17 23:49:46,903 INFO     ___FILE_ONLY___ 
2020-10-17 23:49:46,904 INFO     ___FILE_ONLY___   
2020-10-17 23:49:46,904 INFO     ___FILE_ONLY___ Notebooks

2020-10-17 23:49:46,904 INFO     ___FILE_ONLY___       o
2020-10-17 23:49:46,905 INFO     ___FILE_ONLY___  
2020-10-17 23:49:46,905 INFO     ___FILE_ONLY___ Fixed
2020-10-17 23:49:46,905 INFO     ___FILE_ONLY___  
2020-10-17 23:49:46,905 INFO     ___FILE_ONLY___ CMEK
2020-10-17 23:49:46,906 INFO     ___FILE_ONLY___  
2020-10-17 23:49:46,906 INFO     ___FILE_ONLY___ support
2020-10-17 23:49:46,906 INFO     ___FILE_ONLY___  
2020-10-17 23:49:46,907 INFO     ___FILE_ONLY___ and
2020-10-17 23:49:46,907 INFO     ___FILE_ONLY___  
2020-10-17 23:49:46,907 INFO     ___FILE_ONLY___ add
2020-10-17 23:49:46,909 INFO     ___FILE_ONLY___  
2020-10-17 23:49:46,910 INFO     ___FILE_ONLY___ PD_BALANCED
2020-10-17 23:49:46,910 INFO     ___FILE_ONLY___  
2020-10-17 23:49:46,910 INFO     ___FILE_ONLY___ disk
2020-10-17 23:49:46,910 INFO     ___FILE_ONLY___  
2020-10-17 23:49:46,910 INFO     ___FILE_ONLY___ support.
2020-10-17 23:49:46,910 INFO     ___FILE_ONLY___ 

2020-10-17 23:49:46,911 INFO     ___FILE_ONLY___ 

2020-10-17 23:49:46,912 INFO     ___FILE_ONLY___    
2020-10-17 23:49:46,912 INFO     ___FILE_ONLY___  
2020-10-17 23:49:46,912 INFO     ___FILE_ONLY___ Subscribe
2020-10-17 23:49:46,912 INFO     ___FILE_ONLY___  
2020-10-17 23:49:46,913 INFO     ___FILE_ONLY___ to
2020-10-17 23:49:46,956 INFO     ___FILE_ONLY___  
2020-10-17 23:49:46,956 INFO     ___FILE_ONLY___ these
2020-10-17 23:49:46,957 INFO     ___FILE_ONLY___  
2020-10-17 23:49:46,957 INFO     ___FILE_ONLY___ release
2020-10-17 23:49:46,958 INFO     ___FILE_ONLY___  
2020-10-17 23:49:46,958 INFO     ___FILE_ONLY___ notes
2020-10-17 23:49:46,958 INFO     ___FILE_ONLY___  
2020-10-17 23:49:46,958 INFO     ___FILE_ONLY___ at
2020-10-17 23:49:46,959 INFO     ___FILE_ONLY___ 

2020-10-17 23:49:46,960 INFO     ___FILE_ONLY___     
2020-10-17 23:49:46,960 INFO     ___FILE_ONLY___ https://groups.google.com/forum/#!forum/google-cloud-sdk-announce
2020-10-17 23:49:46,961 INFO     ___FILE_ONLY___ 

2020-10-17 23:49:46,961 INFO     ___FILE_ONLY___     
2020-10-17 23:49:46,961 INFO     ___FILE_ONLY___ (https://groups.google.com/forum/#!forum/google-cloud-sdk-announce).
2020-10-17 23:49:46,961 INFO     ___FILE_ONLY___ 

2020-10-17 23:49:46,961 INFO     ___FILE_ONLY___ 
2020-10-17 23:49:46,962 INFO     ___FILE_ONLY___ 

2020-10-17 23:49:46,971 INFO     ___FILE_ONLY___ #============================================================#

2020-10-17 23:49:46,972 INFO     ___FILE_ONLY___ #= Creating update staging area                             =#

2020-10-17 23:49:46,973 INFO     ___FILE_ONLY___ #
2020-10-17 23:49:46,974 INFO     ___FILE_ONLY___ ======
2020-10-17 23:49:54,071 INFO     ___FILE_ONLY___ ======
2020-10-17 23:49:54,079 INFO     ___FILE_ONLY___ ======
2020-10-17 23:49:55,326 INFO     ___FILE_ONLY___ =
2020-10-17 23:49:55,801 INFO     ___FILE_ONLY___ =
2020-10-17 23:49:56,615 INFO     ___FILE_ONLY___ =
2020-10-17 23:49:57,323 INFO     ___FILE_ONLY___ =
2020-10-17 23:49:58,008 INFO     ___FILE_ONLY___ =
2020-10-17 23:49:58,888 INFO     ___FILE_ONLY___ =
2020-10-17 23:49:59,521 INFO     ___FILE_ONLY___ =
2020-10-17 23:50:00,359 INFO     ___FILE_ONLY___ =
2020-10-17 23:50:00,850 INFO     ___FILE_ONLY___ =
2020-10-17 23:50:01,745 INFO     ___FILE_ONLY___ =
2020-10-17 23:50:02,378 INFO     ___FILE_ONLY___ =
2020-10-17 23:50:02,725 INFO     ___FILE_ONLY___ =
2020-10-17 23:50:03,195 INFO     ___FILE_ONLY___ =
2020-10-17 23:50:03,685 INFO     ___FILE_ONLY___ =
2020-10-17 23:50:04,200 INFO     ___FILE_ONLY___ =
2020-10-17 23:50:04,665 INFO     ___FILE_ONLY___ =
2020-10-17 23:50:05,154 INFO     ___FILE_ONLY___ =
2020-10-17 23:50:05,813 INFO     ___FILE_ONLY___ =
2020-10-17 23:50:06,255 INFO     ___FILE_ONLY___ =
2020-10-17 23:50:06,972 INFO     ___FILE_ONLY___ =
2020-10-17 23:50:07,503 INFO     ___FILE_ONLY___ =
2020-10-17 23:50:07,950 INFO     ___FILE_ONLY___ =
2020-10-17 23:50:08,436 INFO     ___FILE_ONLY___ =
2020-10-17 23:50:08,767 INFO     ___FILE_ONLY___ =
2020-10-17 23:50:09,158 INFO     ___FILE_ONLY___ =
2020-10-17 23:50:09,573 INFO     ___FILE_ONLY___ =
2020-10-17 23:50:10,186 INFO     ___FILE_ONLY___ =
2020-10-17 23:50:10,789 INFO     ___FILE_ONLY___ =
2020-10-17 23:50:11,292 INFO     ___FILE_ONLY___ =
2020-10-17 23:50:11,855 INFO     ___FILE_ONLY___ =
2020-10-17 23:50:12,692 INFO     ___FILE_ONLY___ =
2020-10-17 23:50:13,392 INFO     ___FILE_ONLY___ =
2020-10-17 23:50:14,229 INFO     ___FILE_ONLY___ =
2020-10-17 23:50:15,260 INFO     ___FILE_ONLY___ =
2020-10-17 23:50:15,466 INFO     ___FILE_ONLY___ =
2020-10-17 23:50:15,648 INFO     ___FILE_ONLY___ =
2020-10-17 23:50:15,789 INFO     ___FILE_ONLY___ =
2020-10-17 23:50:15,911 INFO     ___FILE_ONLY___ =
2020-10-17 23:50:16,040 INFO     ___FILE_ONLY___ =
2020-10-17 23:50:16,225 INFO     ___FILE_ONLY___ =
2020-10-17 23:50:16,431 INFO     ___FILE_ONLY___ =
2020-10-17 23:50:17,265 INFO     ___FILE_ONLY___ =
2020-10-17 23:50:17,266 INFO     ___FILE_ONLY___ #

2020-10-17 23:50:19,891 INFO     ___FILE_ONLY___ #= Uninstalling: Cloud SDK Core Libraries                   =#

2020-10-17 23:50:19,892 INFO     ___FILE_ONLY___ #
2020-10-17 23:50:20,007 INFO     ___FILE_ONLY___ =
2020-10-17 23:50:20,050 INFO     ___FILE_ONLY___ =
2020-10-17 23:50:20,102 INFO     ___FILE_ONLY___ =
2020-10-17 23:50:20,135 INFO     ___FILE_ONLY___ =
2020-10-17 23:50:20,181 INFO     ___FILE_ONLY___ =
2020-10-17 23:50:20,265 INFO     ___FILE_ONLY___ =
2020-10-17 23:50:20,307 INFO     ___FILE_ONLY___ =
2020-10-17 23:50:20,347 INFO     ___FILE_ONLY___ =
2020-10-17 23:50:20,380 INFO     ___FILE_ONLY___ =
2020-10-17 23:50:20,415 INFO     ___FILE_ONLY___ =
2020-10-17 23:50:20,452 INFO     ___FILE_ONLY___ =
2020-10-17 23:50:20,491 INFO     ___FILE_ONLY___ =
2020-10-17 23:50:20,518 INFO     ___FILE_ONLY___ =
2020-10-17 23:50:20,555 INFO     ___FILE_ONLY___ =
2020-10-17 23:50:20,596 INFO     ___FILE_ONLY___ =
2020-10-17 23:50:20,663 INFO     ___FILE_ONLY___ =
2020-10-17 23:50:20,681 INFO     ___FILE_ONLY___ =
2020-10-17 23:50:20,734 INFO     ___FILE_ONLY___ =
2020-10-17 23:50:20,829 INFO     ___FILE_ONLY___ =
2020-10-17 23:50:20,925 INFO     ___FILE_ONLY___ =
2020-10-17 23:50:20,971 INFO     ___FILE_ONLY___ =
2020-10-17 23:50:21,024 INFO     ___FILE_ONLY___ =
2020-10-17 23:50:21,076 INFO     ___FILE_ONLY___ =
2020-10-17 23:50:21,116 INFO     ___FILE_ONLY___ =
2020-10-17 23:50:21,151 INFO     ___FILE_ONLY___ =
2020-10-17 23:50:21,179 INFO     ___FILE_ONLY___ =
2020-10-17 23:50:21,219 INFO     ___FILE_ONLY___ =
2020-10-17 23:50:21,268 INFO     ___FILE_ONLY___ =
2020-10-17 23:50:21,305 INFO     ___FILE_ONLY___ =
2020-10-17 23:50:21,332 INFO     ___FILE_ONLY___ =
2020-10-17 23:50:21,365 INFO     ___FILE_ONLY___ =
2020-10-17 23:50:21,400 INFO     ___FILE_ONLY___ =
2020-10-17 23:50:21,461 INFO     ___FILE_ONLY___ =
2020-10-17 23:50:21,512 INFO     ___FILE_ONLY___ =
2020-10-17 23:50:21,540 INFO     ___FILE_ONLY___ =
2020-10-17 23:50:21,580 INFO     ___FILE_ONLY___ =
2020-10-17 23:50:21,621 INFO     ___FILE_ONLY___ =
2020-10-17 23:50:21,672 INFO     ___FILE_ONLY___ =
2020-10-17 23:50:21,712 INFO     ___FILE_ONLY___ =
2020-10-17 23:50:21,773 INFO     ___FILE_ONLY___ =
2020-10-17 23:50:21,826 INFO     ___FILE_ONLY___ =
2020-10-17 23:50:21,860 INFO     ___FILE_ONLY___ =
2020-10-17 23:50:21,882 INFO     ___FILE_ONLY___ =
2020-10-17 23:50:21,921 INFO     ___FILE_ONLY___ =
2020-10-17 23:50:21,965 INFO     ___FILE_ONLY___ =
2020-10-17 23:50:22,021 INFO     ___FILE_ONLY___ =
2020-10-17 23:50:22,071 INFO     ___FILE_ONLY___ =
2020-10-17 23:50:22,102 INFO     ___FILE_ONLY___ =
2020-10-17 23:50:22,123 INFO     ___FILE_ONLY___ =
2020-10-17 23:50:22,157 INFO     ___FILE_ONLY___ =
2020-10-17 23:50:22,205 INFO     ___FILE_ONLY___ =
2020-10-17 23:50:22,245 INFO     ___FILE_ONLY___ =
2020-10-17 23:50:22,268 INFO     ___FILE_ONLY___ =
2020-10-17 23:50:22,310 INFO     ___FILE_ONLY___ =
2020-10-17 23:50:22,337 INFO     ___FILE_ONLY___ =
2020-10-17 23:50:22,367 INFO     ___FILE_ONLY___ =
2020-10-17 23:50:22,403 INFO     ___FILE_ONLY___ =
2020-10-17 23:50:22,448 INFO     ___FILE_ONLY___ =
2020-10-17 23:50:22,478 INFO     ___FILE_ONLY___ =
2020-10-17 23:50:22,511 INFO     ___FILE_ONLY___ =
2020-10-17 23:50:22,511 INFO     ___FILE_ONLY___ #

2020-10-17 23:50:22,827 INFO     ___FILE_ONLY___ #= Installing: Cloud SDK Core Libraries                     =#

2020-10-17 23:50:22,827 INFO     ___FILE_ONLY___ #
2020-10-17 23:50:23,258 INFO     ___FILE_ONLY___ =
2020-10-17 23:50:23,302 INFO     ___FILE_ONLY___ =
2020-10-17 23:50:23,327 INFO     ___FILE_ONLY___ =
2020-10-17 23:50:23,361 INFO     ___FILE_ONLY___ =
2020-10-17 23:50:23,375 INFO     ___FILE_ONLY___ =
2020-10-17 23:50:23,413 INFO     ___FILE_ONLY___ =
2020-10-17 23:50:23,432 INFO     ___FILE_ONLY___ =
2020-10-17 23:50:23,448 INFO     ___FILE_ONLY___ =
2020-10-17 23:50:23,462 INFO     ___FILE_ONLY___ =
2020-10-17 23:50:23,490 INFO     ___FILE_ONLY___ =
2020-10-17 23:50:23,505 INFO     ___FILE_ONLY___ =
2020-10-17 23:50:23,518 INFO     ___FILE_ONLY___ =
2020-10-17 23:50:23,535 INFO     ___FILE_ONLY___ =
2020-10-17 23:50:23,554 INFO     ___FILE_ONLY___ =
2020-10-17 23:50:23,579 INFO     ___FILE_ONLY___ =
2020-10-17 23:50:23,636 INFO     ___FILE_ONLY___ =
2020-10-17 23:50:23,639 INFO     ___FILE_ONLY___ =
2020-10-17 23:50:23,641 INFO     ___FILE_ONLY___ =
2020-10-17 23:50:23,672 INFO     ___FILE_ONLY___ =
2020-10-17 23:50:23,689 INFO     ___FILE_ONLY___ =
2020-10-17 23:50:23,706 INFO     ___FILE_ONLY___ =
2020-10-17 23:50:23,722 INFO     ___FILE_ONLY___ =
2020-10-17 23:50:23,739 INFO     ___FILE_ONLY___ =
2020-10-17 23:50:23,755 INFO     ___FILE_ONLY___ =
2020-10-17 23:50:23,808 INFO     ___FILE_ONLY___ =
2020-10-17 23:50:23,811 INFO     ___FILE_ONLY___ =
2020-10-17 23:50:23,814 INFO     ___FILE_ONLY___ =
2020-10-17 23:50:23,819 INFO     ___FILE_ONLY___ =
2020-10-17 23:50:23,856 INFO     ___FILE_ONLY___ =
2020-10-17 23:50:23,874 INFO     ___FILE_ONLY___ =
2020-10-17 23:50:25,728 INFO     ___FILE_ONLY___ =
2020-10-17 23:50:25,838 INFO     ___FILE_ONLY___ =
2020-10-17 23:50:26,032 INFO     ___FILE_ONLY___ =
2020-10-17 23:50:26,196 INFO     ___FILE_ONLY___ =
2020-10-17 23:50:26,320 INFO     ___FILE_ONLY___ =
2020-10-17 23:50:26,430 INFO     ___FILE_ONLY___ =
2020-10-17 23:50:26,547 INFO     ___FILE_ONLY___ =
2020-10-17 23:50:26,638 INFO     ___FILE_ONLY___ =
2020-10-17 23:50:26,723 INFO     ___FILE_ONLY___ =
2020-10-17 23:50:26,817 INFO     ___FILE_ONLY___ =
2020-10-17 23:50:26,904 INFO     ___FILE_ONLY___ =
2020-10-17 23:50:27,013 INFO     ___FILE_ONLY___ =
2020-10-17 23:50:27,126 INFO     ___FILE_ONLY___ =
2020-10-17 23:50:27,208 INFO     ___FILE_ONLY___ =
2020-10-17 23:50:27,290 INFO     ___FILE_ONLY___ =
2020-10-17 23:50:27,367 INFO     ___FILE_ONLY___ =
2020-10-17 23:50:27,595 INFO     ___FILE_ONLY___ =
2020-10-17 23:50:27,694 INFO     ___FILE_ONLY___ =
2020-10-17 23:50:27,771 INFO     ___FILE_ONLY___ =
2020-10-17 23:50:27,861 INFO     ___FILE_ONLY___ =
2020-10-17 23:50:27,976 INFO     ___FILE_ONLY___ =
2020-10-17 23:50:28,114 INFO     ___FILE_ONLY___ =
2020-10-17 23:50:28,200 INFO     ___FILE_ONLY___ =
2020-10-17 23:50:28,302 INFO     ___FILE_ONLY___ =
2020-10-17 23:50:28,468 INFO     ___FILE_ONLY___ =
2020-10-17 23:50:28,753 INFO     ___FILE_ONLY___ =
2020-10-17 23:50:28,955 INFO     ___FILE_ONLY___ =
2020-10-17 23:50:29,142 INFO     ___FILE_ONLY___ =
2020-10-17 23:50:29,304 INFO     ___FILE_ONLY___ =
2020-10-17 23:50:29,422 INFO     ___FILE_ONLY___ =
2020-10-17 23:50:29,422 INFO     ___FILE_ONLY___ #

2020-10-17 23:50:29,531 INFO     ___FILE_ONLY___ #= Creating backup and activating new installation          =#

2020-10-17 23:50:29,532 INFO     ___FILE_ONLY___ #
2020-10-17 23:50:29,532 DEBUG    root            Attempting to move directory [/Users/elliotevans/Library/Application Support/google-cloud-tools-java/managed-cloud-sdk/LATEST/google-cloud-sdk] to [/Users/elliotevans/Library/Application Support/google-cloud-tools-java/managed-cloud-sdk/LATEST/google-cloud-sdk.staging/.install/.backup]
2020-10-17 23:50:29,533 INFO     ___FILE_ONLY___ ==============================
2020-10-17 23:50:29,533 DEBUG    root            Attempting to move directory [/Users/elliotevans/Library/Application Support/google-cloud-tools-java/managed-cloud-sdk/LATEST/google-cloud-sdk.staging] to [/Users/elliotevans/Library/Application Support/google-cloud-tools-java/managed-cloud-sdk/LATEST/google-cloud-sdk]
2020-10-17 23:50:29,533 INFO     ___FILE_ONLY___ ==============================
2020-10-17 23:50:29,533 INFO     ___FILE_ONLY___ #

2020-10-17 23:50:29,554 DEBUG    root            Updating notification cache...
2020-10-17 23:50:29,555 INFO     ___FILE_ONLY___ 

2020-10-17 23:50:29,562 INFO     ___FILE_ONLY___ Performing post processing steps...
2020-10-17 23:50:29,562 DEBUG    root            Executing command: ['/System/Library/Frameworks/Python.framework/Versions/2.7/Resources/Python.app/Contents/MacOS/Python', u'-S', u'/Users/elliotevans/Library/Application Support/google-cloud-tools-java/managed-cloud-sdk/LATEST/google-cloud-sdk/lib/gcloud.py', u'components', u'post-process']
2020-10-17 23:50:54,419 DEBUG    ___FILE_ONLY___ 
2020-10-17 23:50:54,420 DEBUG    ___FILE_ONLY___ 
2020-10-17 23:50:54,562 INFO     ___FILE_ONLY___ 
Update done!


2020-10-17 23:50:54,562 INFO     ___FILE_ONLY___ To revert your SDK to the previously installed version, you may run:
  $ gcloud components update --version 313.0.1


2020-10-17 23:50:54,566 INFO     root            Display format: "none"
