2020-10-17 23:49:31,712 DEBUG    root            Loaded Command Group: ['gcloud', 'auth']
2020-10-17 23:49:31,720 DEBUG    root            Loaded Command Group: ['gcloud', 'auth', 'configure_docker']
2020-10-17 23:49:31,724 DEBUG    root            Running [gcloud.auth.configure-docker] with arguments: [--quiet: "True"]
2020-10-17 23:49:32,278 WARNING  root            Your config file at [/Users/elliotevans/.docker/config.json] contains these credential helper entries:

{
  "credHelpers": {
    "gcr.io": "gcloud",
    "asia.gcr.io": "gcloud",
    "marketplace.gcr.io": "gcloud",
    "staging-k8s.gcr.io": "gcloud",
    "us.gcr.io": "gcloud",
    "eu.gcr.io": "gcloud"
  }
}
2020-10-17 23:49:32,292 INFO     ___FILE_ONLY___ Adding credentials for all GCR repositories.

2020-10-17 23:49:32,292 WARNING  root            A long list of credential helpers may cause delays running 'docker build'. We recommend passing the registry name to configure only the registry you are using.
2020-10-17 23:49:32,292 INFO     ___FILE_ONLY___ gcloud credential helpers already registered correctly.

2020-10-17 23:49:32,293 INFO     root            Display format: "default"
2020-10-17 23:49:32,295 DEBUG    root            Checking for updates...
2020-10-17 23:49:32,528 DEBUG    root            Updating notification cache...
2020-10-17 23:49:32,528 DEBUG    root            Activating notification: [default]
