2020-10-27 09:11:50,359 DEBUG    root            Loaded Command Group: [u'gcloud', u'components']
2020-10-27 09:11:50,364 DEBUG    root            Loaded Command Group: [u'gcloud', u'components', u'update']
2020-10-27 09:11:50,369 DEBUG    root            Running [gcloud.components.update] with arguments: [--quiet: "True"]
2020-10-27 09:11:51,167 INFO     ___FILE_ONLY___ 

2020-10-27 09:11:51,168 INFO     ___FILE_ONLY___ 
Your current Cloud SDK version is: 314.0.0

2020-10-27 09:11:51,168 INFO     ___FILE_ONLY___ You will be upgraded to version: 315.0.0

2020-10-27 09:11:51,168 INFO     ___FILE_ONLY___ 

2020-10-27 09:11:51,174 INFO     ___FILE_ONLY___ +--------------------------------------------------+
2020-10-27 09:11:51,174 INFO     ___FILE_ONLY___ 

2020-10-27 09:11:51,174 INFO     ___FILE_ONLY___ |        These components will be updated.         |
2020-10-27 09:11:51,174 INFO     ___FILE_ONLY___ 

2020-10-27 09:11:51,175 INFO     ___FILE_ONLY___ +--------------------------+------------+----------+
2020-10-27 09:11:51,175 INFO     ___FILE_ONLY___ 

2020-10-27 09:11:51,175 INFO     ___FILE_ONLY___ |           Name           |  Version   |   Size   |
2020-10-27 09:11:51,175 INFO     ___FILE_ONLY___ 

2020-10-27 09:11:51,175 INFO     ___FILE_ONLY___ +--------------------------+------------+----------+
2020-10-27 09:11:51,175 INFO     ___FILE_ONLY___ 

2020-10-27 09:11:51,176 INFO     ___FILE_ONLY___ | 
2020-10-27 09:11:51,176 INFO     ___FILE_ONLY___ Cloud SDK Core Libraries
2020-10-27 09:11:51,176 INFO     ___FILE_ONLY___  
2020-10-27 09:11:51,176 INFO     ___FILE_ONLY___ | 
2020-10-27 09:11:51,176 INFO     ___FILE_ONLY___ 2020.10.16
2020-10-27 09:11:51,176 INFO     ___FILE_ONLY___  
2020-10-27 09:11:51,177 INFO     ___FILE_ONLY___ | 
2020-10-27 09:11:51,177 INFO     ___FILE_ONLY___ 15.4 MiB
2020-10-27 09:11:51,177 INFO     ___FILE_ONLY___  
2020-10-27 09:11:51,177 INFO     ___FILE_ONLY___ |
2020-10-27 09:11:51,177 INFO     ___FILE_ONLY___ 

2020-10-27 09:11:51,178 INFO     ___FILE_ONLY___ | 
2020-10-27 09:11:51,178 INFO     ___FILE_ONLY___ Minikube                
2020-10-27 09:11:51,178 INFO     ___FILE_ONLY___  
2020-10-27 09:11:51,178 INFO     ___FILE_ONLY___ | 
2020-10-27 09:11:51,178 INFO     ___FILE_ONLY___     1.14.0
2020-10-27 09:11:51,179 INFO     ___FILE_ONLY___  
2020-10-27 09:11:51,179 INFO     ___FILE_ONLY___ | 
2020-10-27 09:11:51,179 INFO     ___FILE_ONLY___ 24.0 MiB
2020-10-27 09:11:51,179 INFO     ___FILE_ONLY___  
2020-10-27 09:11:51,179 INFO     ___FILE_ONLY___ |
2020-10-27 09:11:51,179 INFO     ___FILE_ONLY___ 

2020-10-27 09:11:51,179 INFO     ___FILE_ONLY___ +--------------------------+------------+----------+
2020-10-27 09:11:51,180 INFO     ___FILE_ONLY___ 

2020-10-27 09:11:51,181 INFO     ___FILE_ONLY___ 

2020-10-27 09:11:51,529 INFO     ___FILE_ONLY___ The following release notes are new in this upgrade.
Please read carefully for information about new features, breaking changes,
and bugs fixed.  The latest full release notes can be viewed at:
  https://cloud.google.com/sdk/release_notes


2020-10-27 09:11:51,531 INFO     ___FILE_ONLY___ 
2020-10-27 09:11:51,531 INFO     ___FILE_ONLY___ 315.0.0 (2020-10-20)

2020-10-27 09:11:51,531 INFO     ___FILE_ONLY___ 
2020-10-27 09:11:51,531 INFO     ___FILE_ONLY___   
2020-10-27 09:11:51,531 INFO     ___FILE_ONLY___ AI

2020-10-27 09:11:51,532 INFO     ___FILE_ONLY___       o
2020-10-27 09:11:51,532 INFO     ___FILE_ONLY___  
2020-10-27 09:11:51,532 INFO     ___FILE_ONLY___ Added
2020-10-27 09:11:51,532 INFO     ___FILE_ONLY___  
2020-10-27 09:11:51,532 INFO     ___FILE_ONLY___ gcloud
2020-10-27 09:11:51,532 INFO     ___FILE_ONLY___  
2020-10-27 09:11:51,533 INFO     ___FILE_ONLY___ beta
2020-10-27 09:11:51,533 INFO     ___FILE_ONLY___  
2020-10-27 09:11:51,533 INFO     ___FILE_ONLY___ ai
2020-10-27 09:11:51,533 INFO     ___FILE_ONLY___  
2020-10-27 09:11:51,533 INFO     ___FILE_ONLY___ custom-jobs
2020-10-27 09:11:51,534 INFO     ___FILE_ONLY___  
2020-10-27 09:11:51,534 INFO     ___FILE_ONLY___ stream-logs
2020-10-27 09:11:51,534 INFO     ___FILE_ONLY___  
2020-10-27 09:11:51,534 INFO     ___FILE_ONLY___ which
2020-10-27 09:11:51,535 INFO     ___FILE_ONLY___  
2020-10-27 09:11:51,535 INFO     ___FILE_ONLY___ provides
2020-10-27 09:11:51,535 INFO     ___FILE_ONLY___  
2020-10-27 09:11:51,535 INFO     ___FILE_ONLY___ ability
2020-10-27 09:11:51,536 INFO     ___FILE_ONLY___ 

2020-10-27 09:11:51,536 INFO     ___FILE_ONLY___         
2020-10-27 09:11:51,536 INFO     ___FILE_ONLY___ to
2020-10-27 09:11:51,536 INFO     ___FILE_ONLY___  
2020-10-27 09:11:51,536 INFO     ___FILE_ONLY___ stream
2020-10-27 09:11:51,536 INFO     ___FILE_ONLY___  
2020-10-27 09:11:51,537 INFO     ___FILE_ONLY___ logs
2020-10-27 09:11:51,537 INFO     ___FILE_ONLY___  
2020-10-27 09:11:51,537 INFO     ___FILE_ONLY___ of
2020-10-27 09:11:51,537 INFO     ___FILE_ONLY___  
2020-10-27 09:11:51,537 INFO     ___FILE_ONLY___ custom
2020-10-27 09:11:51,538 INFO     ___FILE_ONLY___  
2020-10-27 09:11:51,538 INFO     ___FILE_ONLY___ jobs
2020-10-27 09:11:51,538 INFO     ___FILE_ONLY___  
2020-10-27 09:11:51,538 INFO     ___FILE_ONLY___ in
2020-10-27 09:11:51,539 INFO     ___FILE_ONLY___  
2020-10-27 09:11:51,539 INFO     ___FILE_ONLY___ AI
2020-10-27 09:11:51,539 INFO     ___FILE_ONLY___  
2020-10-27 09:11:51,540 INFO     ___FILE_ONLY___ Platform.
2020-10-27 09:11:51,541 INFO     ___FILE_ONLY___ 

2020-10-27 09:11:51,541 INFO     ___FILE_ONLY___       o
2020-10-27 09:11:51,542 INFO     ___FILE_ONLY___  
2020-10-27 09:11:51,542 INFO     ___FILE_ONLY___ Fixed
2020-10-27 09:11:51,542 INFO     ___FILE_ONLY___  
2020-10-27 09:11:51,542 INFO     ___FILE_ONLY___ a
2020-10-27 09:11:51,542 INFO     ___FILE_ONLY___  
2020-10-27 09:11:51,542 INFO     ___FILE_ONLY___ bug
2020-10-27 09:11:51,543 INFO     ___FILE_ONLY___  
2020-10-27 09:11:51,543 INFO     ___FILE_ONLY___ where
2020-10-27 09:11:51,543 INFO     ___FILE_ONLY___  
2020-10-27 09:11:51,543 INFO     ___FILE_ONLY___ config.yaml
2020-10-27 09:11:51,543 INFO     ___FILE_ONLY___  
2020-10-27 09:11:51,544 INFO     ___FILE_ONLY___ was
2020-10-27 09:11:51,544 INFO     ___FILE_ONLY___  
2020-10-27 09:11:51,544 INFO     ___FILE_ONLY___ parsed
2020-10-27 09:11:51,544 INFO     ___FILE_ONLY___  
2020-10-27 09:11:51,544 INFO     ___FILE_ONLY___ incorrectly
2020-10-27 09:11:51,544 INFO     ___FILE_ONLY___  
2020-10-27 09:11:51,545 INFO     ___FILE_ONLY___ for
2020-10-27 09:11:51,545 INFO     ___FILE_ONLY___  
2020-10-27 09:11:51,545 INFO     ___FILE_ONLY___ command
2020-10-27 09:11:51,545 INFO     ___FILE_ONLY___ 

2020-10-27 09:11:51,545 INFO     ___FILE_ONLY___         
2020-10-27 09:11:51,546 INFO     ___FILE_ONLY___ gcloud
2020-10-27 09:11:51,546 INFO     ___FILE_ONLY___  
2020-10-27 09:11:51,546 INFO     ___FILE_ONLY___ ai
2020-10-27 09:11:51,554 INFO     ___FILE_ONLY___  
2020-10-27 09:11:51,554 INFO     ___FILE_ONLY___ custom-jobs
2020-10-27 09:11:51,554 INFO     ___FILE_ONLY___  
2020-10-27 09:11:51,555 INFO     ___FILE_ONLY___ create
2020-10-27 09:11:51,555 INFO     ___FILE_ONLY___  
2020-10-27 09:11:51,555 INFO     ___FILE_ONLY___ in
2020-10-27 09:11:51,555 INFO     ___FILE_ONLY___  
2020-10-27 09:11:51,555 INFO     ___FILE_ONLY___ AI
2020-10-27 09:11:51,555 INFO     ___FILE_ONLY___  
2020-10-27 09:11:51,555 INFO     ___FILE_ONLY___ Platform.
2020-10-27 09:11:51,555 INFO     ___FILE_ONLY___ 

2020-10-27 09:11:51,555 INFO     ___FILE_ONLY___ 

2020-10-27 09:11:51,556 INFO     ___FILE_ONLY___ 
2020-10-27 09:11:51,556 INFO     ___FILE_ONLY___   
2020-10-27 09:11:51,556 INFO     ___FILE_ONLY___ Artifact Registry

2020-10-27 09:11:51,556 INFO     ___FILE_ONLY___       o
2020-10-27 09:11:51,556 INFO     ___FILE_ONLY___  
2020-10-27 09:11:51,556 INFO     ___FILE_ONLY___ Removed
2020-10-27 09:11:51,556 INFO     ___FILE_ONLY___  
2020-10-27 09:11:51,557 INFO     ___FILE_ONLY___ GCR
2020-10-27 09:11:51,557 INFO     ___FILE_ONLY___  
2020-10-27 09:11:51,557 INFO     ___FILE_ONLY___ repositories
2020-10-27 09:11:51,557 INFO     ___FILE_ONLY___  
2020-10-27 09:11:51,557 INFO     ___FILE_ONLY___ from
2020-10-27 09:11:51,557 INFO     ___FILE_ONLY___  
2020-10-27 09:11:51,557 INFO     ___FILE_ONLY___ artifacts
2020-10-27 09:11:51,557 INFO     ___FILE_ONLY___  
2020-10-27 09:11:51,558 INFO     ___FILE_ONLY___ repositories
2020-10-27 09:11:51,558 INFO     ___FILE_ONLY___  
2020-10-27 09:11:51,558 INFO     ___FILE_ONLY___ list
2020-10-27 09:11:51,558 INFO     ___FILE_ONLY___  
2020-10-27 09:11:51,559 INFO     ___FILE_ONLY___ result.
2020-10-27 09:11:51,559 INFO     ___FILE_ONLY___ 

2020-10-27 09:11:51,559 INFO     ___FILE_ONLY___ 

2020-10-27 09:11:51,559 INFO     ___FILE_ONLY___ 
2020-10-27 09:11:51,560 INFO     ___FILE_ONLY___   
2020-10-27 09:11:51,560 INFO     ___FILE_ONLY___ Cloud Firestore Emulator

2020-10-27 09:11:51,560 INFO     ___FILE_ONLY___       o
2020-10-27 09:11:51,560 INFO     ___FILE_ONLY___  
2020-10-27 09:11:51,560 INFO     ___FILE_ONLY___ Release
2020-10-27 09:11:51,561 INFO     ___FILE_ONLY___  
2020-10-27 09:11:51,561 INFO     ___FILE_ONLY___ Cloud
2020-10-27 09:11:51,561 INFO     ___FILE_ONLY___  
2020-10-27 09:11:51,561 INFO     ___FILE_ONLY___ Firestore
2020-10-27 09:11:51,561 INFO     ___FILE_ONLY___  
2020-10-27 09:11:51,562 INFO     ___FILE_ONLY___ emulator
2020-10-27 09:11:51,562 INFO     ___FILE_ONLY___  
2020-10-27 09:11:51,562 INFO     ___FILE_ONLY___ v1.11.9
2020-10-27 09:11:51,562 INFO     ___FILE_ONLY___ 

2020-10-27 09:11:51,562 INFO     ___FILE_ONLY___         *
2020-10-27 09:11:51,562 INFO     ___FILE_ONLY___  
2020-10-27 09:11:51,562 INFO     ___FILE_ONLY___ Fix
2020-10-27 09:11:51,563 INFO     ___FILE_ONLY___  
2020-10-27 09:11:51,563 INFO     ___FILE_ONLY___ handling
2020-10-27 09:11:51,563 INFO     ___FILE_ONLY___  
2020-10-27 09:11:51,563 INFO     ___FILE_ONLY___ of
2020-10-27 09:11:51,563 INFO     ___FILE_ONLY___  
2020-10-27 09:11:51,563 INFO     ___FILE_ONLY___ !=
2020-10-27 09:11:51,563 INFO     ___FILE_ONLY___  
2020-10-27 09:11:51,563 INFO     ___FILE_ONLY___ and
2020-10-27 09:11:51,564 INFO     ___FILE_ONLY___  
2020-10-27 09:11:51,564 INFO     ___FILE_ONLY___ not-in
2020-10-27 09:11:51,564 INFO     ___FILE_ONLY___  
2020-10-27 09:11:51,564 INFO     ___FILE_ONLY___ operators.
2020-10-27 09:11:51,564 INFO     ___FILE_ONLY___ 

2020-10-27 09:11:51,564 INFO     ___FILE_ONLY___ 

2020-10-27 09:11:51,564 INFO     ___FILE_ONLY___ 
2020-10-27 09:11:51,565 INFO     ___FILE_ONLY___   
2020-10-27 09:11:51,565 INFO     ___FILE_ONLY___ Compute Engine

2020-10-27 09:11:51,565 INFO     ___FILE_ONLY___       o
2020-10-27 09:11:51,565 INFO     ___FILE_ONLY___  
2020-10-27 09:11:51,565 INFO     ___FILE_ONLY___ Added
2020-10-27 09:11:51,566 INFO     ___FILE_ONLY___  
2020-10-27 09:11:51,566 INFO     ___FILE_ONLY___ sles-12,
2020-10-27 09:11:51,566 INFO     ___FILE_ONLY___  
2020-10-27 09:11:51,566 INFO     ___FILE_ONLY___ sles-sap-12,
2020-10-27 09:11:51,566 INFO     ___FILE_ONLY___  
2020-10-27 09:11:51,566 INFO     ___FILE_ONLY___ sles-sap-12-byol,
2020-10-27 09:11:51,567 INFO     ___FILE_ONLY___  
2020-10-27 09:11:51,567 INFO     ___FILE_ONLY___ sles-15,
2020-10-27 09:11:51,567 INFO     ___FILE_ONLY___  
2020-10-27 09:11:51,567 INFO     ___FILE_ONLY___ sles-sap-15,
2020-10-27 09:11:51,567 INFO     ___FILE_ONLY___ 

2020-10-27 09:11:51,568 INFO     ___FILE_ONLY___         
2020-10-27 09:11:51,568 INFO     ___FILE_ONLY___ and
2020-10-27 09:11:51,568 INFO     ___FILE_ONLY___  
2020-10-27 09:11:51,568 INFO     ___FILE_ONLY___ sles-sap-15-byol
2020-10-27 09:11:51,568 INFO     ___FILE_ONLY___  
2020-10-27 09:11:51,568 INFO     ___FILE_ONLY___ options
2020-10-27 09:11:51,568 INFO     ___FILE_ONLY___  
2020-10-27 09:11:51,569 INFO     ___FILE_ONLY___ to
2020-10-27 09:11:51,569 INFO     ___FILE_ONLY___  
2020-10-27 09:11:51,569 INFO     ___FILE_ONLY___ --os
2020-10-27 09:11:51,569 INFO     ___FILE_ONLY___  
2020-10-27 09:11:51,569 INFO     ___FILE_ONLY___ flag
2020-10-27 09:11:51,569 INFO     ___FILE_ONLY___  
2020-10-27 09:11:51,569 INFO     ___FILE_ONLY___ for
2020-10-27 09:11:51,569 INFO     ___FILE_ONLY___  
2020-10-27 09:11:51,570 INFO     ___FILE_ONLY___ gcloud
2020-10-27 09:11:51,570 INFO     ___FILE_ONLY___  
2020-10-27 09:11:51,570 INFO     ___FILE_ONLY___ compute
2020-10-27 09:11:51,570 INFO     ___FILE_ONLY___  
2020-10-27 09:11:51,570 INFO     ___FILE_ONLY___ images
2020-10-27 09:11:51,570 INFO     ___FILE_ONLY___ 

2020-10-27 09:11:51,570 INFO     ___FILE_ONLY___         
2020-10-27 09:11:51,571 INFO     ___FILE_ONLY___ import
2020-10-27 09:11:51,571 INFO     ___FILE_ONLY___  
2020-10-27 09:11:51,571 INFO     ___FILE_ONLY___ in
2020-10-27 09:11:51,571 INFO     ___FILE_ONLY___  
2020-10-27 09:11:51,571 INFO     ___FILE_ONLY___ GA,
2020-10-27 09:11:51,571 INFO     ___FILE_ONLY___  
2020-10-27 09:11:51,571 INFO     ___FILE_ONLY___ gcloud
2020-10-27 09:11:51,572 INFO     ___FILE_ONLY___  
2020-10-27 09:11:51,572 INFO     ___FILE_ONLY___ compute
2020-10-27 09:11:51,572 INFO     ___FILE_ONLY___  
2020-10-27 09:11:51,572 INFO     ___FILE_ONLY___ instances
2020-10-27 09:11:51,572 INFO     ___FILE_ONLY___  
2020-10-27 09:11:51,572 INFO     ___FILE_ONLY___ import
2020-10-27 09:11:51,572 INFO     ___FILE_ONLY___  
2020-10-27 09:11:51,572 INFO     ___FILE_ONLY___ in
2020-10-27 09:11:51,573 INFO     ___FILE_ONLY___  
2020-10-27 09:11:51,573 INFO     ___FILE_ONLY___ GA,
2020-10-27 09:11:51,573 INFO     ___FILE_ONLY___  
2020-10-27 09:11:51,573 INFO     ___FILE_ONLY___ and
2020-10-27 09:11:51,573 INFO     ___FILE_ONLY___  
2020-10-27 09:11:51,573 INFO     ___FILE_ONLY___ gcloud
2020-10-27 09:11:51,573 INFO     ___FILE_ONLY___  
2020-10-27 09:11:51,573 INFO     ___FILE_ONLY___ compute
2020-10-27 09:11:51,574 INFO     ___FILE_ONLY___ 

2020-10-27 09:11:51,574 INFO     ___FILE_ONLY___         
2020-10-27 09:11:51,574 INFO     ___FILE_ONLY___ machine-images
2020-10-27 09:11:51,574 INFO     ___FILE_ONLY___  
2020-10-27 09:11:51,574 INFO     ___FILE_ONLY___ import
2020-10-27 09:11:51,574 INFO     ___FILE_ONLY___  
2020-10-27 09:11:51,574 INFO     ___FILE_ONLY___ in
2020-10-27 09:11:51,574 INFO     ___FILE_ONLY___  
2020-10-27 09:11:51,574 INFO     ___FILE_ONLY___ beta.
2020-10-27 09:11:51,575 INFO     ___FILE_ONLY___ 

2020-10-27 09:11:51,575 INFO     ___FILE_ONLY___       o
2020-10-27 09:11:51,575 INFO     ___FILE_ONLY___  
2020-10-27 09:11:51,575 INFO     ___FILE_ONLY___ Promoted
2020-10-27 09:11:51,575 INFO     ___FILE_ONLY___  
2020-10-27 09:11:51,575 INFO     ___FILE_ONLY___ --disable-default-snat
2020-10-27 09:11:51,575 INFO     ___FILE_ONLY___  
2020-10-27 09:11:51,576 INFO     ___FILE_ONLY___ flag
2020-10-27 09:11:51,576 INFO     ___FILE_ONLY___  
2020-10-27 09:11:51,576 INFO     ___FILE_ONLY___ for
2020-10-27 09:11:51,576 INFO     ___FILE_ONLY___  
2020-10-27 09:11:51,576 INFO     ___FILE_ONLY___ gcloud
2020-10-27 09:11:51,576 INFO     ___FILE_ONLY___  
2020-10-27 09:11:51,576 INFO     ___FILE_ONLY___ container
2020-10-27 09:11:51,576 INFO     ___FILE_ONLY___  
2020-10-27 09:11:51,577 INFO     ___FILE_ONLY___ clusters
2020-10-27 09:11:51,577 INFO     ___FILE_ONLY___ 

2020-10-27 09:11:51,577 INFO     ___FILE_ONLY___         
2020-10-27 09:11:51,577 INFO     ___FILE_ONLY___ update
2020-10-27 09:11:51,577 INFO     ___FILE_ONLY___  
2020-10-27 09:11:51,577 INFO     ___FILE_ONLY___ command
2020-10-27 09:11:51,577 INFO     ___FILE_ONLY___  
2020-10-27 09:11:51,577 INFO     ___FILE_ONLY___ to
2020-10-27 09:11:51,578 INFO     ___FILE_ONLY___  
2020-10-27 09:11:51,578 INFO     ___FILE_ONLY___ GA.
2020-10-27 09:11:51,578 INFO     ___FILE_ONLY___ 

2020-10-27 09:11:51,578 INFO     ___FILE_ONLY___ 

2020-10-27 09:11:51,578 INFO     ___FILE_ONLY___    
2020-10-27 09:11:51,578 INFO     ___FILE_ONLY___  
2020-10-27 09:11:51,578 INFO     ___FILE_ONLY___ Subscribe
2020-10-27 09:11:51,579 INFO     ___FILE_ONLY___  
2020-10-27 09:11:51,579 INFO     ___FILE_ONLY___ to
2020-10-27 09:11:51,579 INFO     ___FILE_ONLY___  
2020-10-27 09:11:51,579 INFO     ___FILE_ONLY___ these
2020-10-27 09:11:51,579 INFO     ___FILE_ONLY___  
2020-10-27 09:11:51,579 INFO     ___FILE_ONLY___ release
2020-10-27 09:11:51,579 INFO     ___FILE_ONLY___  
2020-10-27 09:11:51,579 INFO     ___FILE_ONLY___ notes
2020-10-27 09:11:51,580 INFO     ___FILE_ONLY___  
2020-10-27 09:11:51,580 INFO     ___FILE_ONLY___ at
2020-10-27 09:11:51,580 INFO     ___FILE_ONLY___ 

2020-10-27 09:11:51,580 INFO     ___FILE_ONLY___     
2020-10-27 09:11:51,580 INFO     ___FILE_ONLY___ https://groups.google.com/forum/#!forum/google-cloud-sdk-announce
2020-10-27 09:11:51,580 INFO     ___FILE_ONLY___ 

2020-10-27 09:11:51,581 INFO     ___FILE_ONLY___     
2020-10-27 09:11:51,581 INFO     ___FILE_ONLY___ (https://groups.google.com/forum/#!forum/google-cloud-sdk-announce).
2020-10-27 09:11:51,581 INFO     ___FILE_ONLY___ 

2020-10-27 09:11:51,581 INFO     ___FILE_ONLY___ 
2020-10-27 09:11:51,581 INFO     ___FILE_ONLY___ 

2020-10-27 09:11:51,589 INFO     ___FILE_ONLY___ #============================================================#

2020-10-27 09:11:51,589 INFO     ___FILE_ONLY___ #= Creating update staging area                             =#

2020-10-27 09:11:51,590 INFO     ___FILE_ONLY___ #
2020-10-27 09:11:51,590 INFO     ___FILE_ONLY___ ======
2020-10-27 09:11:58,771 INFO     ___FILE_ONLY___ ======
2020-10-27 09:11:58,771 INFO     ___FILE_ONLY___ ======
2020-10-27 09:12:00,334 INFO     ___FILE_ONLY___ =
2020-10-27 09:12:00,858 INFO     ___FILE_ONLY___ =
2020-10-27 09:12:01,682 INFO     ___FILE_ONLY___ =
2020-10-27 09:12:02,245 INFO     ___FILE_ONLY___ =
2020-10-27 09:12:02,896 INFO     ___FILE_ONLY___ =
2020-10-27 09:12:03,609 INFO     ___FILE_ONLY___ =
2020-10-27 09:12:04,204 INFO     ___FILE_ONLY___ =
2020-10-27 09:12:04,788 INFO     ___FILE_ONLY___ =
2020-10-27 09:12:05,321 INFO     ___FILE_ONLY___ =
2020-10-27 09:12:06,136 INFO     ___FILE_ONLY___ =
2020-10-27 09:12:06,569 INFO     ___FILE_ONLY___ =
2020-10-27 09:12:06,918 INFO     ___FILE_ONLY___ =
2020-10-27 09:12:07,394 INFO     ___FILE_ONLY___ =
2020-10-27 09:12:07,934 INFO     ___FILE_ONLY___ =
2020-10-27 09:12:08,451 INFO     ___FILE_ONLY___ =
2020-10-27 09:12:08,983 INFO     ___FILE_ONLY___ =
2020-10-27 09:12:09,470 INFO     ___FILE_ONLY___ =
2020-10-27 09:12:10,205 INFO     ___FILE_ONLY___ =
2020-10-27 09:12:10,873 INFO     ___FILE_ONLY___ =
2020-10-27 09:12:11,395 INFO     ___FILE_ONLY___ =
2020-10-27 09:12:11,838 INFO     ___FILE_ONLY___ =
2020-10-27 09:12:12,269 INFO     ___FILE_ONLY___ =
2020-10-27 09:12:12,702 INFO     ___FILE_ONLY___ =
2020-10-27 09:12:13,073 INFO     ___FILE_ONLY___ =
2020-10-27 09:12:13,441 INFO     ___FILE_ONLY___ =
2020-10-27 09:12:13,914 INFO     ___FILE_ONLY___ =
2020-10-27 09:12:14,485 INFO     ___FILE_ONLY___ =
2020-10-27 09:12:15,120 INFO     ___FILE_ONLY___ =
2020-10-27 09:12:15,472 INFO     ___FILE_ONLY___ =
2020-10-27 09:12:15,836 INFO     ___FILE_ONLY___ =
2020-10-27 09:12:16,288 INFO     ___FILE_ONLY___ =
2020-10-27 09:12:16,838 INFO     ___FILE_ONLY___ =
2020-10-27 09:12:17,599 INFO     ___FILE_ONLY___ =
2020-10-27 09:12:18,629 INFO     ___FILE_ONLY___ =
2020-10-27 09:12:18,764 INFO     ___FILE_ONLY___ =
2020-10-27 09:12:18,931 INFO     ___FILE_ONLY___ =
2020-10-27 09:12:19,062 INFO     ___FILE_ONLY___ =
2020-10-27 09:12:19,190 INFO     ___FILE_ONLY___ =
2020-10-27 09:12:19,325 INFO     ___FILE_ONLY___ =
2020-10-27 09:12:19,466 INFO     ___FILE_ONLY___ =
2020-10-27 09:12:19,617 INFO     ___FILE_ONLY___ =
2020-10-27 09:12:20,214 INFO     ___FILE_ONLY___ =
2020-10-27 09:12:20,214 INFO     ___FILE_ONLY___ #

2020-10-27 09:12:22,596 INFO     ___FILE_ONLY___ #= Uninstalling: Cloud SDK Core Libraries                   =#

2020-10-27 09:12:22,597 INFO     ___FILE_ONLY___ #
2020-10-27 09:12:22,638 INFO     ___FILE_ONLY___ =
2020-10-27 09:12:22,681 INFO     ___FILE_ONLY___ =
2020-10-27 09:12:22,724 INFO     ___FILE_ONLY___ =
2020-10-27 09:12:22,776 INFO     ___FILE_ONLY___ =
2020-10-27 09:12:22,820 INFO     ___FILE_ONLY___ =
2020-10-27 09:12:22,857 INFO     ___FILE_ONLY___ =
2020-10-27 09:12:22,898 INFO     ___FILE_ONLY___ =
2020-10-27 09:12:22,945 INFO     ___FILE_ONLY___ =
2020-10-27 09:12:22,985 INFO     ___FILE_ONLY___ =
2020-10-27 09:12:23,021 INFO     ___FILE_ONLY___ =
2020-10-27 09:12:23,053 INFO     ___FILE_ONLY___ =
2020-10-27 09:12:23,090 INFO     ___FILE_ONLY___ =
2020-10-27 09:12:23,128 INFO     ___FILE_ONLY___ =
2020-10-27 09:12:23,163 INFO     ___FILE_ONLY___ =
2020-10-27 09:12:23,198 INFO     ___FILE_ONLY___ =
2020-10-27 09:12:23,236 INFO     ___FILE_ONLY___ =
2020-10-27 09:12:23,271 INFO     ___FILE_ONLY___ =
2020-10-27 09:12:23,298 INFO     ___FILE_ONLY___ =
2020-10-27 09:12:23,341 INFO     ___FILE_ONLY___ =
2020-10-27 09:12:23,391 INFO     ___FILE_ONLY___ =
2020-10-27 09:12:23,432 INFO     ___FILE_ONLY___ =
2020-10-27 09:12:23,482 INFO     ___FILE_ONLY___ =
2020-10-27 09:12:23,518 INFO     ___FILE_ONLY___ =
2020-10-27 09:12:23,557 INFO     ___FILE_ONLY___ =
2020-10-27 09:12:23,600 INFO     ___FILE_ONLY___ =
2020-10-27 09:12:23,637 INFO     ___FILE_ONLY___ =
2020-10-27 09:12:23,674 INFO     ___FILE_ONLY___ =
2020-10-27 09:12:23,716 INFO     ___FILE_ONLY___ =
2020-10-27 09:12:23,781 INFO     ___FILE_ONLY___ =
2020-10-27 09:12:23,832 INFO     ___FILE_ONLY___ =
2020-10-27 09:12:23,876 INFO     ___FILE_ONLY___ =
2020-10-27 09:12:23,923 INFO     ___FILE_ONLY___ =
2020-10-27 09:12:23,969 INFO     ___FILE_ONLY___ =
2020-10-27 09:12:24,008 INFO     ___FILE_ONLY___ =
2020-10-27 09:12:24,051 INFO     ___FILE_ONLY___ =
2020-10-27 09:12:24,101 INFO     ___FILE_ONLY___ =
2020-10-27 09:12:24,149 INFO     ___FILE_ONLY___ =
2020-10-27 09:12:24,196 INFO     ___FILE_ONLY___ =
2020-10-27 09:12:24,239 INFO     ___FILE_ONLY___ =
2020-10-27 09:12:24,283 INFO     ___FILE_ONLY___ =
2020-10-27 09:12:24,334 INFO     ___FILE_ONLY___ =
2020-10-27 09:12:24,377 INFO     ___FILE_ONLY___ =
2020-10-27 09:12:24,412 INFO     ___FILE_ONLY___ =
2020-10-27 09:12:24,456 INFO     ___FILE_ONLY___ =
2020-10-27 09:12:24,502 INFO     ___FILE_ONLY___ =
2020-10-27 09:12:24,552 INFO     ___FILE_ONLY___ =
2020-10-27 09:12:24,597 INFO     ___FILE_ONLY___ =
2020-10-27 09:12:24,629 INFO     ___FILE_ONLY___ =
2020-10-27 09:12:24,664 INFO     ___FILE_ONLY___ =
2020-10-27 09:12:24,706 INFO     ___FILE_ONLY___ =
2020-10-27 09:12:24,746 INFO     ___FILE_ONLY___ =
2020-10-27 09:12:24,783 INFO     ___FILE_ONLY___ =
2020-10-27 09:12:24,817 INFO     ___FILE_ONLY___ =
2020-10-27 09:12:24,856 INFO     ___FILE_ONLY___ =
2020-10-27 09:12:24,894 INFO     ___FILE_ONLY___ =
2020-10-27 09:12:24,941 INFO     ___FILE_ONLY___ =
2020-10-27 09:12:24,983 INFO     ___FILE_ONLY___ =
2020-10-27 09:12:25,020 INFO     ___FILE_ONLY___ =
2020-10-27 09:12:25,063 INFO     ___FILE_ONLY___ =
2020-10-27 09:12:25,095 INFO     ___FILE_ONLY___ =
2020-10-27 09:12:25,095 INFO     ___FILE_ONLY___ #

2020-10-27 09:12:25,510 INFO     ___FILE_ONLY___ #= Uninstalling: Minikube                                   =#

2020-10-27 09:12:25,510 INFO     ___FILE_ONLY___ #
2020-10-27 09:12:25,513 INFO     ___FILE_ONLY___ ============================================================
2020-10-27 09:12:25,513 INFO     ___FILE_ONLY___ #

2020-10-27 09:12:25,520 INFO     ___FILE_ONLY___ #= Installing: Cloud SDK Core Libraries                     =#

2020-10-27 09:12:25,521 INFO     ___FILE_ONLY___ #
2020-10-27 09:12:25,887 INFO     ___FILE_ONLY___ =
2020-10-27 09:12:26,016 INFO     ___FILE_ONLY___ =
2020-10-27 09:12:26,172 INFO     ___FILE_ONLY___ =
2020-10-27 09:12:26,326 INFO     ___FILE_ONLY___ =
2020-10-27 09:12:26,477 INFO     ___FILE_ONLY___ =
2020-10-27 09:12:26,638 INFO     ___FILE_ONLY___ =
2020-10-27 09:12:26,782 INFO     ___FILE_ONLY___ =
2020-10-27 09:12:26,933 INFO     ___FILE_ONLY___ =
2020-10-27 09:12:27,081 INFO     ___FILE_ONLY___ =
2020-10-27 09:12:27,231 INFO     ___FILE_ONLY___ =
2020-10-27 09:12:27,383 INFO     ___FILE_ONLY___ =
2020-10-27 09:12:27,548 INFO     ___FILE_ONLY___ =
2020-10-27 09:12:27,686 INFO     ___FILE_ONLY___ =
2020-10-27 09:12:27,840 INFO     ___FILE_ONLY___ =
2020-10-27 09:12:27,993 INFO     ___FILE_ONLY___ =
2020-10-27 09:12:28,139 INFO     ___FILE_ONLY___ =
2020-10-27 09:12:28,290 INFO     ___FILE_ONLY___ =
2020-10-27 09:12:28,442 INFO     ___FILE_ONLY___ =
2020-10-27 09:12:28,592 INFO     ___FILE_ONLY___ =
2020-10-27 09:12:28,740 INFO     ___FILE_ONLY___ =
2020-10-27 09:12:28,891 INFO     ___FILE_ONLY___ =
2020-10-27 09:12:29,043 INFO     ___FILE_ONLY___ =
2020-10-27 09:12:29,194 INFO     ___FILE_ONLY___ =
2020-10-27 09:12:29,340 INFO     ___FILE_ONLY___ =
2020-10-27 09:12:29,505 INFO     ___FILE_ONLY___ =
2020-10-27 09:12:29,644 INFO     ___FILE_ONLY___ =
2020-10-27 09:12:29,811 INFO     ___FILE_ONLY___ =
2020-10-27 09:12:29,943 INFO     ___FILE_ONLY___ =
2020-10-27 09:12:30,094 INFO     ___FILE_ONLY___ =
2020-10-27 09:12:30,268 INFO     ___FILE_ONLY___ =
2020-10-27 09:12:32,051 INFO     ___FILE_ONLY___ =
2020-10-27 09:12:32,138 INFO     ___FILE_ONLY___ =
2020-10-27 09:12:32,217 INFO     ___FILE_ONLY___ =
2020-10-27 09:12:32,311 INFO     ___FILE_ONLY___ =
2020-10-27 09:12:32,407 INFO     ___FILE_ONLY___ =
2020-10-27 09:12:32,532 INFO     ___FILE_ONLY___ =
2020-10-27 09:12:32,620 INFO     ___FILE_ONLY___ =
2020-10-27 09:12:32,710 INFO     ___FILE_ONLY___ =
2020-10-27 09:12:32,789 INFO     ___FILE_ONLY___ =
2020-10-27 09:12:32,856 INFO     ___FILE_ONLY___ =
2020-10-27 09:12:32,924 INFO     ___FILE_ONLY___ =
2020-10-27 09:12:32,998 INFO     ___FILE_ONLY___ =
2020-10-27 09:12:33,087 INFO     ___FILE_ONLY___ =
2020-10-27 09:12:33,164 INFO     ___FILE_ONLY___ =
2020-10-27 09:12:33,241 INFO     ___FILE_ONLY___ =
2020-10-27 09:12:33,313 INFO     ___FILE_ONLY___ =
2020-10-27 09:12:33,389 INFO     ___FILE_ONLY___ =
2020-10-27 09:12:33,461 INFO     ___FILE_ONLY___ =
2020-10-27 09:12:33,558 INFO     ___FILE_ONLY___ =
2020-10-27 09:12:33,650 INFO     ___FILE_ONLY___ =
2020-10-27 09:12:33,724 INFO     ___FILE_ONLY___ =
2020-10-27 09:12:33,797 INFO     ___FILE_ONLY___ =
2020-10-27 09:12:33,862 INFO     ___FILE_ONLY___ =
2020-10-27 09:12:33,943 INFO     ___FILE_ONLY___ =
2020-10-27 09:12:34,100 INFO     ___FILE_ONLY___ =
2020-10-27 09:12:34,398 INFO     ___FILE_ONLY___ =
2020-10-27 09:12:34,549 INFO     ___FILE_ONLY___ =
2020-10-27 09:12:34,691 INFO     ___FILE_ONLY___ =
2020-10-27 09:12:34,832 INFO     ___FILE_ONLY___ =
2020-10-27 09:12:34,947 INFO     ___FILE_ONLY___ =
2020-10-27 09:12:34,947 INFO     ___FILE_ONLY___ #

2020-10-27 09:12:35,053 INFO     ___FILE_ONLY___ #= Installing: Minikube                                     =#

2020-10-27 09:12:35,053 INFO     ___FILE_ONLY___ #
2020-10-27 09:12:35,587 INFO     ___FILE_ONLY___ =
2020-10-27 09:12:35,826 INFO     ___FILE_ONLY___ =
2020-10-27 09:12:36,080 INFO     ___FILE_ONLY___ =
2020-10-27 09:12:36,300 INFO     ___FILE_ONLY___ =
2020-10-27 09:12:36,534 INFO     ___FILE_ONLY___ =
2020-10-27 09:12:36,770 INFO     ___FILE_ONLY___ =
2020-10-27 09:12:37,005 INFO     ___FILE_ONLY___ =
2020-10-27 09:12:37,244 INFO     ___FILE_ONLY___ =
2020-10-27 09:12:37,504 INFO     ___FILE_ONLY___ =
2020-10-27 09:12:37,712 INFO     ___FILE_ONLY___ =
2020-10-27 09:12:37,948 INFO     ___FILE_ONLY___ =
2020-10-27 09:12:38,183 INFO     ___FILE_ONLY___ =
2020-10-27 09:12:38,438 INFO     ___FILE_ONLY___ =
2020-10-27 09:12:38,657 INFO     ___FILE_ONLY___ =
2020-10-27 09:12:38,913 INFO     ___FILE_ONLY___ =
2020-10-27 09:12:39,149 INFO     ___FILE_ONLY___ =
2020-10-27 09:12:39,368 INFO     ___FILE_ONLY___ =
2020-10-27 09:12:39,611 INFO     ___FILE_ONLY___ =
2020-10-27 09:12:39,844 INFO     ___FILE_ONLY___ =
2020-10-27 09:12:40,069 INFO     ___FILE_ONLY___ =
2020-10-27 09:12:40,323 INFO     ___FILE_ONLY___ =
2020-10-27 09:12:40,546 INFO     ___FILE_ONLY___ =
2020-10-27 09:12:40,800 INFO     ___FILE_ONLY___ =
2020-10-27 09:12:41,019 INFO     ___FILE_ONLY___ =
2020-10-27 09:12:41,264 INFO     ___FILE_ONLY___ =
2020-10-27 09:12:41,486 INFO     ___FILE_ONLY___ =
2020-10-27 09:12:41,717 INFO     ___FILE_ONLY___ =
2020-10-27 09:12:41,964 INFO     ___FILE_ONLY___ =
2020-10-27 09:12:42,210 INFO     ___FILE_ONLY___ =
2020-10-27 09:12:42,458 INFO     ___FILE_ONLY___ =
2020-10-27 09:12:43,730 INFO     ___FILE_ONLY___ ==============================
2020-10-27 09:12:43,730 INFO     ___FILE_ONLY___ #

2020-10-27 09:12:43,741 INFO     ___FILE_ONLY___ #= Creating backup and activating new installation          =#

2020-10-27 09:12:43,741 INFO     ___FILE_ONLY___ #
2020-10-27 09:12:43,742 DEBUG    root            Attempting to move directory [/Users/elliotevans/Library/Application Support/google-cloud-tools-java/managed-cloud-sdk/LATEST/google-cloud-sdk] to [/Users/elliotevans/Library/Application Support/google-cloud-tools-java/managed-cloud-sdk/LATEST/google-cloud-sdk.staging/.install/.backup]
2020-10-27 09:12:43,743 INFO     ___FILE_ONLY___ ==============================
2020-10-27 09:12:43,743 DEBUG    root            Attempting to move directory [/Users/elliotevans/Library/Application Support/google-cloud-tools-java/managed-cloud-sdk/LATEST/google-cloud-sdk.staging] to [/Users/elliotevans/Library/Application Support/google-cloud-tools-java/managed-cloud-sdk/LATEST/google-cloud-sdk]
2020-10-27 09:12:43,743 INFO     ___FILE_ONLY___ ==============================
2020-10-27 09:12:43,743 INFO     ___FILE_ONLY___ #

2020-10-27 09:12:43,751 DEBUG    root            Updating notification cache...
2020-10-27 09:12:43,753 INFO     ___FILE_ONLY___ 

2020-10-27 09:12:43,760 INFO     ___FILE_ONLY___ Performing post processing steps...
2020-10-27 09:12:43,760 DEBUG    root            Executing command: ['/System/Library/Frameworks/Python.framework/Versions/2.7/Resources/Python.app/Contents/MacOS/Python', u'-S', u'/Users/elliotevans/Library/Application Support/google-cloud-tools-java/managed-cloud-sdk/LATEST/google-cloud-sdk/lib/gcloud.py', u'components', u'post-process']
2020-10-27 09:13:03,667 DEBUG    ___FILE_ONLY___ 
2020-10-27 09:13:03,667 DEBUG    ___FILE_ONLY___ 
2020-10-27 09:13:03,866 INFO     ___FILE_ONLY___ 
Update done!


2020-10-27 09:13:03,867 INFO     ___FILE_ONLY___ To revert your SDK to the previously installed version, you may run:
  $ gcloud components update --version 314.0.0


2020-10-27 09:13:03,878 INFO     root            Display format: "none"
