2020-10-27 09:11:25,628 DEBUG    root            Loaded Command Group: [u'gcloud', u'components']
2020-10-27 09:11:25,635 DEBUG    root            Loaded Command Group: [u'gcloud', u'components', u'list']
2020-10-27 09:11:25,650 DEBUG    root            Running [gcloud.components.list] with arguments: [--filter: "state.name:Update Available", --format: "json"]
2020-10-27 09:11:26,171 INFO     ___FILE_ONLY___ 
Your current Cloud SDK version is: 314.0.0

2020-10-27 09:11:26,171 INFO     ___FILE_ONLY___ The latest available version is: 315.0.0

2020-10-27 09:11:26,171 INFO     ___FILE_ONLY___ 

2020-10-27 09:11:26,174 INFO     root            Display format: "table[box,title="Components"](state.name:label=Status,name:label=Name,id:label=ID,size.size(zero="",min=1048576):label=Size:align=right) json"
2020-10-27 09:11:26,175 INFO     ___FILE_ONLY___ [
  {
2020-10-27 09:11:26,176 INFO     ___FILE_ONLY___ 
    "current_version_string": "2020.10.09",
2020-10-27 09:11:26,176 INFO     ___FILE_ONLY___ 
    "id": "core",
2020-10-27 09:11:26,176 INFO     ___FILE_ONLY___ 
    "is_configuration": false,
2020-10-27 09:11:26,176 INFO     ___FILE_ONLY___ 
    "is_hidden": false,
2020-10-27 09:11:26,176 INFO     ___FILE_ONLY___ 
    "latest_version_string": "2020.10.16",
2020-10-27 09:11:26,176 INFO     ___FILE_ONLY___ 
    "name": "Cloud SDK Core Libraries",
2020-10-27 09:11:26,176 INFO     ___FILE_ONLY___ 
    "size": 16096173,
2020-10-27 09:11:26,176 INFO     ___FILE_ONLY___ 
    "state": {
2020-10-27 09:11:26,177 INFO     ___FILE_ONLY___ 
      "name": "Update Available"
2020-10-27 09:11:26,177 INFO     ___FILE_ONLY___ 
    }
2020-10-27 09:11:26,177 INFO     ___FILE_ONLY___ 
  }
2020-10-27 09:11:26,185 INFO     ___FILE_ONLY___ 
]

